
===========================================
===========================================
Starting case: Al: Te = 10.000 eV, Ti = 1.000 eV 

________________________
Generating NPA
T:  0.36749325397962324
Using More TF fit for initial Zstar = 2.997
	Intializing grid
Initializing, False
________________________
Generating NPA
T:  0.36749325397962324
Using More TF fit for initial Zstar = 2.997
	Intializing grid
Initializing, True
Initializing
	Creating Integral Equation Solver
/home/zach/plasma/average_atom/core/average_atom_new.py:238: RuntimeWarning: invalid value encountered in power
  nb_Mavrin_Demura_func = lambda r: np.nan_to_num(self.Z/(4*π*r_TF**3) * (Φ_Mavrin_Demura(x(r))/x(r) )**1.5)
Intialized Potentials and Densities
Initialized
Time to setup correlation sphere (CS) model: 2.833e+00 [s], time so far: 2.833e+00 [s]
Solving core.
Beginning self-consistent electron solver.
_________________________________
__________________________________________
TF Iteration 0
	μ = -1.272088376e+00, change: 1.359375249e+01 (converged=False)
	φe Err =  3.432e-11, φe change =  8.136e-01
	ne Err =  8.653e-02, ne change =  1.675e-03
	Q =  0.000e+00 -> -3.335e+00, 
	Zstar guess =  2.997e+00. Current Zstar:  2.997e+00 (converged=True)
	Change =  1.866e+00
__________________________________________
TF Iteration 1
	μ = -7.563293688e-02, change: 9.405442748e-01 (converged=False)
	φe Err =  3.760e-11, φe change =  7.691e-02
	ne Err =  1.359e-02, ne change =  9.537e-04
	Q = -3.335e+00 -> -6.999e-01, 
	Zstar guess =  2.997e+00. Current Zstar:  2.128e+00 (converged=False)
	Change =  1.023e+00
__________________________________________
TF Iteration 2
	μ = 2.668875698e-02, change: 1.352872149e+00 (converged=False)
	φe Err =  3.711e-11, φe change =  3.929e-03
	ne Err =  1.496e-02, ne change =  7.073e-04
	Q = -6.999e-01 -> -2.534e-01, 
	Zstar guess =  2.997e+00. Current Zstar:  2.106e+00 (converged=False)
	Change =  1.281e+00
__________________________________________
TF Iteration 3
	μ = 4.114731091e-02, change: 5.417469963e-01 (converged=False)
	φe Err =  3.804e-11, φe change =  9.549e-04
	ne Err =  1.114e-02, ne change =  4.966e-04
	Q = -2.534e-01 -> -1.437e-01, 
	Zstar guess =  2.997e+00. Current Zstar:  2.244e+00 (converged=False)
	Change =  2.962e-01
__________________________________________
TF Iteration 4
	μ = 3.714830923e-02, change: 9.718743688e-02 (converged=False)
	φe Err =  3.531e-11, φe change =  5.120e-04
	ne Err =  7.288e-03, ne change =  3.470e-04
	Q = -1.437e-01 -> -1.121e-01, 
	Zstar guess =  2.997e+00. Current Zstar:  2.365e+00 (converged=False)
	Change =  7.262e-02
__________________________________________
TF Iteration 5
	μ = 2.997701881e-02, change: 1.930448672e-01 (converged=False)
	φe Err =  3.787e-11, φe change =  3.924e-04
	ne Err =  4.629e-03, ne change =  2.418e-04
	Q = -1.121e-01 -> -9.799e-02, 
	Zstar guess =  2.997e+00. Current Zstar:  2.442e+00 (converged=False)
	Change =  1.505e-01
__________________________________________
TF Iteration 6
	μ = 2.387376655e-02, change: 2.035977061e-01 (converged=False)
	φe Err =  3.791e-11, φe change =  2.995e-04
	ne Err =  2.975e-03, ne change =  1.683e-04
	Q = -9.799e-02 -> -8.538e-02, 
	Zstar guess =  2.997e+00. Current Zstar:  2.485e+00 (converged=False)
	Change =  1.595e-01
__________________________________________
TF Iteration 7
	μ = 1.932619870e-02, change: 1.904838869e-01 (converged=False)
	φe Err =  3.661e-11, φe change =  2.250e-04
	ne Err =  1.970e-03, ne change =  1.170e-04
	Q = -8.538e-02 -> -7.254e-02, 
	Zstar guess =  2.997e+00. Current Zstar:  2.505e+00 (converged=False)
	Change =  1.483e-01
__________________________________________
TF Iteration 8
	μ = 1.603036119e-02, change: 1.705372877e-01 (converged=False)
	φe Err =  3.792e-11, φe change =  1.622e-04
	ne Err =  1.353e-03, ne change =  8.137e-05
	Q = -7.254e-02 -> -6.023e-02, 
	Zstar guess =  2.997e+00. Current Zstar:  2.511e+00 (converged=False)
	Change =  1.314e-01
__________________________________________
TF Iteration 9
	μ = 1.362219504e-02, change: 1.502253210e-01 (converged=False)
	φe Err =  3.663e-11, φe change =  1.118e-04
	ne Err =  9.651e-04, ne change =  5.657e-05
	Q = -6.023e-02 -> -4.919e-02, 
	Zstar guess =  2.997e+00. Current Zstar:  2.511e+00 (converged=False)
	Change =  1.146e-01
__________________________________________
TF Iteration 25
	μ = 5.847538842e-03, change: 8.291735540e-03 (converged=False)
	φe Err =  3.942e-11, φe change =  3.965e-07
	ne Err =  2.058e-05, ne change =  1.769e-07
	Q = -1.571e-03 -> -1.248e-03, 
	Zstar guess =  2.997e+00. Current Zstar:  2.457e+00 (converged=False)
	Change =  5.888e-03
__________________________________________
TF Iteration 50
	μ = 5.653333656e-03, change: 3.287198790e-05 (converged=False)
	φe Err =  3.778e-11, φe change =  1.730e-09
	ne Err =  7.286e-08, ne change =  2.304e-11
	Q = -5.526e-06 -> -4.421e-06, 
	Zstar guess =  2.997e+00. Current Zstar:  2.454e+00 (converged=False)
	Change =  2.325e-05
__________________________________________
TF Iteration 75
	μ = 5.652589164e-03, change: 1.279083713e-07 (converged=True)
	φe Err =  3.584e-11, φe change =  1.774e-11
	ne Err =  2.790e-10, ne change =  5.548e-14
	Q = -2.127e-08 -> -1.703e-08, 
	Zstar guess =  2.997e+00. Current Zstar:  2.454e+00 (converged=False)
	Change =  9.046e-08
__________________________________________
TF Iteration 100
	μ = 5.652586265e-03, change: 4.939147979e-10 (converged=True)
	φe Err =  3.619e-11, φe change =  1.657e-12
	ne Err =  1.084e-12, ne change =  1.771e-14
	Q = -8.292e-11 -> -6.634e-11, 
	Zstar guess =  2.997e+00. Current Zstar:  2.454e+00 (converged=False)
	Change =  3.500e-10
__________________________________________
TF Iteration 106
	μ = 5.652586258e-03, change: 1.769806524e-12 (converged=True)
	φe Err =  3.751e-11, φe change =  7.443e-12
	ne Err =  2.929e-13, ne change =  4.237e-14
	Q = -2.734e-11 -> -2.190e-11, 
	Zstar guess =  2.997e+00. Current Zstar:  2.454e+00 (converged=False)
	Change =  5.341e-12
Settin up and solving empty atom
________________________
Generating NPA
T:  0.36749325397962324
	Intializing grid
Initializing, True
Initializing
	Creating Integral Equation Solver
Intialized Potentials and Densities
Initialized
Beginning self-consistent electron solver.
_________________________________
__________________________________________
TF Iteration 0
	μ = 5.652586258e-03, change: 0.000000000e+00 (converged=True)
	φe Err =  7.374e-08, φe change =  3.319e-01
	ne Err =  1.090e-01, ne change =  2.286e-01
	Q =  0.000e+00 ->  1.060e+03, 
	Zstar guess =  2.454e+00. Current Zstar:  2.454e+00 (converged=True)
	Change =  5.258e-01
__________________________________________
TF Iteration 1
	μ = 5.652586258e-03, change: 0.000000000e+00 (converged=True)
	φe Err =  9.959e-08, φe change =  1.511e-01
	ne Err =  6.962e-02, ne change =  2.169e-01
	Q =  1.060e+03 ->  1.715e+03, 
	Zstar guess =  2.454e+00. Current Zstar:  2.454e+00 (converged=True)
	Change =  3.565e-01
__________________________________________
TF Iteration 2
	μ = 5.652586258e-03, change: 0.000000000e+00 (converged=True)
	φe Err =  1.174e-07, φe change =  1.121e-01
	ne Err =  3.168e-02, ne change =  1.969e-01
	Q =  1.715e+03 ->  1.994e+03, 
	Zstar guess =  2.454e+00. Current Zstar:  2.454e+00 (converged=True)
	Change =  3.073e-01
__________________________________________
TF Iteration 3
	μ = 5.652586258e-03, change: 0.000000000e+00 (converged=True)
	φe Err =  1.148e-07, φe change =  1.029e-01
	ne Err =  1.220e-02, ne change =  1.670e-01
	Q =  1.994e+03 ->  1.940e+03, 
	Zstar guess =  2.454e+00. Current Zstar:  2.454e+00 (converged=True)
	Change =  2.761e-01
__________________________________________
TF Iteration 4
	μ = 5.652586258e-03, change: 0.000000000e+00 (converged=True)
	φe Err =  1.158e-07, φe change =  1.048e-01
	ne Err =  3.370e-02, ne change =  1.322e-01
	Q =  1.940e+03 ->  1.621e+03, 
	Zstar guess =  2.454e+00. Current Zstar:  2.454e+00 (converged=True)
	Change =  2.441e-01
__________________________________________
TF Iteration 5
	μ = 5.652586258e-03, change: 0.000000000e+00 (converged=True)
	φe Err =  1.189e-07, φe change =  1.126e-01
	ne Err =  5.052e-02, ne change =  1.050e-01
	Q =  1.621e+03 ->  1.126e+03, 
	Zstar guess =  2.454e+00. Current Zstar:  2.454e+00 (converged=True)
	Change =  2.077e-01
__________________________________________
TF Iteration 6
	μ = 5.652586258e-03, change: 0.000000000e+00 (converged=True)
	φe Err =  1.078e-07, φe change =  1.252e-01
	ne Err =  5.740e-02, ne change =  9.448e-02
	Q =  1.126e+03 ->  5.589e+02, 
	Zstar guess =  2.454e+00. Current Zstar:  2.454e+00 (converged=True)
	Change =  1.714e-01
__________________________________________
TF Iteration 7
	μ = 5.652586258e-03, change: 0.000000000e+00 (converged=True)
	φe Err =  1.124e-07, φe change =  1.430e-01
	ne Err =  5.443e-02, ne change =  9.462e-02
	Q =  5.589e+02 ->  2.666e+01, 
	Zstar guess =  2.454e+00. Current Zstar:  2.454e+00 (converged=True)
	Change =  1.575e-01
__________________________________________
TF Iteration 8
	μ = 5.652586258e-03, change: 0.000000000e+00 (converged=True)
	φe Err =  1.125e-07, φe change =  1.675e-01
	ne Err =  4.368e-02, ne change =  9.635e-02
	Q =  2.666e+01 -> -3.836e+02, 
	Zstar guess =  2.454e+00. Current Zstar:  2.454e+00 (converged=True)
	Change =  2.222e-01
__________________________________________
TF Iteration 9
	μ = 5.652586258e-03, change: 0.000000000e+00 (converged=True)
	φe Err =  9.393e-08, φe change =  2.009e-01
	ne Err =  2.905e-02, ne change =  9.769e-02
	Q = -3.836e+02 -> -6.224e+02, 
	Zstar guess =  2.454e+00. Current Zstar:  2.454e+00 (converged=True)
	Change =  2.882e-01
__________________________________________
TF Iteration 25
	μ = 5.652586258e-03, change: 0.000000000e+00 (converged=True)
	φe Err =  1.024e-07, φe change =  3.837e-02
	ne Err =  1.558e-03, ne change =  9.594e-03
	Q = -8.155e+01 -> -8.041e+01, 
	Zstar guess =  2.454e+00. Current Zstar:  2.454e+00 (converged=True)
	Change =  4.721e-02
__________________________________________
TF Iteration 50
	μ = 5.652586258e-03, change: 0.000000000e+00 (converged=True)
	φe Err =  9.402e-08, φe change =  3.517e-04
	ne Err =  1.486e-04, ne change =  1.921e-04
	Q =  1.531e+01 ->  1.384e+01, 
	Zstar guess =  2.454e+00. Current Zstar:  2.454e+00 (converged=True)
	Change =  4.460e-04
__________________________________________
TF Iteration 75
	μ = 5.652586258e-03, change: 0.000000000e+00 (converged=True)
	φe Err =  1.039e-07, φe change =  1.889e-05
	ne Err =  2.381e-06, ne change =  7.023e-06
	Q =  1.308e+01 ->  1.310e+01, 
	Zstar guess =  2.454e+00. Current Zstar:  2.454e+00 (converged=True)
	Change =  2.560e-05
__________________________________________
TF Iteration 100
	μ = 5.652586258e-03, change: 0.000000000e+00 (converged=True)
	φe Err =  1.096e-07, φe change =  3.014e-07
	ne Err =  1.345e-07, ne change =  1.424e-07
	Q =  1.300e+01 ->  1.300e+01, 
	Zstar guess =  2.454e+00. Current Zstar:  2.454e+00 (converged=True)
	Change =  3.770e-07
__________________________________________
TF Iteration 125
	μ = 5.652586258e-03, change: 0.000000000e+00 (converged=True)
	φe Err =  9.714e-08, φe change =  1.755e-08
	ne Err =  4.201e-09, ne change =  6.480e-09
	Q =  1.301e+01 ->  1.301e+01, 
	Zstar guess =  2.454e+00. Current Zstar:  2.454e+00 (converged=True)
	Change =  2.455e-08
__________________________________________
TF Iteration 150
	μ = 5.652586258e-03, change: 0.000000000e+00 (converged=True)
	φe Err =  1.040e-07, φe change =  2.306e-10
	ne Err =  9.275e-11, ne change =  1.600e-10
	Q =  1.301e+01 ->  1.301e+01, 
	Zstar guess =  2.454e+00. Current Zstar:  2.454e+00 (converged=True)
	Change =  2.439e-10
__________________________________________
TF Iteration 158
	μ = 5.652586258e-03, change: 0.000000000e+00 (converged=True)
	φe Err =  1.005e-07, φe change =  8.630e-11
	ne Err =  2.869e-11, ne change =  6.458e-11
	Q =  1.301e+01 ->  1.301e+01, 
	Zstar guess =  2.454e+00. Current Zstar:  2.454e+00 (converged=True)
	Change =  7.520e-11
/home/zach/plasma/average_atom/core/aa_types.py:139: RuntimeWarning: divide by zero encountered in log
  log_nb_data = np.where(self.core_atom.nb==0, np.log(1e-20), np.log(self.core_atom.nb) )
Check combination is neutral: 13 = 1.300e+01
	Creating Integral Equation Solver
/home/zach/plasma/average_atom/core/aa_types.py:154: RuntimeWarning: invalid value encountered in power
  self.Uei_iet   = self.iet.FT_k_2_r(self.Uei_iet_k**self.rs**-3)
	-------------------
	Solving IET.
0: Initial condition Total Error: 2.199e+02
Exiting status 0, reverting to best index so far: 3942
Final iter:3943, Total Error: 9.992e-13
Time to solve SS model: 1.152e+02 [s], time so far: 1.180e+02 [s]
	-------------------
	Solving IET.
0: Initial condition Total Error: 2.199e+02
Exiting status 0, reverting to best index so far: 3942
Final iter:3943, Total Error: 9.992e-13
SS model saved.

Changing Ion parameters
/home/zach/plasma/average_atom/core/physics.py:142: RuntimeWarning: overflow encountered in exp
  f_fd = lambda q: 1/(1 + np.exp( 1/Te*(q**2/2 - μ ) ))
	-------------------
	Solving IET.
0: Initial condition Total Error: 2.190e+02
Exiting status 0, reverting to best index so far: 3567
Final iter:3568, Total Error: 9.979e-13

Changing Ion parameters
	-------------------
	Solving IET.
0: Initial condition Total Error: 2.190e+02
Exiting status 0, reverting to best index so far: 3319
Final iter:3320, Total Error: 9.936e-13

Changing Ion parameters
	-------------------
	Solving IET.
0: Initial condition Total Error: 2.193e+02
Exiting status 0, reverting to best index so far: 4087
Final iter:4088, Total Error: 9.993e-13
