
===========================================
===========================================
Starting case: Al: Te = 30.000 eV, Ti = 3.000 eV 

________________________
Generating NPA
T:  1.1024797619388698
Using More TF fit for initial Zstar = 4.208
	Intializing grid
Initializing, False
________________________
Generating NPA
T:  1.1024797619388698
Using More TF fit for initial Zstar = 4.208
	Intializing grid
Initializing, True
Initializing
	Creating Integral Equation Solver
/home/zach/plasma/average_atom/core/average_atom_new.py:238: RuntimeWarning: invalid value encountered in power
  nb_Mavrin_Demura_func = lambda r: np.nan_to_num(self.Z/(4*π*r_TF**3) * (Φ_Mavrin_Demura(x(r))/x(r) )**1.5)
Intialized Potentials and Densities
Initialized
Time to setup correlation sphere (CS) model: 2.772e+00 [s], time so far: 2.772e+00 [s]
Solving core.
Beginning self-consistent electron solver.
_________________________________
__________________________________________
TF Iteration 0
	μ = -2.946305923e+00, change: 1.097753752e+00 (converged=False)
	φe Err =  2.154e-10, φe change =  8.978e-01
	ne Err =  6.287e-02, ne change =  4.970e-04
	Q =  0.000e+00 -> -2.698e+00, 
	Zstar guess =  4.208e+00. Current Zstar:  4.208e+00 (converged=True)
	Change =  1.359e+00
__________________________________________
TF Iteration 1
	μ = -1.666234988e+00, change: 4.344664026e-01 (converged=False)
	φe Err =  2.364e-10, φe change =  7.397e-02
	ne Err =  2.780e-02, ne change =  3.249e-04
	Q = -2.698e+00 -> -4.673e-01, 
	Zstar guess =  4.208e+00. Current Zstar:  3.279e+00 (converged=False)
	Change =  4.578e-01
__________________________________________
TF Iteration 2
	μ = -1.491777986e+00, change: 1.047013193e-01 (converged=False)
	φe Err =  2.196e-10, φe change =  3.749e-03
	ne Err =  2.370e-02, ne change =  2.319e-04
	Q = -4.673e-01 -> -6.639e-02, 
	Zstar guess =  4.208e+00. Current Zstar:  3.309e+00 (converged=False)
	Change =  8.234e-02
__________________________________________
TF Iteration 3
	μ = -1.458632794e+00, change: 2.221858268e-02 (converged=False)
	φe Err =  2.279e-10, φe change =  5.703e-04
	ne Err =  1.606e-02, ne change =  1.630e-04
	Q = -6.639e-02 ->  4.956e-03, 
	Zstar guess =  4.208e+00. Current Zstar:  3.490e+00 (converged=False)
	Change =  1.624e-02
__________________________________________
TF Iteration 4
	μ = -1.460250856e+00, change: 1.109301009e-03 (converged=False)
	φe Err =  2.434e-10, φe change =  6.054e-04
	ne Err =  1.019e-02, ne change =  1.143e-04
	Q =  4.956e-03 ->  7.708e-04, 
	Zstar guess =  4.208e+00. Current Zstar:  3.650e+00 (converged=False)
	Change =  1.423e-03
__________________________________________
TF Iteration 5
	μ = -1.468299976e+00, change: 5.512148493e-03 (converged=False)
	φe Err =  2.244e-10, φe change =  3.874e-04
	ne Err =  6.363e-03, ne change =  7.998e-05
	Q =  7.708e-04 -> -1.236e-02, 
	Zstar guess =  4.208e+00. Current Zstar:  3.760e+00 (converged=False)
	Change =  4.232e-03
__________________________________________
TF Iteration 6
	μ = -1.475614620e+00, change: 4.981709498e-03 (converged=False)
	φe Err =  2.260e-10, φe change =  2.531e-04
	ne Err =  3.985e-03, ne change =  5.592e-05
	Q = -1.236e-02 -> -2.044e-02, 
	Zstar guess =  4.208e+00. Current Zstar:  3.829e+00 (converged=False)
	Change =  3.629e-03
__________________________________________
TF Iteration 7
	μ = -1.480995497e+00, change: 3.646532671e-03 (converged=False)
	φe Err =  2.212e-10, φe change =  1.928e-04
	ne Err =  2.518e-03, ne change =  3.908e-05
	Q = -2.044e-02 -> -2.307e-02, 
	Zstar guess =  4.208e+00. Current Zstar:  3.870e+00 (converged=False)
	Change =  2.666e-03
__________________________________________
TF Iteration 8
	μ = -1.484718794e+00, change: 2.514050261e-03 (converged=False)
	φe Err =  2.341e-10, φe change =  1.502e-04
	ne Err =  1.608e-03, ne change =  2.730e-05
	Q = -2.307e-02 -> -2.229e-02, 
	Zstar guess =  4.208e+00. Current Zstar:  3.893e+00 (converged=False)
	Change =  1.878e-03
__________________________________________
TF Iteration 9
	μ = -1.487261524e+00, change: 1.712600199e-03 (converged=False)
	φe Err =  2.258e-10, φe change =  1.121e-04
	ne Err =  1.041e-03, ne change =  1.907e-05
	Q = -2.229e-02 -> -1.984e-02, 
	Zstar guess =  4.208e+00. Current Zstar:  3.906e+00 (converged=False)
	Change =  1.298e-03
__________________________________________
TF Iteration 25
	μ = -1.493314508e+00, change: 1.164247380e-05 (converged=False)
	φe Err =  2.259e-10, φe change =  1.600e-07
	ne Err =  7.044e-06, ne change =  6.196e-08
	Q = -5.061e-04 -> -3.858e-04, 
	Zstar guess =  4.208e+00. Current Zstar:  3.908e+00 (converged=False)
	Change =  8.413e-06
__________________________________________
TF Iteration 50
	μ = -1.493369258e+00, change: 1.304836772e-08 (converged=True)
	φe Err =  2.275e-10, φe change =  2.666e-10
	ne Err =  7.918e-09, ne change =  8.255e-12
	Q = -5.608e-07 -> -4.277e-07, 
	Zstar guess =  4.208e+00. Current Zstar:  3.907e+00 (converged=False)
	Change =  9.530e-09
__________________________________________
TF Iteration 68
	μ = -1.493369320e+00, change: 1.196598376e-12 (converged=True)
	φe Err =  2.343e-10, φe change =  7.776e-12
	ne Err =  6.972e-11, ne change =  1.199e-14
	Q = -5.680e-09 -> -4.338e-09, 
	Zstar guess =  4.208e+00. Current Zstar:  3.907e+00 (converged=False)
	Change =  1.704e-12
Settin up and solving empty atom
________________________
Generating NPA
T:  1.1024797619388698
	Intializing grid
Initializing, True
Initializing
	Creating Integral Equation Solver
Intialized Potentials and Densities
Initialized
Beginning self-consistent electron solver.
_________________________________
__________________________________________
TF Iteration 0
	μ = -1.493369320e+00, change: 0.000000000e+00 (converged=True)
	φe Err =  1.915e-05, φe change =  2.644e-01
	ne Err =  4.656e-02, ne change =  2.193e-01
	Q =  0.000e+00 ->  7.557e+02, 
	Zstar guess =  3.907e+00. Current Zstar:  3.907e+00 (converged=True)
	Change =  4.551e-01
__________________________________________
TF Iteration 1
	μ = -1.493369320e+00, change: 0.000000000e+00 (converged=True)
	φe Err =  2.368e-05, φe change =  1.170e-01
	ne Err =  2.987e-02, ne change =  2.002e-01
	Q =  7.557e+02 ->  1.230e+03, 
	Zstar guess =  3.907e+00. Current Zstar:  3.907e+00 (converged=True)
	Change =  3.076e-01
__________________________________________
TF Iteration 2
	μ = -1.493369320e+00, change: 0.000000000e+00 (converged=True)
	φe Err =  2.444e-05, φe change =  9.664e-02
	ne Err =  1.509e-02, ne change =  1.711e-01
	Q =  1.230e+03 ->  1.463e+03, 
	Zstar guess =  3.907e+00. Current Zstar:  3.907e+00 (converged=True)
	Change =  2.666e-01
__________________________________________
TF Iteration 3
	μ = -1.493369320e+00, change: 0.000000000e+00 (converged=True)
	φe Err =  2.288e-05, φe change =  9.861e-02
	ne Err =  3.581e-03, ne change =  1.324e-01
	Q =  1.463e+03 ->  1.497e+03, 
	Zstar guess =  3.907e+00. Current Zstar:  3.907e+00 (converged=True)
	Change =  2.362e-01
__________________________________________
TF Iteration 4
	μ = -1.493369320e+00, change: 0.000000000e+00 (converged=True)
	φe Err =  2.464e-05, φe change =  1.075e-01
	ne Err =  7.285e-03, ne change =  8.903e-02
	Q =  1.497e+03 ->  1.379e+03, 
	Zstar guess =  3.907e+00. Current Zstar:  3.907e+00 (converged=True)
	Change =  2.025e-01
__________________________________________
TF Iteration 5
	μ = -1.493369320e+00, change: 0.000000000e+00 (converged=True)
	φe Err =  2.661e-05, φe change =  1.196e-01
	ne Err =  1.351e-02, ne change =  5.028e-02
	Q =  1.379e+03 ->  1.157e+03, 
	Zstar guess =  3.907e+00. Current Zstar:  3.907e+00 (converged=True)
	Change =  1.655e-01
__________________________________________
TF Iteration 6
	μ = -1.493369320e+00, change: 0.000000000e+00 (converged=True)
	φe Err =  2.332e-05, φe change =  1.336e-01
	ne Err =  1.706e-02, ne change =  3.373e-02
	Q =  1.157e+03 ->  8.772e+02, 
	Zstar guess =  3.907e+00. Current Zstar:  3.907e+00 (converged=True)
	Change =  1.450e-01
__________________________________________
TF Iteration 7
	μ = -1.493369320e+00, change: 0.000000000e+00 (converged=True)
	φe Err =  2.440e-05, φe change =  1.486e-01
	ne Err =  1.815e-02, ne change =  4.828e-02
	Q =  8.772e+02 ->  5.816e+02, 
	Zstar guess =  3.907e+00. Current Zstar:  3.907e+00 (converged=True)
	Change =  2.029e-01
__________________________________________
TF Iteration 8
	μ = -1.493369320e+00, change: 0.000000000e+00 (converged=True)
	φe Err =  2.558e-05, φe change =  1.630e-01
	ne Err =  1.720e-02, ne change =  6.729e-02
	Q =  5.816e+02 ->  3.039e+02, 
	Zstar guess =  3.907e+00. Current Zstar:  3.907e+00 (converged=True)
	Change =  2.474e-01
__________________________________________
TF Iteration 9
	μ = -1.493369320e+00, change: 0.000000000e+00 (converged=True)
	φe Err =  2.284e-05, φe change =  1.736e-01
	ne Err =  1.476e-02, ne change =  7.994e-02
	Q =  3.039e+02 ->  6.897e+01, 
	Zstar guess =  3.907e+00. Current Zstar:  3.907e+00 (converged=True)
	Change =  2.741e-01
__________________________________________
TF Iteration 25
	μ = -1.493369320e+00, change: 0.000000000e+00 (converged=True)
	φe Err =  2.335e-05, φe change =  6.155e-03
	ne Err =  6.986e-04, ne change =  2.773e-03
	Q =  6.905e+01 ->  5.751e+01, 
	Zstar guess =  3.907e+00. Current Zstar:  3.907e+00 (converged=True)
	Change =  9.029e-03
__________________________________________
TF Iteration 50
	μ = -1.493369320e+00, change: 0.000000000e+00 (converged=True)
	φe Err =  2.250e-05, φe change =  1.370e-04
	ne Err =  1.429e-05, ne change =  7.044e-05
	Q =  1.274e+01 ->  1.252e+01, 
	Zstar guess =  3.907e+00. Current Zstar:  3.907e+00 (converged=True)
	Change =  2.100e-04
__________________________________________
TF Iteration 75
	μ = -1.493369320e+00, change: 0.000000000e+00 (converged=True)
	φe Err =  2.236e-05, φe change =  2.225e-06
	ne Err =  3.427e-07, ne change =  3.320e-07
	Q =  1.299e+01 ->  1.299e+01, 
	Zstar guess =  3.907e+00. Current Zstar:  3.907e+00 (converged=True)
	Change =  2.542e-06
__________________________________________
TF Iteration 100
	μ = -1.493369320e+00, change: 0.000000000e+00 (converged=True)
	φe Err =  2.307e-05, φe change =  1.707e-08
	ne Err =  2.293e-09, ne change =  1.642e-08
	Q =  1.301e+01 ->  1.301e+01, 
	Zstar guess =  3.907e+00. Current Zstar:  3.907e+00 (converged=True)
	Change =  3.082e-08
__________________________________________
TF Iteration 125
	μ = -1.493369320e+00, change: 0.000000000e+00 (converged=True)
	φe Err =  2.196e-05, φe change =  7.215e-10
	ne Err =  1.339e-10, ne change =  1.789e-10
	Q =  1.301e+01 ->  1.301e+01, 
	Zstar guess =  3.907e+00. Current Zstar:  3.907e+00 (converged=True)
	Change =  9.463e-10
__________________________________________
TF Iteration 139
	μ = -1.493369320e+00, change: 0.000000000e+00 (converged=True)
	φe Err =  2.405e-05, φe change =  6.799e-11
	ne Err =  9.703e-12, ne change =  3.595e-11
	Q =  1.301e+01 ->  1.301e+01, 
	Zstar guess =  3.907e+00. Current Zstar:  3.907e+00 (converged=True)
	Change =  9.837e-11
/home/zach/plasma/average_atom/core/aa_types.py:138: RuntimeWarning: divide by zero encountered in log
  log_nb_data = np.where(self.core_atom.nb==0, np.log(1e-20), np.log(self.core_atom.nb) )
Check combination is neutral: 13 = 1.301e+01
	Creating Integral Equation Solver
/home/zach/plasma/average_atom/core/aa_types.py:153: RuntimeWarning: invalid value encountered in power
  self.Uei_iet   = self.iet.FT_k_2_r(self.Uei_iet_k**self.rs**-3)
	-------------------
	Solving IET.
0: Initial condition Total Error: 1.603e+02
Exiting status 0, reverting to best index so far: 3804
Final iter:3805, Total Error: 9.991e-13
Time to solve SS model: 1.592e+02 [s], time so far: 1.619e+02 [s]
	-------------------
	Solving IET.
0: Initial condition Total Error: 1.603e+02
Exiting status 0, reverting to best index so far: 3804
Final iter:3805, Total Error: 9.991e-13
SS model saved.

Changing Ion parameters
/home/zach/plasma/average_atom/core/physics.py:142: RuntimeWarning: overflow encountered in exp
  f_fd = lambda q: 1/(1 + np.exp( 1/Te*(q**2/2 - μ ) ))
	-------------------
	Solving IET.
0: Initial condition Total Error: 1.602e+02
Exiting status 0, reverting to best index so far: 3324
Final iter:3325, Total Error: 9.973e-13

Changing Ion parameters
	-------------------
	Solving IET.
0: Initial condition Total Error: 1.602e+02
Exiting status 0, reverting to best index so far: 3261
Final iter:3262, Total Error: 9.926e-13

Changing Ion parameters
	-------------------
	Solving IET.
0: Initial condition Total Error: 1.602e+02
Exiting status 0, reverting to best index so far: 3832
Final iter:3833, Total Error: 9.967e-13
