
===========================================
===========================================
Starting case: Ar: Te = 0.559 eV, Ti = 0.559 eV 

T[K]:  6490.541199633585
________________________
Generating NPA
T:  0.02055431053210747
Using More TF fit for initial Zstar = 0.568
	Intializing grid
Initializing, True
Initializing
	Creating Integral Equation Solver
Intialized Potentials and Densities
Initialized
Time to setup correlation sphere (IS) model: 7.790e-01 [s], time so far: 7.790e-01 [s]
Beginning self-consistent electron solver.
_________________________________
__________________________________________
TF Iteration 0
	μ = -1.693308820e+00, change: 4.205248336e+01 (converged=False)
	φe Err =  3.904e-11, φe change =  9.720e-01
	ne Err =  1.089e-01, ne change =  2.109e-04
	Q =  0.000e+00 -> -3.184e+01, 
	Zstar guess =  5.679e-01. Current Zstar:  5.679e-01 (converged=True)
	Change =  1.942e+00
__________________________________________
TF Iteration 1
	μ = -1.692600229e+00, change: 4.184654246e-04 (converged=False)
	φe Err =  4.345e-11, φe change =  6.361e-02
	ne Err =  1.937e-01, ne change =  1.542e-04
	Q = -3.184e+01 -> -2.330e+01, 
	Zstar guess =  5.679e-01. Current Zstar:  5.679e-01 (converged=True)
	Change =  7.150e-02
__________________________________________
TF Iteration 2
	μ = -1.691946036e+00, change: 3.865015399e-04 (converged=False)
	φe Err =  3.880e-11, φe change =  1.525e-02
	ne Err =  1.385e-01, ne change =  1.262e-04
	Q = -2.330e+01 -> -1.663e+01, 
	Zstar guess =  5.679e-01. Current Zstar:  5.679e-01 (converged=True)
	Change =  1.544e-02
__________________________________________
TF Iteration 3
	μ = -1.691390859e+00, change: 3.281292278e-04 (converged=False)
	φe Err =  4.080e-11, φe change =  1.830e-02
	ne Err =  8.938e-02, ne change =  1.043e-04
	Q = -1.663e+01 -> -1.159e+01, 
	Zstar guess =  5.679e-01. Current Zstar:  5.679e-01 (converged=True)
	Change =  2.008e-02
__________________________________________
TF Iteration 4
	μ = -1.690940911e+00, change: 2.660225772e-04 (converged=False)
	φe Err =  3.880e-11, φe change =  1.218e-02
	ne Err =  6.415e-02, ne change =  8.549e-05
	Q = -1.159e+01 -> -7.884e+00, 
	Zstar guess =  5.679e-01. Current Zstar:  5.679e-01 (converged=True)
	Change =  1.385e-02
__________________________________________
TF Iteration 5
	μ = -1.690578885e+00, change: 2.140973367e-04 (converged=False)
	φe Err =  3.819e-11, φe change =  5.856e-03
	ne Err =  5.549e-02, ne change =  6.923e-05
	Q = -7.884e+00 -> -5.181e+00, 
	Zstar guess =  5.679e-01. Current Zstar:  5.679e-01 (converged=True)
	Change =  6.829e-03
__________________________________________
TF Iteration 6
	μ = -1.690276109e+00, change: 1.790963878e-04 (converged=False)
	φe Err =  3.863e-11, φe change =  2.262e-03
	ne Err =  4.946e-02, ne change =  5.543e-05
	Q = -5.181e+00 -> -3.195e+00, 
	Zstar guess =  5.679e-01. Current Zstar:  5.679e-01 (converged=True)
	Change =  1.910e-03
__________________________________________
TF Iteration 7
	μ = -1.690006545e+00, change: 1.594792195e-04 (converged=False)
	φe Err =  4.043e-11, φe change =  2.052e-03
	ne Err =  4.179e-02, ne change =  4.403e-05
	Q = -3.195e+00 -> -1.705e+00, 
	Zstar guess =  5.679e-01. Current Zstar:  5.679e-01 (converged=True)
	Change =  8.961e-04
__________________________________________
TF Iteration 8
	μ = -1.689753500e+00, change: 1.497302087e-04 (converged=False)
	φe Err =  4.009e-11, φe change =  2.165e-03
	ne Err =  3.367e-02, ne change =  3.484e-05
	Q = -1.705e+00 -> -5.610e-01, 
	Zstar guess =  5.679e-01. Current Zstar:  5.679e-01 (converged=True)
	Change =  1.629e-03
__________________________________________
TF Iteration 9
	μ = -1.689508602e+00, change: 1.449311008e-04 (converged=False)
	φe Err =  3.880e-11, φe change =  1.832e-03
	ne Err =  2.649e-02, ne change =  2.755e-05
	Q = -5.610e-01 ->  3.310e-01, 
	Zstar guess =  5.679e-01. Current Zstar:  5.679e-01 (converged=True)
	Change =  1.542e-03
__________________________________________
TF Iteration 25
	μ = -6.907166379e-01, change: 1.751252979e-04 (converged=False)
	φe Err =  3.994e-11, φe change =  2.946e-04
	ne Err =  1.801e-03, ne change =  7.048e-07
	Q =  1.999e+00 ->  2.023e+00, 
	Zstar guess =  5.679e-01. Current Zstar:  5.679e-01 (converged=True)
	Change =  4.328e-04
__________________________________________
TF Iteration 50
	μ = -2.480063023e-01, change: 2.778589217e-01 (converged=False)
	φe Err =  4.144e-11, φe change =  1.812e-06
	ne Err =  1.191e-02, ne change =  5.850e-09
	Q =  1.279e+00 ->  1.250e+00, 
	Zstar guess =  1.277e+00. Current Zstar:  5.962e-01 (converged=False)
	Change =  2.253e-01
__________________________________________
TF Iteration 75
	μ = -1.369284369e-01, change: 1.847073945e-04 (converged=False)
	φe Err =  3.893e-11, φe change =  6.169e-05
	ne Err =  5.901e-04, ne change =  3.531e-09
	Q =  6.168e-01 ->  6.128e-01, 
	Zstar guess =  6.155e-01. Current Zstar:  5.970e-01 (converged=False)
	Change =  1.958e-04
__________________________________________
TF Iteration 100
	μ = -7.090298693e-02, change: 1.621746981e-01 (converged=False)
	φe Err =  4.113e-11, φe change =  8.135e-07
	ne Err =  2.065e-03, ne change =  5.247e-10
	Q =  3.421e-01 ->  3.411e-01, 
	Zstar guess =  3.818e-01. Current Zstar:  5.962e-01 (converged=False)
	Change =  1.243e-01
__________________________________________
TF Iteration 125
	μ = -5.718532575e-02, change: 4.655743802e-05 (converged=False)
	φe Err =  4.021e-11, φe change =  8.360e-06
	ne Err =  1.142e-04, ne change =  1.026e-09
	Q =  1.118e-01 ->  1.058e-01, 
	Zstar guess =  2.823e-01. Current Zstar:  5.986e-01 (converged=False)
	Change =  4.173e-05
__________________________________________
TF Iteration 150
	μ = -5.242345800e-02, change: 6.817836518e-03 (converged=False)
	φe Err =  4.058e-11, φe change =  9.700e-08
	ne Err =  3.143e-04, ne change =  3.331e-11
	Q =  3.070e-02 ->  9.825e-02, 
	Zstar guess =  2.736e-01. Current Zstar:  5.302e-01 (converged=False)
	Change =  4.837e-03
__________________________________________
TF Iteration 175
	μ = -5.247754289e-02, change: 1.910979084e-05 (converged=False)
	φe Err =  4.020e-11, φe change =  1.799e-07
	ne Err =  5.628e-04, ne change =  3.059e-11
	Q = -1.315e-03 ->  1.310e-01, 
	Zstar guess =  2.659e-01. Current Zstar:  3.977e-01 (converged=False)
	Change =  1.371e-05
__________________________________________
TF Iteration 200
	μ = -5.676566308e-02, change: 4.014558210e-02 (converged=False)
	φe Err =  4.106e-11, φe change =  4.957e-08
	ne Err =  1.951e-04, ne change =  3.285e-11
	Q = -2.193e-02 ->  7.734e-02, 
	Zstar guess =  2.523e-01. Current Zstar:  2.982e-01 (converged=False)
	Change =  2.782e-02
__________________________________________
TF Iteration 225
	μ = -5.823342555e-02, change: 2.548098192e-05 (converged=False)
	φe Err =  3.851e-11, φe change =  1.038e-06
	ne Err =  3.746e-04, ne change =  1.393e-10
	Q = -1.373e-02 ->  4.805e-02, 
	Zstar guess =  2.427e-01. Current Zstar:  2.368e-01 (converged=False)
	Change =  1.912e-05
__________________________________________
TF Iteration 250
	μ = -6.075666307e-02, change: 9.312634804e-03 (converged=False)
	φe Err =  3.870e-11, φe change =  4.125e-08
	ne Err =  6.381e-05, ne change =  2.144e-11
	Q = -1.688e-02 -> -1.314e-02, 
	Zstar guess =  2.337e-01. Current Zstar:  2.332e-01 (converged=False)
	Change =  6.554e-03
__________________________________________
TF Iteration 275
	μ = -6.115766489e-02, change: 4.945691872e-07 (converged=True)
	φe Err =  4.067e-11, φe change =  2.358e-07
	ne Err =  1.030e-05, ne change =  3.021e-11
	Q = -3.459e-03 -> -4.773e-03, 
	Zstar guess =  2.353e-01. Current Zstar:  2.347e-01 (converged=False)
	Change =  5.975e-07
__________________________________________
TF Iteration 300
	μ = -6.117524606e-02, change: 7.415842713e-04 (converged=False)
	φe Err =  3.991e-11, φe change =  1.646e-09
	ne Err =  6.153e-06, ne change =  2.336e-13
	Q = -3.180e-04 -> -2.243e-03, 
	Zstar guess =  2.359e-01. Current Zstar:  2.366e-01 (converged=False)
	Change =  5.246e-04
__________________________________________
TF Iteration 325
	μ = -6.116163596e-02, change: 1.098419911e-07 (converged=True)
	φe Err =  3.875e-11, φe change =  1.169e-08
	ne Err =  2.952e-06, ne change =  1.559e-12
	Q =  1.379e-04 ->  5.875e-04, 
	Zstar guess =  2.362e-01. Current Zstar:  2.362e-01 (converged=False)
	Change =  9.016e-08
__________________________________________
TF Iteration 350
	μ = -6.116831445e-02, change: 3.726022914e-05 (converged=False)
	φe Err =  4.074e-11, φe change =  1.330e-10
	ne Err =  2.237e-07, ne change =  7.765e-14
	Q = -5.025e-05 -> -2.546e-05, 
	Zstar guess =  2.361e-01. Current Zstar:  2.361e-01 (converged=False)
	Change =  2.635e-05
__________________________________________
TF Iteration 375
	μ = -6.116990409e-02, change: 5.511264778e-10 (converged=True)
	φe Err =  4.057e-11, φe change =  9.656e-10
	ne Err =  8.406e-08, ne change =  1.234e-13
	Q = -1.391e-05 -> -2.336e-05, 
	Zstar guess =  2.361e-01. Current Zstar:  2.361e-01 (converged=False)
	Change =  1.398e-09
__________________________________________
TF Iteration 400
	μ = -6.116975653e-02, change: 5.020204497e-06 (converged=True)
	φe Err =  4.168e-11, φe change =  1.306e-11
	ne Err =  3.865e-08, ne change =  8.378e-16
	Q = -3.496e-07 -> -1.170e-05, 
	Zstar guess =  2.361e-01. Current Zstar:  2.362e-01 (converged=False)
	Change =  3.550e-06
__________________________________________
TF Iteration 425
	μ = -6.116963813e-02, change: 6.239089245e-10 (converged=True)
	φe Err =  4.124e-11, φe change =  9.523e-11
	ne Err =  2.261e-08, ne change =  1.394e-14
	Q =  1.148e-06 ->  4.049e-06, 
	Zstar guess =  2.362e-01. Current Zstar:  2.362e-01 (converged=True)
	Change =  5.437e-10
__________________________________________
TF Iteration 450
	μ = -6.116966073e-02, change: 7.732620944e-08 (converged=True)
	φe Err =  3.948e-11, φe change =  2.091e-12
	ne Err =  5.504e-09, ne change =  4.130e-16
	Q = -2.319e-07 -> -3.357e-07, 
	Zstar guess =  2.362e-01. Current Zstar:  2.362e-01 (converged=True)
	Change =  5.468e-08
__________________________________________
TF Iteration 475
	μ = -6.116966484e-02, change: 9.960854364e-11 (converged=True)
	φe Err =  3.986e-11, φe change =  1.811e-12
	ne Err =  3.092e-09, ne change =  1.942e-16
	Q = -3.203e-08 ->  2.198e-07, 
	Zstar guess =  2.362e-01. Current Zstar:  2.362e-01 (converged=True)
	Change =  7.136e-11
__________________________________________
TF Iteration 500
	μ = -6.116966178e-02, change: 1.460011591e-07 (converged=True)
	φe Err =  3.996e-11, φe change =  9.724e-12
	ne Err =  1.690e-09, ne change =  2.944e-15
	Q = -4.664e-08 -> -4.325e-07, 
	Zstar guess =  2.362e-01. Current Zstar:  2.362e-01 (converged=True)
	Change =  1.032e-07
__________________________________________
TF Iteration 525
	μ = -6.116965914e-02, change: 5.501010758e-11 (converged=True)
	φe Err =  4.049e-11, φe change =  2.229e-12
	ne Err =  9.056e-10, ne change =  2.560e-16
	Q =  2.694e-08 -> -7.970e-08, 
	Zstar guess =  2.362e-01. Current Zstar:  2.362e-01 (converged=True)
	Change =  4.046e-11
__________________________________________
TF Iteration 550
	μ = -6.116965379e-02, change: 1.730265708e-08 (converged=True)
	φe Err =  3.969e-11, φe change =  4.631e-13
	ne Err =  3.352e-10, ne change =  1.664e-15
	Q =  3.710e-08 ->  3.740e-08, 
	Zstar guess =  2.362e-01. Current Zstar:  2.362e-01 (converged=True)
	Change =  1.223e-08
__________________________________________
TF Iteration 575
	μ = -6.116965284e-02, change: 3.055333764e-12 (converged=True)
	φe Err =  3.997e-11, φe change =  3.327e-12
	ne Err =  1.372e-10, ne change =  2.024e-16
	Q =  8.196e-09 ->  7.155e-09, 
	Zstar guess =  2.362e-01. Current Zstar:  2.362e-01 (converged=True)
	Change =  4.034e-12
__________________________________________
TF Iteration 587
	μ = -6.116965264e-02, change: 1.661448756e-12 (converged=True)
	φe Err =  4.017e-11, φe change =  1.259e-12
	ne Err =  9.985e-11, ne change =  5.752e-16
	Q =  4.484e-09 ->  4.337e-09, 
	Zstar guess =  2.362e-01. Current Zstar:  2.362e-01 (converged=True)
	Change =  1.717e-12
/home/zach/plasma/average_atom/core/average_atom_new.py:499: RuntimeWarning: divide by zero encountered in divide
  rel_errs = (np.abs(A @ φe - b)[:-1]/b[:-1])
	-------------------
	Solving IET.
0: Initial condition Total Error: 1.623e+00
/home/zach/plasma/hnc/hnc/hnc.py:648: RuntimeWarning: overflow encountered in exp
  hnc_err = np.linalg.norm(- 1 - self.h_r_matrix   + np.exp( -self.βu_r_matrix + self.h_r_matrix - self.c_r_matrix ))/np.sqrt(self.N_bins*self.N_species**2)
/home/zach/plasma/hnc/hnc/hnc.py:432: RuntimeWarning: overflow encountered in exp
  tot_eqn =  1 + h_r_matrix  - np.exp(-self.βu_s_r_matrix + h_r_matrix - c_s_r_matrix )
/home/zach/plasma/hnc/hnc/hnc.py:518: RuntimeWarning: overflow encountered in exp
  h_r_matrix = -1 + np.exp(γs_r_matrix - self.βu_s_r_matrix) # 2. γ_r,u_s_r  -> h_r   (HNC)
/home/zach/plasma/hnc/hnc/hnc.py:656: RuntimeWarning: invalid value encountered in subtract
  Δ_err = np.array(self.tot_err_list[-iters_to_check:-2]) - np.array(self.tot_err_list[-iters_to_check + 1:-1])
QUIT: Total error infinite.
Exiting status 1, reverting to best index so far: 0
Final iter:21, Total Error: 1.623e+00
	-------------------
	Solving IET.
0: Initial condition Total Error: 1.623e+00
QUIT: Total error infinite.
Exiting status 1, reverting to best index so far: 0
Final iter:21, Total Error: 1.623e+00
Time to solve CS model: 2.332e+02 [s], time so far: 2.340e+02 [s]
CS model saved.
/home/zach/plasma/average_atom/core/average_atom_new.py:499: RuntimeWarning: invalid value encountered in divide
  rel_errs = (np.abs(A @ φe - b)[:-1]/b[:-1])
Ee_pot_density = -1.186e-01 [au], Ee_K = 6.053e-02 [au], Ee_tot = -5.804e-02 [au]
P_e = 3.888e-07 [au], 1.144e-04 [Mbar]
Virial if 6.542e+02 = 6.408e+02 --->  off by 2.101e+00 % 

βEe_pot/Z = -3463.804, βEe_K/Z = 1768.306, βEe_tot/Z = -1695.499
βP_e Ω/Z = 0.011
