
===========================================
===========================================
Starting case: Ar: Te = 1.217 eV, Ti = 1.217 eV 

T[K]:  14117.29985341698
________________________
Generating NPA
T:  0.04470680581742384
Using More TF fit for initial Zstar = 0.859
	Intializing grid
Initializing, True
Initializing
	Creating Integral Equation Solver
Intialized Potentials and Densities
Initialized
Time to setup correlation sphere (IS) model: 8.556e-01 [s], time so far: 8.556e-01 [s]
Beginning self-consistent electron solver.
_________________________________
__________________________________________
TF Iteration 0
	μ = -1.862867550e+00, change: 1.448295780e+01 (converged=False)
	φe Err =  4.055e-11, φe change =  9.795e-01
	ne Err =  1.123e-01, ne change =  2.110e-04
	Q =  0.000e+00 -> -3.195e+01, 
	Zstar guess =  8.592e-01. Current Zstar:  8.592e-01 (converged=True)
	Change =  1.909e+00
__________________________________________
TF Iteration 1
	μ = -1.861303994e+00, change: 8.393277124e-04 (converged=False)
	φe Err =  3.925e-11, φe change =  6.690e-02
	ne Err =  2.009e-01, ne change =  1.536e-04
	Q = -3.195e+01 -> -2.335e+01, 
	Zstar guess =  8.592e-01. Current Zstar:  8.592e-01 (converged=True)
	Change =  7.551e-02
__________________________________________
TF Iteration 2
	μ = -1.859855796e+00, change: 7.780556034e-04 (converged=False)
	φe Err =  4.223e-11, φe change =  1.566e-02
	ne Err =  1.446e-01, ne change =  1.259e-04
	Q = -2.335e+01 -> -1.662e+01, 
	Zstar guess =  8.592e-01. Current Zstar:  8.592e-01 (converged=True)
	Change =  1.604e-02
__________________________________________
TF Iteration 3
	μ = -1.858622016e+00, change: 6.633735347e-04 (converged=False)
	φe Err =  4.064e-11, φe change =  1.915e-02
	ne Err =  9.383e-02, ne change =  1.042e-04
	Q = -1.662e+01 -> -1.154e+01, 
	Zstar guess =  8.592e-01. Current Zstar:  8.592e-01 (converged=True)
	Change =  2.119e-02
__________________________________________
TF Iteration 4
	μ = -1.857620462e+00, change: 5.388693511e-04 (converged=False)
	φe Err =  3.714e-11, φe change =  1.301e-02
	ne Err =  6.690e-02, ne change =  8.553e-05
	Q = -1.154e+01 -> -7.784e+00, 
	Zstar guess =  8.592e-01. Current Zstar:  8.592e-01 (converged=True)
	Change =  1.495e-02
__________________________________________
TF Iteration 5
	μ = -1.856817566e+00, change: 4.322173828e-04 (converged=False)
	φe Err =  3.832e-11, φe change =  6.484e-03
	ne Err =  5.736e-02, ne change =  6.937e-05
	Q = -7.784e+00 -> -5.044e+00, 
	Zstar guess =  8.592e-01. Current Zstar:  8.592e-01 (converged=True)
	Change =  7.704e-03
__________________________________________
TF Iteration 6
	μ = -1.856152615e+00, change: 3.581134147e-04 (converged=False)
	φe Err =  3.974e-11, φe change =  2.526e-03
	ne Err =  5.122e-02, ne change =  5.561e-05
	Q = -5.044e+00 -> -3.033e+00, 
	Zstar guess =  8.592e-01. Current Zstar:  8.592e-01 (converged=True)
	Change =  2.492e-03
__________________________________________
TF Iteration 7
	μ = -1.855568351e+00, change: 3.147716437e-04 (converged=False)
	φe Err =  3.942e-11, φe change =  2.034e-03
	ne Err =  4.356e-02, ne change =  4.420e-05
	Q = -3.033e+00 -> -1.526e+00, 
	Zstar guess =  8.592e-01. Current Zstar:  8.592e-01 (converged=True)
	Change =  7.917e-04
__________________________________________
TF Iteration 8
	μ = -1.855026783e+00, change: 2.918606577e-04 (converged=False)
	φe Err =  3.848e-11, φe change =  2.193e-03
	ne Err =  3.530e-02, ne change =  3.498e-05
	Q = -1.526e+00 -> -3.729e-01, 
	Zstar guess =  8.592e-01. Current Zstar:  8.592e-01 (converged=True)
	Change =  1.677e-03
__________________________________________
TF Iteration 9
	μ = -1.854507919e+00, change: 2.797071552e-04 (converged=False)
	φe Err =  3.812e-11, φe change =  1.904e-03
	ne Err =  2.788e-02, ne change =  2.764e-05
	Q = -3.729e-01 ->  5.249e-01, 
	Zstar guess =  8.592e-01. Current Zstar:  8.592e-01 (converged=True)
	Change =  1.665e-03
__________________________________________
TF Iteration 25
	μ = -7.479764484e-01, change: 2.782828901e-04 (converged=False)
	φe Err =  3.930e-11, φe change =  3.104e-04
	ne Err =  1.801e-03, ne change =  6.977e-07
	Q =  2.107e+00 ->  2.131e+00, 
	Zstar guess =  8.592e-01. Current Zstar:  8.592e-01 (converged=True)
	Change =  5.218e-04
