
===========================================
===========================================
Starting case: Ar: Te = 0.461 eV, Ti = 0.461 eV 

T[K]:  5344.575653098138
________________________
Generating NPA
T:  0.01692525542281773
Using More TF fit for initial Zstar = 0.516
	Intializing grid
Initializing, True
Initializing
	Creating Integral Equation Solver
Intialized Potentials and Densities
Initialized
Time to setup correlation sphere (IS) model: 6.360e-01 [s], time so far: 6.360e-01 [s]
Beginning self-consistent electron solver.
_________________________________
__________________________________________
TF Iteration 0
	μ = -1.651358340e+00, change: 5.615928824e+01 (converged=False)
	φe Err =  3.861e-11, φe change =  9.698e-01
	ne Err =  1.062e-01, ne change =  2.108e-04
	Q =  0.000e+00 -> -3.095e+01, 
	Zstar guess =  5.162e-01. Current Zstar:  5.162e-01 (converged=True)
	Change =  1.945e+00
__________________________________________
TF Iteration 1
	μ = -1.650779017e+00, change: 3.508161407e-04 (converged=False)
	φe Err =  4.241e-11, φe change =  6.227e-02
	ne Err =  1.901e-01, ne change =  1.544e-04
	Q = -3.095e+01 -> -2.260e+01, 
	Zstar guess =  5.162e-01. Current Zstar:  5.162e-01 (converged=True)
	Change =  6.993e-02
__________________________________________
TF Iteration 2
	μ = -1.650245323e+00, change: 3.232978866e-04 (converged=False)
	φe Err =  3.917e-11, φe change =  1.510e-02
	ne Err =  1.354e-01, ne change =  1.264e-04
	Q = -2.260e+01 -> -1.609e+01, 
	Zstar guess =  5.162e-01. Current Zstar:  5.162e-01 (converged=True)
	Change =  1.530e-02
__________________________________________
TF Iteration 3
	μ = -1.649793840e+00, change: 2.735856246e-04 (converged=False)
	φe Err =  3.857e-11, φe change =  1.792e-02
	ne Err =  8.709e-02, ne change =  1.044e-04
	Q = -1.609e+01 -> -1.119e+01, 
	Zstar guess =  5.162e-01. Current Zstar:  5.162e-01 (converged=True)
	Change =  1.965e-02
__________________________________________
TF Iteration 4
	μ = -1.649429025e+00, change: 2.211274612e-04 (converged=False)
	φe Err =  4.048e-11, φe change =  1.179e-02
	ne Err =  6.263e-02, ne change =  8.546e-05
	Q = -1.119e+01 -> -7.581e+00, 
	Zstar guess =  5.162e-01. Current Zstar:  5.162e-01 (converged=True)
	Change =  1.339e-02
__________________________________________
TF Iteration 5
	μ = -1.649135858e+00, change: 1.777384484e-04 (converged=False)
	φe Err =  4.096e-11, φe change =  5.567e-03
	ne Err =  5.434e-02, ne change =  6.915e-05
	Q = -7.581e+00 -> -4.960e+00, 
	Zstar guess =  5.162e-01. Current Zstar:  5.162e-01 (converged=True)
	Change =  6.470e-03
__________________________________________
TF Iteration 6
	μ = -1.648890332e+00, change: 1.488816238e-04 (converged=False)
	φe Err =  3.853e-11, φe change =  2.150e-03
	ne Err =  4.836e-02, ne change =  5.534e-05
	Q = -4.960e+00 -> -3.037e+00, 
	Zstar guess =  5.162e-01. Current Zstar:  5.162e-01 (converged=True)
	Change =  1.689e-03
__________________________________________
TF Iteration 7
	μ = -1.648671094e+00, change: 1.329612586e-04 (converged=False)
	φe Err =  3.843e-11, φe change =  2.048e-03
	ne Err =  4.073e-02, ne change =  4.396e-05
	Q = -3.037e+00 -> -1.594e+00, 
	Zstar guess =  5.162e-01. Current Zstar:  5.162e-01 (converged=True)
	Change =  9.597e-04
__________________________________________
TF Iteration 8
	μ = -1.648464708e+00, change: 1.251829996e-04 (converged=False)
	φe Err =  3.807e-11, φe change =  2.137e-03
	ne Err =  3.272e-02, ne change =  3.479e-05
	Q = -1.594e+00 -> -4.855e-01, 
	Zstar guess =  5.162e-01. Current Zstar:  5.162e-01 (converged=True)
	Change =  1.622e-03
__________________________________________
TF Iteration 9
	μ = -1.648264553e+00, change: 1.214189933e-04 (converged=False)
	φe Err =  3.983e-11, φe change =  1.789e-03
	ne Err =  2.570e-02, ne change =  2.751e-05
	Q = -4.855e-01 ->  3.792e-01, 
	Zstar guess =  5.162e-01. Current Zstar:  5.162e-01 (converged=True)
	Change =  1.504e-03
__________________________________________
TF Iteration 25
	μ = -6.787137904e-01, change: 1.502575879e-04 (converged=False)
	φe Err =  3.994e-11, φe change =  2.905e-04
	ne Err =  1.779e-03, ne change =  7.067e-07
	Q =  1.977e+00 ->  2.000e+00, 
	Zstar guess =  5.162e-01. Current Zstar:  5.162e-01 (converged=True)
	Change =  4.111e-04
__________________________________________
TF Iteration 50
	μ = -2.423259745e-01, change: 2.814087323e-01 (converged=False)
	φe Err =  3.930e-11, φe change =  1.829e-06
	ne Err =  1.182e-02, ne change =  5.819e-09
	Q =  1.263e+00 ->  1.216e+00, 
	Zstar guess =  1.261e+00. Current Zstar:  5.619e-01 (converged=False)
	Change =  2.285e-01
__________________________________________
TF Iteration 75
	μ = -1.313020120e-01, change: 1.749890400e-04 (converged=False)
	φe Err =  3.908e-11, φe change =  6.136e-05
	ne Err =  6.537e-04, ne change =  3.317e-09
	Q =  6.081e-01 ->  6.020e-01, 
	Zstar guess =  6.046e-01. Current Zstar:  5.646e-01 (converged=False)
	Change =  1.885e-04
__________________________________________
TF Iteration 100
	μ = -6.267502136e-02, change: 1.920899490e-01 (converged=False)
	φe Err =  4.023e-11, φe change =  8.753e-07
	ne Err =  2.283e-03, ne change =  5.404e-10
	Q =  3.456e-01 ->  3.463e-01, 
	Zstar guess =  3.594e-01. Current Zstar:  5.623e-01 (converged=False)
	Change =  1.494e-01
__________________________________________
TF Iteration 125
	μ = -4.661612652e-02, change: 6.939525613e-05 (converged=False)
	φe Err =  4.189e-11, φe change =  9.880e-06
	ne Err =  1.802e-04, ne change =  1.244e-09
	Q =  1.296e-01 ->  1.202e-01, 
	Zstar guess =  2.318e-01. Current Zstar:  5.684e-01 (converged=False)
	Change =  5.950e-05
