
===========================================
===========================================
Starting case: Ar: Te = 0.118 eV, Ti = 0.118 eV 

T[K]:  1371.9536974306902
________________________
Generating NPA
T:  0.004344716636920106
Using More TF fit for initial Zstar = 0.301
	Intializing grid
Initializing, True
Initializing
	Creating Integral Equation Solver
Intialized Potentials and Densities
Initialized
Time to setup correlation sphere (IS) model: 6.112e-01 [s], time so far: 6.112e-01 [s]
Beginning self-consistent electron solver.
_________________________________
__________________________________________
TF Iteration 0
	μ = -1.358527998e+00, change: 1.276784017e+05 (converged=False)
	φe Err =  4.031e-11, φe change =  9.507e-01
	ne Err =  8.207e-02, ne change =  2.103e-04
	Q =  0.000e+00 -> -2.154e+01, 
	Zstar guess =  3.013e-01. Current Zstar:  3.013e-01 (converged=True)
	Change =  1.940e+00
__________________________________________
TF Iteration 1
	μ = -1.358389862e+00, change: 1.016802026e-04 (converged=False)
	φe Err =  4.253e-11, φe change =  5.106e-02
	ne Err =  1.587e-01, ne change =  1.565e-04
	Q = -2.154e+01 -> -1.522e+01, 
	Zstar guess =  3.013e-01. Current Zstar:  3.013e-01 (converged=True)
	Change =  5.703e-02
__________________________________________
TF Iteration 2
	μ = -1.358265665e+00, change: 9.143003142e-05 (converged=False)
	φe Err =  4.135e-11, φe change =  1.365e-02
	ne Err =  1.085e-01, ne change =  1.277e-04
	Q = -1.522e+01 -> -1.038e+01, 
	Zstar guess =  3.013e-01. Current Zstar:  3.013e-01 (converged=True)
	Change =  1.407e-02
__________________________________________
TF Iteration 3
	μ = -1.358164289e+00, change: 7.463584190e-05 (converged=False)
	φe Err =  4.014e-11, φe change =  1.447e-02
	ne Err =  6.706e-02, ne change =  1.047e-04
	Q = -1.038e+01 -> -6.829e+00, 
	Zstar guess =  3.013e-01. Current Zstar:  3.013e-01 (converged=True)
	Change =  1.590e-02
__________________________________________
TF Iteration 4
	μ = -1.358085069e+00, change: 5.832933758e-05 (converged=False)
	φe Err =  4.033e-11, φe change =  8.373e-03
	ne Err =  4.931e-02, ne change =  8.516e-05
	Q = -6.829e+00 -> -4.311e+00, 
	Zstar guess =  3.013e-01. Current Zstar:  3.013e-01 (converged=True)
	Change =  9.521e-03
__________________________________________
TF Iteration 5
	μ = -1.358022234e+00, change: 4.626698557e-05 (converged=False)
	φe Err =  4.024e-11, φe change =  3.213e-03
	ne Err =  4.363e-02, ne change =  6.849e-05
	Q = -4.311e+00 -> -2.532e+00, 
	Zstar guess =  3.013e-01. Current Zstar:  3.013e-01 (converged=True)
	Change =  3.590e-03
__________________________________________
TF Iteration 6
	μ = -1.357968896e+00, change: 3.927639806e-05 (converged=False)
	φe Err =  3.978e-11, φe change =  1.601e-03
	ne Err =  3.790e-02, ne change =  5.461e-05
	Q = -2.532e+00 -> -1.245e+00, 
	Zstar guess =  3.013e-01. Current Zstar:  3.013e-01 (converged=True)
	Change =  9.742e-05
__________________________________________
TF Iteration 7
	μ = -1.357920067e+00, change: 3.595718214e-05 (converged=False)
	φe Err =  3.968e-11, φe change =  1.964e-03
	ne Err =  3.084e-02, ne change =  4.334e-05
	Q = -1.245e+00 -> -2.802e-01, 
	Zstar guess =  3.013e-01. Current Zstar:  3.013e-01 (converged=True)
	Change =  1.393e-03
__________________________________________
TF Iteration 8
	μ = -1.357873174e+00, change: 3.453276922e-05 (converged=False)
	φe Err =  4.059e-11, φe change =  1.799e-03
	ne Err =  2.413e-02, ne change =  3.434e-05
	Q = -2.802e-01 ->  4.634e-01, 
	Zstar guess =  3.013e-01. Current Zstar:  3.013e-01 (converged=True)
	Change =  1.502e-03
__________________________________________
TF Iteration 9
	μ = -1.357827179e+00, change: 3.387278643e-05 (converged=False)
	φe Err =  3.866e-11, φe change =  1.365e-03
	ne Err =  1.870e-02, ne change =  2.722e-05
	Q =  4.634e-01 ->  1.045e+00, 
	Zstar guess =  3.013e-01. Current Zstar:  3.013e-01 (converged=True)
	Change =  1.185e-03
__________________________________________
TF Iteration 25
	μ = -5.955001847e-01, change: 4.344607467e-05 (converged=False)
	φe Err =  3.934e-11, φe change =  2.584e-04
	ne Err =  1.543e-03, ne change =  7.199e-07
	Q =  1.825e+00 ->  1.840e+00, 
	Zstar guess =  3.013e-01. Current Zstar:  3.013e-01 (converged=True)
	Change =  3.023e-04
__________________________________________
TF Iteration 50
	μ = -2.130220337e-01, change: 2.890799733e-01 (converged=False)
	φe Err =  4.258e-11, φe change =  1.826e-06
	ne Err =  1.071e-02, ne change =  5.506e-09
	Q =  1.148e+00 ->  1.038e+00, 
	Zstar guess =  1.146e+00. Current Zstar:  4.099e-01 (converged=False)
	Change =  2.356e-01
__________________________________________
TF Iteration 75
	μ = -1.109292172e-01, change: 6.466937885e-05 (converged=False)
	φe Err =  4.027e-11, φe change =  5.638e-05
	ne Err =  7.858e-04, ne change =  2.616e-09
	Q =  5.486e-01 ->  5.249e-01, 
	Zstar guess =  5.442e-01. Current Zstar:  4.305e-01 (converged=False)
	Change =  1.051e-04
