
===========================================
===========================================
Starting case: Ar: Te = 0.713 eV, Ti = 0.713 eV 

T[K]:  8274.476246970959
________________________
Generating NPA
T:  0.02620369381221857
Using More TF fit for initial Zstar = 0.643
	Intializing grid
Initializing, True
Initializing
	Creating Integral Equation Solver
Intialized Potentials and Densities
Initialized
Time to setup correlation sphere (IS) model: 4.247e-01 [s], time so far: 4.247e-01 [s]
Beginning self-consistent electron solver.
_________________________________
__________________________________________
TF Iteration 0
	μ = -1.745545873e+00, change: 2.978345038e+01 (converged=False)
	φe Err =  3.839e-11, φe change =  9.746e-01
	ne Err =  1.114e-01, ne change =  2.109e-04
	Q =  0.000e+00 -> -3.255e+01, 
	Zstar guess =  6.431e-01. Current Zstar:  6.431e-01 (converged=True)
	Change =  1.936e+00
__________________________________________
TF Iteration 1
	μ = -1.744636008e+00, change: 5.212496694e-04 (converged=False)
	φe Err =  4.086e-11, φe change =  6.504e-02
	ne Err =  1.973e-01, ne change =  1.539e-04
	Q = -3.255e+01 -> -2.385e+01, 
	Zstar guess =  6.431e-01. Current Zstar:  6.431e-01 (converged=True)
	Change =  7.319e-02
__________________________________________
TF Iteration 2
	μ = -1.743794279e+00, change: 4.824664009e-04 (converged=False)
	φe Err =  4.071e-11, φe change =  1.541e-02
	ne Err =  1.416e-01, ne change =  1.261e-04
	Q = -2.385e+01 -> -1.705e+01, 
	Zstar guess =  6.431e-01. Current Zstar:  6.431e-01 (converged=True)
	Change =  1.562e-02
__________________________________________
TF Iteration 3
	μ = -1.743077861e+00, change: 4.108388510e-04 (converged=False)
	φe Err =  3.934e-11, φe change =  1.869e-02
	ne Err =  9.170e-02, ne change =  1.042e-04
	Q = -1.705e+01 -> -1.190e+01, 
	Zstar guess =  6.431e-01. Current Zstar:  6.431e-01 (converged=True)
	Change =  2.054e-02
__________________________________________
TF Iteration 4
	μ = -1.742495725e+00, change: 3.339701103e-04 (converged=False)
	φe Err =  3.976e-11, φe change =  1.258e-02
	ne Err =  6.568e-02, ne change =  8.552e-05
	Q = -1.190e+01 -> -8.108e+00, 
	Zstar guess =  6.431e-01. Current Zstar:  6.431e-01 (converged=True)
	Change =  1.433e-02
__________________________________________
TF Iteration 5
	μ = -1.742027014e+00, change: 2.689881410e-04 (converged=False)
	φe Err =  3.901e-11, φe change =  6.158e-03
	ne Err =  5.662e-02, ne change =  6.930e-05
	Q = -8.108e+00 -> -5.337e+00, 
	Zstar guess =  6.431e-01. Current Zstar:  6.431e-01 (converged=True)
	Change =  7.215e-03
__________________________________________
TF Iteration 6
	μ = -1.741635801e+00, change: 2.245734102e-04 (converged=False)
	φe Err =  3.931e-11, φe change =  2.387e-03
	ne Err =  5.053e-02, ne change =  5.552e-05
	Q = -5.337e+00 -> -3.299e+00, 
	Zstar guess =  6.431e-01. Current Zstar:  6.431e-01 (converged=True)
	Change =  2.154e-03
__________________________________________
TF Iteration 7
	μ = -1.741288783e+00, change: 1.992488465e-04 (converged=False)
	φe Err =  4.053e-11, φe change =  2.053e-03
	ne Err =  4.283e-02, ne change =  4.411e-05
	Q = -3.299e+00 -> -1.771e+00, 
	Zstar guess =  6.431e-01. Current Zstar:  6.431e-01 (converged=True)
	Change =  8.318e-04
__________________________________________
TF Iteration 8
	μ = -1.740964204e+00, change: 1.864011800e-04 (converged=False)
	φe Err =  3.930e-11, φe change =  2.190e-03
	ne Err =  3.460e-02, ne change =  3.491e-05
	Q = -1.771e+00 -> -5.981e-01, 
	Zstar guess =  6.431e-01. Current Zstar:  6.431e-01 (converged=True)
	Change =  1.639e-03
__________________________________________
TF Iteration 9
	μ = -1.740650908e+00, change: 1.799556704e-04 (converged=False)
	φe Err =  3.940e-11, φe change =  1.874e-03
	ne Err =  2.727e-02, ne change =  2.759e-05
	Q = -5.981e-01 ->  3.159e-01, 
	Zstar guess =  6.431e-01. Current Zstar:  6.431e-01 (converged=True)
	Change =  1.586e-03
__________________________________________
TF Iteration 25
	μ = -7.064451592e-01, change: 2.083230374e-04 (converged=False)
	φe Err =  3.867e-11, φe change =  2.995e-04
	ne Err =  1.818e-03, ne change =  7.025e-07
	Q =  2.029e+00 ->  2.053e+00, 
	Zstar guess =  6.431e-01. Current Zstar:  6.431e-01 (converged=True)
	Change =  4.614e-04
__________________________________________
TF Iteration 50
	μ = -2.566166303e-01, change: 2.717346648e-01 (converged=False)
	φe Err =  4.020e-11, φe change =  1.785e-06
	ne Err =  1.196e-02, ne change =  5.880e-09
	Q =  1.300e+00 ->  1.297e+00, 
	Zstar guess =  1.298e+00. Current Zstar:  6.455e-01 (converged=False)
	Change =  2.197e-01
__________________________________________
TF Iteration 75
	μ = -1.464327588e-01, change: 1.739197679e-04 (converged=False)
	φe Err =  3.927e-11, φe change =  6.161e-05
	ne Err =  4.960e-04, ne change =  3.740e-09
	Q =  6.240e-01 ->  6.203e-01, 
	Zstar guess =  6.328e-01. Current Zstar:  6.455e-01 (converged=False)
	Change =  1.881e-04
__________________________________________
TF Iteration 100
	μ = -8.599008174e-02, change: 1.189949535e-01 (converged=False)
	φe Err =  4.144e-11, φe change =  7.403e-07
	ne Err =  1.695e-03, ne change =  4.824e-10
	Q =  3.194e-01 ->  3.171e-01, 
	Zstar guess =  4.279e-01. Current Zstar:  6.455e-01 (converged=False)
	Change =  8.929e-02
__________________________________________
TF Iteration 125
	μ = -7.542554724e-02, change: 2.570767170e-05 (converged=False)
	φe Err =  3.823e-11, φe change =  6.314e-06
	ne Err =  6.735e-05, ne change =  7.072e-10
	Q =  8.515e-02 ->  8.192e-02, 
	Zstar guess =  3.627e-01. Current Zstar:  6.453e-01 (converged=False)
	Change =  2.482e-05
__________________________________________
TF Iteration 150
	μ = -7.173835159e-02, change: 8.930061463e-03 (converged=False)
	φe Err =  4.146e-11, φe change =  5.873e-08
	ne Err =  4.681e-05, ne change =  2.525e-11
	Q =  2.046e-02 ->  3.856e-03, 
	Zstar guess =  3.587e-01. Current Zstar:  6.614e-01 (converged=False)
	Change =  6.343e-03
__________________________________________
TF Iteration 175
	μ = -7.122375351e-02, change: 1.323431820e-05 (converged=False)
	φe Err =  3.999e-11, φe change =  3.137e-07
	ne Err =  6.155e-04, ne change =  3.207e-11
	Q =  4.340e-03 ->  1.695e-01, 
	Zstar guess =  3.589e-01. Current Zstar:  4.960e-01 (converged=False)
	Change =  9.688e-06
__________________________________________
TF Iteration 200
	μ = -7.548021163e-02, change: 2.991245419e-02 (converged=False)
	φe Err =  3.934e-11, φe change =  4.760e-08
	ne Err =  2.569e-04, ne change =  3.386e-11
	Q = -1.937e-02 ->  1.045e-01, 
	Zstar guess =  3.438e-01. Current Zstar:  3.720e-01 (converged=False)
	Change =  2.084e-02
__________________________________________
TF Iteration 225
	μ = -7.701416516e-02, change: 1.347996680e-05 (converged=False)
	φe Err =  4.035e-11, φe change =  1.052e-06
	ne Err =  2.241e-04, ne change =  1.263e-10
	Q = -1.352e-02 ->  3.074e-02, 
	Zstar guess =  3.322e-01. Current Zstar:  3.281e-01 (converged=False)
	Change =  1.064e-05
__________________________________________
TF Iteration 250
	μ = -7.873249976e-02, change: 4.131215351e-03 (converged=False)
	φe Err =  3.938e-11, φe change =  2.766e-08
	ne Err =  4.157e-05, ne change =  1.478e-11
	Q = -1.081e-02 -> -9.352e-03, 
	Zstar guess =  3.269e-01. Current Zstar:  3.268e-01 (converged=False)
	Change =  2.915e-03
__________________________________________
TF Iteration 275
	μ = -7.897775304e-02, change: 3.623965623e-07 (converged=True)
	φe Err =  4.303e-11, φe change =  1.432e-07
	ne Err =  3.958e-06, ne change =  1.631e-11
	Q = -2.051e-03 -> -2.609e-03, 
	Zstar guess =  3.279e-01. Current Zstar:  3.274e-01 (converged=False)
	Change =  4.065e-07
__________________________________________
TF Iteration 300
	μ = -7.901283920e-02, change: 1.709502958e-04 (converged=False)
	φe Err =  4.061e-11, φe change =  9.599e-10
	ne Err =  3.599e-06, ne change =  2.945e-13
	Q = -2.978e-04 -> -1.321e-03, 
	Zstar guess =  3.281e-01. Current Zstar:  3.285e-01 (converged=False)
	Change =  1.209e-04
__________________________________________
TF Iteration 325
	μ = -7.900979174e-02, change: 3.175256857e-08 (converged=True)
	φe Err =  4.120e-11, φe change =  3.126e-09
	ne Err =  1.020e-06, ne change =  3.879e-13
	Q =  3.083e-05 ->  2.280e-04, 
	Zstar guess =  3.283e-01. Current Zstar:  3.283e-01 (converged=False)
	Change =  2.578e-08
__________________________________________
TF Iteration 350
	μ = -7.901262098e-02, change: 8.930663104e-06 (converged=True)
	φe Err =  3.980e-11, φe change =  5.021e-11
	ne Err =  7.881e-08, ne change =  2.917e-14
	Q = -1.926e-05 -> -1.394e-05, 
	Zstar guess =  3.283e-01. Current Zstar:  3.283e-01 (converged=True)
	Change =  6.315e-06
__________________________________________
TF Iteration 375
	μ = -7.901316556e-02, change: 6.779419248e-10 (converged=True)
	φe Err =  3.876e-11, φe change =  3.267e-10
	ne Err =  1.229e-08, ne change =  3.649e-14
	Q = -4.588e-06 -> -6.585e-06, 
	Zstar guess =  3.283e-01. Current Zstar:  3.283e-01 (converged=True)
	Change =  8.223e-10
__________________________________________
TF Iteration 400
	μ = -7.901323912e-02, change: 3.277140537e-07 (converged=True)
	φe Err =  4.074e-11, φe change =  7.287e-12
	ne Err =  6.885e-09, ne change =  1.565e-15
	Q = -5.872e-07 -> -2.538e-06, 
	Zstar guess =  3.283e-01. Current Zstar:  3.283e-01 (converged=True)
	Change =  2.317e-07
__________________________________________
TF Iteration 425
	μ = -7.901323283e-02, change: 3.765210366e-11 (converged=True)
	φe Err =  4.019e-11, φe change =  7.049e-12
	ne Err =  1.466e-09, ne change =  3.314e-15
	Q =  6.303e-08 ->  3.467e-07, 
	Zstar guess =  3.283e-01. Current Zstar:  3.283e-01 (converged=True)
	Change =  3.394e-11
__________________________________________
TF Iteration 439
	μ = -7.901323381e-02, change: 1.094613289e-11 (converged=True)
	φe Err =  4.436e-11, φe change =  1.563e-11
	ne Err =  9.258e-11, ne change =  5.424e-15
	Q = -1.487e-09 -> -7.047e-09, 
	Zstar guess =  3.283e-01. Current Zstar:  3.283e-01 (converged=True)
	Change =  1.517e-11
	-------------------
	Solving IET.
0: Initial condition Total Error: 2.465e+00
QUIT: Total error infinite.
Exiting status 1, reverting to best index so far: 20
Final iter:25, Total Error: 3.323e-01
	-------------------
	Solving IET.
0: Initial condition Total Error: 2.465e+00
QUIT: Total error infinite.
Exiting status 1, reverting to best index so far: 20
Final iter:25, Total Error: 3.323e-01
Time to solve CS model: 1.490e+02 [s], time so far: 1.494e+02 [s]
CS model saved.
Ee_pot_density = -1.186e-01 [au], Ee_K = 6.053e-02 [au], Ee_tot = -5.804e-02 [au]
P_e = 6.861e-07 [au], 2.019e-04 [Mbar]
Virial if 6.542e+02 = 6.408e+02 --->  off by 2.100e+00 % 

βEe_pot/Z = -2716.989, βEe_K/Z = 1387.045, βEe_tot/Z = -1329.945
βP_e Ω/Z = 0.016
