
===========================================
===========================================
Starting case: Ar: Te = 0.647 eV, Ti = 0.647 eV 

T[K]:  7508.560294793744
________________________
Generating NPA
T:  0.023778183544533343
Using More TF fit for initial Zstar = 0.612
	Intializing grid
Initializing, True
Initializing
	Creating Integral Equation Solver
Intialized Potentials and Densities
Initialized
Time to setup correlation sphere (IS) model: 3.829e-01 [s], time so far: 3.829e-01 [s]
Beginning self-consistent electron solver.
_________________________________
__________________________________________
TF Iteration 0
	μ = -1.724651799e+00, change: 3.412830477e+01 (converged=False)
	φe Err =  3.845e-11, φe change =  9.736e-01
	ne Err =  1.105e-01, ne change =  2.109e-04
	Q =  0.000e+00 -> -3.233e+01, 
	Zstar guess =  6.115e-01. Current Zstar:  6.115e-01 (converged=True)
	Change =  1.939e+00
__________________________________________
TF Iteration 1
	μ = -1.723828319e+00, change: 4.774761165e-04 (converged=False)
	φe Err =  4.064e-11, φe change =  6.450e-02
	ne Err =  1.959e-01, ne change =  1.540e-04
	Q = -3.233e+01 -> -2.368e+01, 
	Zstar guess =  6.115e-01. Current Zstar:  6.115e-01 (converged=True)
	Change =  7.255e-02
__________________________________________
TF Iteration 2
	μ = -1.723067055e+00, change: 4.416122490e-04 (converged=False)
	φe Err =  4.050e-11, φe change =  1.535e-02
	ne Err =  1.404e-01, ne change =  1.261e-04
	Q = -2.368e+01 -> -1.692e+01, 
	Zstar guess =  6.115e-01. Current Zstar:  6.115e-01 (converged=True)
	Change =  1.555e-02
__________________________________________
TF Iteration 3
	μ = -1.722419782e+00, change: 3.756517613e-04 (converged=False)
	φe Err =  3.830e-11, φe change =  1.854e-02
	ne Err =  9.086e-02, ne change =  1.043e-04
	Q = -1.692e+01 -> -1.181e+01, 
	Zstar guess =  6.115e-01. Current Zstar:  6.115e-01 (converged=True)
	Change =  2.037e-02
__________________________________________
TF Iteration 4
	μ = -1.721894286e+00, change: 3.050918336e-04 (converged=False)
	φe Err =  4.159e-11, φe change =  1.243e-02
	ne Err =  6.513e-02, ne change =  8.551e-05
	Q = -1.181e+01 -> -8.042e+00, 
	Zstar guess =  6.115e-01. Current Zstar:  6.115e-01 (converged=True)
	Change =  1.415e-02
__________________________________________
TF Iteration 5
	μ = -1.721471240e+00, change: 2.456865969e-04 (converged=False)
	φe Err =  3.986e-11, φe change =  6.046e-03
	ne Err =  5.622e-02, ne change =  6.927e-05
	Q = -8.042e+00 -> -5.292e+00, 
	Zstar guess =  6.115e-01. Current Zstar:  6.115e-01 (converged=True)
	Change =  7.071e-03
__________________________________________
TF Iteration 6
	μ = -1.721117835e+00, change: 2.052921379e-04 (converged=False)
	φe Err =  3.950e-11, φe change =  2.340e-03
	ne Err =  5.014e-02, ne change =  5.548e-05
	Q = -5.292e+00 -> -3.272e+00, 
	Zstar guess =  6.115e-01. Current Zstar:  6.115e-01 (converged=True)
	Change =  2.062e-03
__________________________________________
TF Iteration 7
	μ = -1.720803887e+00, change: 1.824093418e-04 (converged=False)
	φe Err =  4.037e-11, φe change =  2.053e-03
	ne Err =  4.246e-02, ne change =  4.408e-05
	Q = -3.272e+00 -> -1.755e+00, 
	Zstar guess =  6.115e-01. Current Zstar:  6.115e-01 (converged=True)
	Change =  8.550e-04
__________________________________________
TF Iteration 8
	μ = -1.720509811e+00, change: 1.708948650e-04 (converged=False)
	φe Err =  4.120e-11, φe change =  2.182e-03
	ne Err =  3.427e-02, ne change =  3.488e-05
	Q = -1.755e+00 -> -5.919e-01, 
	Zstar guess =  6.115e-01. Current Zstar:  6.115e-01 (converged=True)
	Change =  1.635e-03
__________________________________________
TF Iteration 9
	μ = -1.720225635e+00, change: 1.651695553e-04 (converged=False)
	φe Err =  3.790e-11, φe change =  1.859e-03
	ne Err =  2.699e-02, ne change =  2.757e-05
	Q = -5.919e-01 ->  3.151e-01, 
	Zstar guess =  6.115e-01. Current Zstar:  6.115e-01 (converged=True)
	Change =  1.569e-03
__________________________________________
TF Iteration 25
	μ = -7.000186122e-01, change: 1.948724730e-04 (converged=False)
	φe Err =  3.867e-11, φe change =  2.975e-04
	ne Err =  1.813e-03, ne change =  7.034e-07
	Q =  2.017e+00 ->  2.041e+00, 
	Zstar guess =  6.115e-01. Current Zstar:  6.115e-01 (converged=True)
	Change =  4.499e-04
__________________________________________
TF Iteration 50
	μ = -2.529330958e-01, change: 2.744248827e-01 (converged=False)
	φe Err =  4.172e-11, φe change =  1.797e-06
	ne Err =  1.195e-02, ne change =  5.870e-09
	Q =  1.292e+00 ->  1.277e+00, 
	Zstar guess =  1.290e+00. Current Zstar:  6.249e-01 (converged=False)
	Change =  2.221e-01
__________________________________________
TF Iteration 75
	μ = -1.422172357e-01, change: 1.869008728e-04 (converged=False)
	φe Err =  3.947e-11, φe change =  6.174e-05
	ne Err =  5.350e-04, ne change =  3.673e-09
	Q =  6.220e-01 ->  6.186e-01, 
	Zstar guess =  6.252e-01. Current Zstar:  6.249e-01 (converged=False)
	Change =  1.974e-04
__________________________________________
TF Iteration 100
	μ = -7.919819810e-02, change: 1.365825653e-01 (converged=False)
	φe Err =  3.997e-11, φe change =  7.698e-07
	ne Err =  1.852e-03, ne change =  5.024e-10
	Q =  3.314e-01 ->  3.294e-01, 
	Zstar guess =  4.066e-01. Current Zstar:  6.249e-01 (converged=False)
	Change =  1.034e-01
__________________________________________
TF Iteration 125
	μ = -6.738483130e-02, change: 3.282269783e-05 (converged=False)
	φe Err =  4.060e-11, φe change =  7.120e-06
	ne Err =  8.189e-05, ne change =  8.332e-10
	Q =  9.592e-02 ->  9.229e-02, 
	Zstar guess =  3.284e-01. Current Zstar:  6.249e-01 (converged=False)
	Change =  3.070e-05
__________________________________________
TF Iteration 150
	μ = -6.325806644e-02, change: 9.430235676e-03 (converged=False)
	φe Err =  4.158e-11, φe change =  7.119e-08
	ne Err =  9.586e-05, ne change =  2.829e-11
	Q =  2.404e-02 ->  2.474e-02, 
	Zstar guess =  3.230e-01. Current Zstar:  6.235e-01 (converged=False)
	Change =  6.700e-03
__________________________________________
TF Iteration 175
	μ = -6.280842760e-02, change: 1.983382199e-05 (converged=False)
	φe Err =  4.065e-11, φe change =  2.515e-07
	ne Err =  5.491e-04, ne change =  3.534e-11
	Q =  3.734e-03 -> -1.524e-01, 
	Zstar guess =  3.215e-01. Current Zstar:  7.794e-01 (converged=False)
	Change =  1.429e-05
__________________________________________
TF Iteration 200
	μ = -6.073738115e-02, change: 2.900878065e-03 (converged=False)
	φe Err =  3.734e-11, φe change =  4.046e-08
	ne Err =  6.692e-04, ne change =  2.116e-11
	Q =  1.703e-02 ->  2.120e-01, 
	Zstar guess =  3.332e-01. Current Zstar:  5.846e-01 (converged=False)
	Change =  2.054e-03
__________________________________________
TF Iteration 225
	μ = -6.247621487e-02, change: 2.415206151e-05 (converged=False)
	φe Err =  3.963e-11, φe change =  1.371e-06
	ne Err =  5.902e-04, ne change =  1.787e-10
	Q = -1.663e-02 ->  1.296e-01, 
	Zstar guess =  3.171e-01. Current Zstar:  4.384e-01 (converged=False)
	Change =  1.853e-05
__________________________________________
TF Iteration 250
	μ = -6.767167374e-02, change: 3.585892917e-02 (converged=False)
	φe Err =  3.931e-11, φe change =  6.248e-08
	ne Err =  2.051e-04, ne change =  3.852e-11
	Q = -2.540e-02 ->  8.426e-02, 
	Zstar guess =  3.039e-01. Current Zstar:  3.288e-01 (converged=False)
	Change =  2.491e-02
__________________________________________
TF Iteration 275
	μ = -6.920609623e-02, change: 1.480617412e-05 (converged=False)
	φe Err =  4.119e-11, φe change =  1.052e-06
	ne Err =  2.172e-04, ne change =  1.315e-10
	Q = -1.382e-02 ->  2.579e-02, 
	Zstar guess =  2.933e-01. Current Zstar:  2.896e-01 (converged=False)
	Change =  1.158e-05
__________________________________________
TF Iteration 300
	μ = -7.089562258e-02, change: 4.626779602e-03 (converged=False)
	φe Err =  3.856e-11, φe change =  2.763e-08
	ne Err =  4.178e-05, ne change =  1.423e-11
	Q = -1.085e-02 -> -9.335e-03, 
	Zstar guess =  2.884e-01. Current Zstar:  2.882e-01 (converged=False)
	Change =  3.264e-03
__________________________________________
TF Iteration 325
	μ = -7.113974598e-02, change: 3.619677003e-07 (converged=True)
	φe Err =  3.993e-11, φe change =  1.421e-07
	ne Err =  4.448e-06, ne change =  1.702e-11
	Q = -2.064e-03 -> -2.657e-03, 
	Zstar guess =  2.894e-01. Current Zstar:  2.889e-01 (converged=False)
	Change =  4.051e-07
__________________________________________
TF Iteration 350
	μ = -7.116464226e-02, change: 2.850105737e-04 (converged=False)
	φe Err =  3.952e-11, φe change =  9.617e-10
	ne Err =  3.936e-06, ne change =  2.448e-13
	Q = -2.665e-04 -> -1.445e-03, 
	Zstar guess =  2.897e-01. Current Zstar:  2.901e-01 (converged=False)
	Change =  2.016e-04
__________________________________________
TF Iteration 375
	μ = -7.115910959e-02, change: 4.883765836e-08 (converged=True)
	φe Err =  3.882e-11, φe change =  5.022e-09
	ne Err =  1.451e-06, ne change =  6.422e-13
	Q =  5.524e-05 ->  3.117e-04, 
	Zstar guess =  2.899e-01. Current Zstar:  2.898e-01 (converged=False)
	Change =  3.988e-08
__________________________________________
TF Iteration 400
	μ = -7.116289636e-02, change: 1.495020855e-05 (converged=False)
	φe Err =  3.823e-11, φe change =  6.169e-11
	ne Err =  1.082e-07, ne change =  4.544e-14
	Q = -2.686e-05 -> -1.701e-05, 
	Zstar guess =  2.898e-01. Current Zstar:  2.898e-01 (converged=True)
	Change =  1.057e-05
__________________________________________
TF Iteration 425
	μ = -7.116369278e-02, change: 8.600642420e-10 (converged=True)
	φe Err =  4.104e-11, φe change =  4.781e-10
	ne Err =  2.288e-08, ne change =  5.611e-14
	Q = -6.830e-06 -> -1.034e-05, 
	Zstar guess =  2.898e-01. Current Zstar:  2.898e-01 (converged=True)
	Change =  1.110e-09
__________________________________________
TF Iteration 450
	μ = -7.116376605e-02, change: 7.911021307e-07 (converged=True)
	φe Err =  4.065e-11, φe change =  1.280e-11
	ne Err =  1.048e-08, ne change =  2.804e-15
	Q = -7.044e-07 -> -3.866e-06, 
	Zstar guess =  2.898e-01. Current Zstar:  2.898e-01 (converged=True)
	Change =  5.594e-07
__________________________________________
TF Iteration 475
	μ = -7.116374878e-02, change: 7.729572538e-11 (converged=True)
	φe Err =  4.145e-11, φe change =  1.772e-11
	ne Err =  3.017e-09, ne change =  3.555e-15
	Q =  1.697e-07 ->  6.934e-07, 
	Zstar guess =  2.898e-01. Current Zstar:  2.898e-01 (converged=True)
	Change =  7.294e-11
__________________________________________
TF Iteration 500
	μ = -7.116375328e-02, change: 2.417716027e-08 (converged=True)
	φe Err =  3.977e-11, φe change =  3.566e-12
	ne Err =  2.022e-10, ne change =  2.664e-15
	Q = -3.454e-08 -> -1.109e-08, 
	Zstar guess =  2.898e-01. Current Zstar:  2.898e-01 (converged=True)
	Change =  1.710e-08
__________________________________________
TF Iteration 513
	μ = -7.116375406e-02, change: 4.488631689e-12 (converged=True)
	φe Err =  4.223e-11, φe change =  1.132e-11
	ne Err =  9.427e-11, ne change =  3.435e-15
	Q = -1.944e-08 -> -1.809e-08, 
	Zstar guess =  2.898e-01. Current Zstar:  2.898e-01 (converged=True)
	Change =  1.551e-11
	-------------------
	Solving IET.
0: Initial condition Total Error: 2.575e+00
QUIT: Total error infinite.
Exiting status 1, reverting to best index so far: 1
Final iter:21, Total Error: 2.405e+00
	-------------------
	Solving IET.
0: Initial condition Total Error: 2.575e+00
QUIT: Total error infinite.
Exiting status 1, reverting to best index so far: 1
Final iter:21, Total Error: 2.405e+00
Time to solve CS model: 1.580e+02 [s], time so far: 1.584e+02 [s]
CS model saved.
Ee_pot_density = -1.186e-01 [au], Ee_K = 6.053e-02 [au], Ee_tot = -5.804e-02 [au]
P_e = 5.504e-07 [au], 1.619e-04 [Mbar]
Virial if 6.542e+02 = 6.408e+02 --->  off by 2.100e+00 % 

βEe_pot/Z = -2994.156, βEe_K/Z = 1528.542, βEe_tot/Z = -1465.614
βP_e Ω/Z = 0.014
