
===========================================
===========================================
Starting case: Ar: Te = 2.646 eV, Ti = 2.646 eV 

T[K]:  30705.93792125356
________________________
Generating NPA
T:  0.09723987011263258
Using More TF fit for initial Zstar = 1.349
	Intializing grid
Initializing, True
Initializing
	Creating Integral Equation Solver
Intialized Potentials and Densities
Initialized
Time to setup correlation sphere (IS) model: 5.597e-01 [s], time so far: 5.598e-01 [s]
Beginning self-consistent electron solver.
_________________________________
__________________________________________
TF Iteration 0
	μ = -2.066438709e+00, change: 5.217760565e+00 (converged=False)
	φe Err =  3.632e-11, φe change =  9.855e-01
	ne Err =  9.642e-02, ne change =  2.110e-04
	Q =  0.000e+00 -> -2.454e+01, 
	Zstar guess =  1.349e+00. Current Zstar:  1.349e+00 (converged=True)
	Change =  1.811e+00
__________________________________________
TF Iteration 1
	μ = -2.063127324e+00, change: 1.602459694e-03 (converged=False)
	φe Err =  4.038e-11, φe change =  6.457e-02
	ne Err =  1.906e-01, ne change =  1.540e-04
	Q = -2.454e+01 -> -1.745e+01, 
	Zstar guess =  1.349e+00. Current Zstar:  1.349e+00 (converged=True)
	Change =  7.339e-02
__________________________________________
TF Iteration 2
	μ = -2.060100079e+00, change: 1.467308678e-03 (converged=False)
	φe Err =  4.133e-11, φe change =  1.562e-02
	ne Err =  1.351e-01, ne change =  1.262e-04
	Q = -1.745e+01 -> -1.194e+01, 
	Zstar guess =  1.349e+00. Current Zstar:  1.349e+00 (converged=True)
	Change =  1.663e-02
__________________________________________
TF Iteration 3
	μ = -2.057589176e+00, change: 1.218826108e-03 (converged=False)
	φe Err =  3.888e-11, φe change =  1.822e-02
	ne Err =  8.610e-02, ne change =  1.042e-04
	Q = -1.194e+01 -> -7.834e+00, 
	Zstar guess =  1.349e+00. Current Zstar:  1.349e+00 (converged=True)
	Change =  2.060e-02
__________________________________________
TF Iteration 4
	μ = -2.055626709e+00, change: 9.537697835e-04 (converged=False)
	φe Err =  3.847e-11, φe change =  1.194e-02
	ne Err =  6.082e-02, ne change =  8.539e-05
	Q = -7.834e+00 -> -4.850e+00, 
	Zstar guess =  1.349e+00. Current Zstar:  1.349e+00 (converged=True)
	Change =  1.405e-02
__________________________________________
TF Iteration 5
	μ = -2.054112648e+00, change: 7.365449663e-04 (converged=False)
	φe Err =  3.934e-11, φe change =  5.686e-03
	ne Err =  5.202e-02, ne change =  6.913e-05
	Q = -4.850e+00 -> -2.708e+00, 
	Zstar guess =  1.349e+00. Current Zstar:  1.349e+00 (converged=True)
	Change =  7.003e-03
__________________________________________
TF Iteration 6
	μ = -2.052893246e+00, change: 5.936393461e-04 (converged=False)
	φe Err =  3.794e-11, φe change =  2.150e-03
	ne Err =  4.611e-02, ne change =  5.536e-05
	Q = -2.708e+00 -> -1.155e+00, 
	Zstar guess =  1.349e+00. Current Zstar:  1.349e+00 (converged=True)
	Change =  2.175e-03
__________________________________________
TF Iteration 7
	μ = -2.051840900e+00, change: 5.126156905e-04 (converged=False)
	φe Err =  3.969e-11, φe change =  1.892e-03
	ne Err =  3.888e-02, ne change =  4.401e-05
	Q = -1.155e+00 -> -1.282e-03, 
	Zstar guess =  1.349e+00. Current Zstar:  1.349e+00 (converged=True)
	Change =  1.067e-03
__________________________________________
TF Iteration 8
	μ = -2.050878409e+00, change: 4.690868778e-04 (converged=False)
	φe Err =  3.941e-11, φe change =  2.013e-03
	ne Err =  3.131e-02, ne change =  3.485e-05
	Q = -1.282e-03 ->  8.791e-01, 
	Zstar guess =  1.349e+00. Current Zstar:  1.349e+00 (converged=True)
	Change =  1.753e-03
__________________________________________
TF Iteration 9
	μ = -2.049966759e+00, change: 4.445168469e-04 (converged=False)
	φe Err =  3.993e-11, φe change =  1.720e-03
	ne Err =  2.462e-02, ne change =  2.757e-05
	Q =  8.791e-01 ->  1.563e+00, 
	Zstar guess =  1.349e+00. Current Zstar:  1.349e+00 (converged=True)
	Change =  1.676e-03
__________________________________________
TF Iteration 25
	μ = -8.559234479e-01, change: 3.212045011e-04 (converged=False)
	φe Err =  4.001e-11, φe change =  3.265e-04
	ne Err =  1.589e-03, ne change =  6.910e-07
	Q =  2.263e+00 ->  2.283e+00, 
	Zstar guess =  1.349e+00. Current Zstar:  1.349e+00 (converged=True)
	Change =  5.671e-04
