
===========================================
===========================================
Starting case: Ar: Te = 2.179 eV, Ti = 2.179 eV 

T[K]:  25284.518374020834
________________________
Generating NPA
T:  0.0800712646803229
Using More TF fit for initial Zstar = 1.202
	Intializing grid
Initializing, True
Initializing
	Creating Integral Equation Solver
Intialized Potentials and Densities
Initialized
Time to setup correlation sphere (IS) model: 8.497e-01 [s], time so far: 8.497e-01 [s]
Beginning self-consistent electron solver.
_________________________________
__________________________________________
TF Iteration 0
	μ = -2.008409384e+00, change: 6.742342262e+00 (converged=False)
	φe Err =  3.740e-11, φe change =  9.841e-01
	ne Err =  1.026e-01, ne change =  2.111e-04
	Q =  0.000e+00 -> -2.710e+01, 
	Zstar guess =  1.202e+00. Current Zstar:  1.202e+00 (converged=True)
	Change =  1.845e+00
__________________________________________
TF Iteration 1
	μ = -2.005646608e+00, change: 1.375603794e-03 (converged=False)
	φe Err =  4.310e-11, φe change =  6.587e-02
	ne Err =  1.953e-01, ne change =  1.538e-04
	Q = -2.710e+01 -> -1.948e+01, 
	Zstar guess =  1.202e+00. Current Zstar:  1.202e+00 (converged=True)
	Change =  7.471e-02
__________________________________________
TF Iteration 2
	μ = -2.003105838e+00, change: 1.266808734e-03 (converged=False)
	φe Err =  4.009e-11, φe change =  1.572e-02
	ne Err =  1.393e-01, ne change =  1.260e-04
	Q = -1.948e+01 -> -1.355e+01, 
	Zstar guess =  1.202e+00. Current Zstar:  1.202e+00 (converged=True)
	Change =  1.652e-02
__________________________________________
TF Iteration 3
	μ = -2.000972828e+00, change: 1.064851113e-03 (converged=False)
	φe Err =  3.769e-11, φe change =  1.869e-02
	ne Err =  8.945e-02, ne change =  1.042e-04
	Q = -1.355e+01 -> -9.097e+00, 
	Zstar guess =  1.202e+00. Current Zstar:  1.202e+00 (converged=True)
	Change =  2.099e-02
__________________________________________
TF Iteration 4
	μ = -1.999278505e+00, change: 8.467497435e-04 (converged=False)
	φe Err =  3.795e-11, φe change =  1.245e-02
	ne Err =  6.337e-02, ne change =  8.545e-05
	Q = -9.097e+00 -> -5.843e+00, 
	Zstar guess =  1.202e+00. Current Zstar:  1.202e+00 (converged=True)
	Change =  1.453e-02
__________________________________________
TF Iteration 5
	μ = -1.997952082e+00, change: 6.634508797e-04 (converged=False)
	φe Err =  3.839e-11, φe change =  6.055e-03
	ne Err =  5.423e-02, ne change =  6.924e-05
	Q = -5.843e+00 -> -3.492e+00, 
	Zstar guess =  1.202e+00. Current Zstar:  1.202e+00 (converged=True)
	Change =  7.375e-03
__________________________________________
TF Iteration 6
	μ = -1.996874591e+00, change: 5.392978648e-04 (converged=False)
	φe Err =  4.027e-11, φe change =  2.316e-03
	ne Err =  4.823e-02, ne change =  5.548e-05
	Q = -3.492e+00 -> -1.780e+00, 
	Zstar guess =  1.202e+00. Current Zstar:  1.202e+00 (converged=True)
	Change =  2.363e-03
__________________________________________
TF Iteration 7
	μ = -1.995941074e+00, change: 4.674889430e-04 (converged=False)
	φe Err =  3.942e-11, φe change =  1.944e-03
	ne Err =  4.083e-02, ne change =  4.410e-05
	Q = -1.780e+00 -> -5.048e-01, 
	Zstar guess =  1.202e+00. Current Zstar:  1.202e+00 (converged=True)
	Change =  9.656e-04
__________________________________________
TF Iteration 8
	μ = -1.995085329e+00, change: 4.287424333e-04 (converged=False)
	φe Err =  4.044e-11, φe change =  2.085e-03
	ne Err =  3.298e-02, ne change =  3.492e-05
	Q = -5.048e-01 ->  4.691e-01, 
	Zstar guess =  1.202e+00. Current Zstar:  1.202e+00 (converged=True)
	Change =  1.740e-03
__________________________________________
TF Iteration 9
	μ = -1.994273138e+00, change: 4.070960006e-04 (converged=False)
	φe Err =  3.974e-11, φe change =  1.797e-03
	ne Err =  2.599e-02, ne change =  2.761e-05
	Q =  4.691e-01 ->  1.226e+00, 
	Zstar guess =  1.202e+00. Current Zstar:  1.202e+00 (converged=True)
	Change =  1.693e-03
__________________________________________
TF Iteration 25
	μ = -8.196188829e-01, change: 3.214846110e-04 (converged=False)
	φe Err =  4.098e-11, φe change =  3.227e-04
	ne Err =  1.664e-03, ne change =  6.928e-07
	Q =  2.221e+00 ->  2.243e+00, 
	Zstar guess =  1.202e+00. Current Zstar:  1.202e+00 (converged=True)
	Change =  5.640e-04
