
===========================================
===========================================
Starting case: Ar: Te = 1.794 eV, Ti = 1.794 eV 

T[K]:  20820.300980407177
________________________
Generating NPA
T:  0.0659339365640865
Using More TF fit for initial Zstar = 1.073
	Intializing grid
Initializing, True
Initializing
	Creating Integral Equation Solver
Intialized Potentials and Densities
Initialized
Time to setup correlation sphere (IS) model: 7.089e-01 [s], time so far: 7.089e-01 [s]
Beginning self-consistent electron solver.
_________________________________
__________________________________________
TF Iteration 0
	μ = -1.956227684e+00, change: 8.697851872e+00 (converged=False)
	φe Err =  3.789e-11, φe change =  9.827e-01
	ne Err =  1.073e-01, ne change =  2.111e-04
	Q =  0.000e+00 -> -2.922e+01, 
	Zstar guess =  1.073e+00. Current Zstar:  1.073e+00 (converged=True)
	Change =  1.871e+00
__________________________________________
TF Iteration 1
	μ = -1.953934409e+00, change: 1.172294692e-03 (converged=False)
	φe Err =  3.998e-11, φe change =  6.666e-02
	ne Err =  1.985e-01, ne change =  1.536e-04
	Q = -2.922e+01 -> -2.117e+01, 
	Zstar guess =  1.073e+00. Current Zstar:  1.073e+00 (converged=True)
	Change =  7.546e-02
__________________________________________
TF Iteration 2
	μ = -1.951817389e+00, change: 1.083465170e-03 (converged=False)
	φe Err =  4.099e-11, φe change =  1.574e-02
	ne Err =  1.422e-01, ne change =  1.259e-04
	Q = -2.117e+01 -> -1.489e+01, 
	Zstar guess =  1.073e+00. Current Zstar:  1.073e+00 (converged=True)
	Change =  1.637e-02
__________________________________________
TF Iteration 3
	μ = -1.950026370e+00, change: 9.176160254e-04 (converged=False)
	φe Err =  3.867e-11, φe change =  1.898e-02
	ne Err =  9.183e-02, ne change =  1.042e-04
	Q = -1.489e+01 -> -1.015e+01, 
	Zstar guess =  1.073e+00. Current Zstar:  1.073e+00 (converged=True)
	Change =  2.119e-02
__________________________________________
TF Iteration 4
	μ = -1.948588079e+00, change: 7.375752349e-04 (converged=False)
	φe Err =  3.905e-11, φe change =  1.278e-02
	ne Err =  6.521e-02, ne change =  8.549e-05
	Q = -1.015e+01 -> -6.677e+00, 
	Zstar guess =  1.073e+00. Current Zstar:  1.073e+00 (converged=True)
	Change =  1.483e-02
__________________________________________
TF Iteration 5
	μ = -1.947449578e+00, change: 5.842696357e-04 (converged=False)
	φe Err =  4.021e-11, φe change =  6.308e-03
	ne Err =  5.582e-02, ne change =  6.931e-05
	Q = -6.677e+00 -> -4.154e+00, 
	Zstar guess =  1.073e+00. Current Zstar:  1.073e+00 (converged=True)
	Change =  7.608e-03
__________________________________________
TF Iteration 6
	μ = -1.946517386e+00, change: 4.786734307e-04 (converged=False)
	φe Err =  3.981e-11, φe change =  2.435e-03
	ne Err =  4.975e-02, ne change =  5.555e-05
	Q = -4.154e+00 -> -2.311e+00, 
	Zstar guess =  1.073e+00. Current Zstar:  1.073e+00 (converged=True)
	Change =  2.476e-03
__________________________________________
TF Iteration 7
	μ = -1.945705821e+00, change: 4.169315605e-04 (converged=False)
	φe Err =  3.822e-11, φe change =  1.984e-03
	ne Err =  4.223e-02, ne change =  4.416e-05
	Q = -2.311e+00 -> -9.341e-01, 
	Zstar guess =  1.073e+00. Current Zstar:  1.073e+00 (converged=True)
	Change =  8.822e-04
__________________________________________
TF Iteration 8
	μ = -1.944959296e+00, change: 3.836782786e-04 (converged=False)
	φe Err =  4.020e-11, φe change =  2.137e-03
	ne Err =  3.419e-02, ne change =  3.496e-05
	Q = -9.341e-01 ->  1.181e-01, 
	Zstar guess =  1.073e+00. Current Zstar:  1.073e+00 (converged=True)
	Change =  1.719e-03
__________________________________________
TF Iteration 9
	μ = -1.944248699e+00, change: 3.653535342e-04 (converged=False)
	φe Err =  4.013e-11, φe change =  1.852e-03
	ne Err =  2.697e-02, ne change =  2.764e-05
	Q =  1.181e-01 ->  9.364e-01, 
	Zstar guess =  1.073e+00. Current Zstar:  1.073e+00 (converged=True)
	Change =  1.695e-03
__________________________________________
TF Iteration 25
	μ = -7.908891855e-01, change: 3.130768372e-04 (converged=False)
	φe Err =  4.082e-11, φe change =  3.186e-04
	ne Err =  1.725e-03, ne change =  6.944e-07
	Q =  2.180e+00 ->  2.202e+00, 
	Zstar guess =  1.073e+00. Current Zstar:  1.073e+00 (converged=True)
	Change =  5.544e-04
