
===========================================
===========================================
Starting case: Ar: Te = 0.679 eV, Ti = 0.679 eV 

T[K]:  7882.220740896571
________________________
Generating NPA
T:  0.02496149516779165
Using More TF fit for initial Zstar = 0.627
	Intializing grid
Initializing, True
Initializing
	Creating Integral Equation Solver
Intialized Potentials and Densities
Initialized
Time to setup correlation sphere (IS) model: 6.137e-01 [s], time so far: 6.138e-01 [s]
Beginning self-consistent electron solver.
_________________________________
__________________________________________
TF Iteration 0
	μ = -1.735095779e+00, change: 3.187335742e+01 (converged=False)
	φe Err =  3.882e-11, φe change =  9.741e-01
	ne Err =  1.110e-01, ne change =  2.109e-04
	Q =  0.000e+00 -> -3.245e+01, 
	Zstar guess =  6.271e-01. Current Zstar:  6.271e-01 (converged=True)
	Change =  1.937e+00
__________________________________________
TF Iteration 1
	μ = -1.734230146e+00, change: 4.988965597e-04 (converged=False)
	φe Err =  4.230e-11, φe change =  6.478e-02
	ne Err =  1.966e-01, ne change =  1.540e-04
	Q = -3.245e+01 -> -2.377e+01, 
	Zstar guess =  6.271e-01. Current Zstar:  6.271e-01 (converged=True)
	Change =  7.288e-02
__________________________________________
TF Iteration 2
	μ = -1.733429612e+00, change: 4.616073982e-04 (converged=False)
	φe Err =  3.882e-11, φe change =  1.538e-02
	ne Err =  1.410e-01, ne change =  1.261e-04
	Q = -2.377e+01 -> -1.699e+01, 
	Zstar guess =  6.271e-01. Current Zstar:  6.271e-01 (converged=True)
	Change =  1.559e-02
__________________________________________
TF Iteration 3
	μ = -1.732748585e+00, change: 3.928785949e-04 (converged=False)
	φe Err =  3.890e-11, φe change =  1.862e-02
	ne Err =  9.129e-02, ne change =  1.042e-04
	Q = -1.699e+01 -> -1.186e+01, 
	Zstar guess =  6.271e-01. Current Zstar:  6.271e-01 (converged=True)
	Change =  2.046e-02
__________________________________________
TF Iteration 4
	μ = -1.732195428e+00, change: 3.192364190e-04 (converged=False)
	φe Err =  3.959e-11, φe change =  1.251e-02
	ne Err =  6.541e-02, ne change =  8.551e-05
	Q = -1.186e+01 -> -8.079e+00, 
	Zstar guess =  6.271e-01. Current Zstar:  6.271e-01 (converged=True)
	Change =  1.425e-02
__________________________________________
TF Iteration 5
	μ = -1.731750071e+00, change: 2.571055663e-04 (converged=False)
	φe Err =  3.862e-11, φe change =  6.104e-03
	ne Err =  5.643e-02, ne change =  6.929e-05
	Q = -8.079e+00 -> -5.318e+00, 
	Zstar guess =  6.271e-01. Current Zstar:  6.271e-01 (converged=True)
	Change =  7.145e-03
__________________________________________
TF Iteration 6
	μ = -1.731378185e+00, change: 2.147459025e-04 (converged=False)
	φe Err =  3.863e-11, φe change =  2.364e-03
	ne Err =  5.034e-02, ne change =  5.550e-05
	Q = -5.318e+00 -> -3.288e+00, 
	Zstar guess =  6.271e-01. Current Zstar:  6.271e-01 (converged=True)
	Change =  2.109e-03
__________________________________________
TF Iteration 7
	μ = -1.731048063e+00, change: 1.906700184e-04 (converged=False)
	φe Err =  4.023e-11, φe change =  2.054e-03
	ne Err =  4.265e-02, ne change =  4.410e-05
	Q = -3.288e+00 -> -1.765e+00, 
	Zstar guess =  6.271e-01. Current Zstar:  6.271e-01 (converged=True)
	Change =  8.429e-04
__________________________________________
TF Iteration 8
	μ = -1.730739062e+00, change: 1.785053419e-04 (converged=False)
	φe Err =  4.112e-11, φe change =  2.186e-03
	ne Err =  3.444e-02, ne change =  3.490e-05
	Q = -1.765e+00 -> -5.966e-01, 
	Zstar guess =  6.271e-01. Current Zstar:  6.271e-01 (converged=True)
	Change =  1.637e-03
__________________________________________
TF Iteration 9
	μ = -1.730440630e+00, change: 1.724301824e-04 (converged=False)
	φe Err =  4.033e-11, φe change =  1.867e-03
	ne Err =  2.713e-02, ne change =  2.758e-05
	Q = -5.966e-01 ->  3.143e-01, 
	Zstar guess =  6.271e-01. Current Zstar:  6.271e-01 (converged=True)
	Change =  1.578e-03
__________________________________________
TF Iteration 25
	μ = -7.032051016e-01, change: 2.015790795e-04 (converged=False)
	φe Err =  4.068e-11, φe change =  2.985e-04
	ne Err =  1.816e-03, ne change =  7.030e-07
	Q =  2.023e+00 ->  2.047e+00, 
	Zstar guess =  6.271e-01. Current Zstar:  6.271e-01 (converged=True)
	Change =  4.556e-04
__________________________________________
TF Iteration 50
	μ = -2.547334353e-01, change: 2.731189668e-01 (converged=False)
	φe Err =  3.881e-11, φe change =  1.791e-06
	ne Err =  1.196e-02, ne change =  5.875e-09
	Q =  1.296e+00 ->  1.287e+00, 
	Zstar guess =  1.294e+00. Current Zstar:  6.350e-01 (converged=False)
	Change =  2.209e-01
__________________________________________
TF Iteration 75
	μ = -1.442464384e-01, change: 1.863285630e-04 (converged=False)
	φe Err =  3.971e-11, φe change =  6.170e-05
	ne Err =  5.157e-04, ne change =  3.710e-09
	Q =  6.232e-01 ->  6.198e-01, 
	Zstar guess =  6.289e-01. Current Zstar:  6.350e-01 (converged=False)
	Change =  1.970e-04
__________________________________________
TF Iteration 100
	μ = -8.245721742e-02, change: 1.277863491e-01 (converged=False)
	φe Err =  4.102e-11, φe change =  7.550e-07
	ne Err =  1.775e-03, ne change =  4.930e-10
	Q =  3.259e-01 ->  3.237e-01, 
	Zstar guess =  4.167e-01. Current Zstar:  6.351e-01 (converged=False)
	Change =  9.630e-02
__________________________________________
TF Iteration 125
	μ = -7.127347564e-02, change: 2.906009606e-05 (converged=False)
	φe Err =  4.048e-11, φe change =  6.713e-06
	ne Err =  7.410e-05, ne change =  7.694e-10
	Q =  9.052e-02 ->  8.729e-02, 
	Zstar guess =  3.452e-01. Current Zstar:  6.347e-01 (converged=False)
	Change =  2.761e-05
__________________________________________
TF Iteration 150
	μ = -6.727992535e-02, change: 1.062145366e-02 (converged=False)
	φe Err =  3.920e-11, φe change =  6.481e-08
	ne Err =  4.600e-05, ne change =  2.697e-11
	Q =  2.217e-02 ->  8.667e-04, 
	Zstar guess =  3.406e-01. Current Zstar:  6.555e-01 (converged=False)
	Change =  7.551e-03
__________________________________________
TF Iteration 175
	μ = -6.669669531e-02, change: 1.272917851e-05 (converged=False)
	φe Err =  3.979e-11, φe change =  3.601e-07
	ne Err =  6.118e-04, ne change =  3.849e-11
	Q =  4.976e-03 ->  1.686e-01, 
	Zstar guess =  3.410e-01. Current Zstar:  4.916e-01 (converged=False)
	Change =  9.379e-06
__________________________________________
TF Iteration 200
	μ = -7.085568830e-02, change: 3.142395535e-02 (converged=False)
	φe Err =  4.268e-11, φe change =  4.752e-08
	ne Err =  2.557e-04, ne change =  3.368e-11
	Q = -1.965e-02 ->  1.031e-01, 
	Zstar guess =  3.260e-01. Current Zstar:  3.687e-01 (converged=False)
	Change =  2.187e-02
__________________________________________
TF Iteration 225
	μ = -7.241746547e-02, change: 1.789499277e-05 (converged=False)
	φe Err =  4.022e-11, φe change =  1.080e-06
	ne Err =  3.098e-04, ne change =  1.334e-10
	Q = -1.397e-02 ->  4.589e-02, 
	Zstar guess =  3.146e-01. Current Zstar:  3.092e-01 (converged=False)
	Change =  1.379e-05
__________________________________________
TF Iteration 250
	μ = -7.459537588e-02, change: 5.883197644e-03 (converged=False)
	φe Err =  3.899e-11, φe change =  3.526e-08
	ne Err =  5.277e-05, ne change =  1.892e-11
	Q = -1.395e-02 -> -1.137e-02, 
	Zstar guess =  3.070e-01. Current Zstar:  3.067e-01 (converged=False)
	Change =  4.148e-03
__________________________________________
TF Iteration 275
	μ = -7.491984614e-02, change: 4.546811652e-07 (converged=True)
	φe Err =  4.205e-11, φe change =  1.901e-07
	ne Err =  6.162e-06, ne change =  2.225e-11
	Q = -2.734e-03 -> -3.623e-03, 
	Zstar guess =  3.083e-01. Current Zstar:  3.078e-01 (converged=False)
	Change =  5.211e-07
__________________________________________
TF Iteration 300
	μ = -7.496261792e-02, change: 2.352208812e-04 (converged=False)
	φe Err =  3.885e-11, φe change =  1.239e-09
	ne Err =  4.314e-06, ne change =  3.379e-13
	Q = -3.598e-04 -> -1.577e-03, 
	Zstar guess =  3.086e-01. Current Zstar:  3.090e-01 (converged=False)
	Change =  1.663e-04
__________________________________________
TF Iteration 325
	μ = -7.495847194e-02, change: 3.702710516e-08 (converged=True)
	φe Err =  4.076e-11, φe change =  4.176e-09
	ne Err =  1.192e-06, ne change =  5.295e-13
	Q =  4.257e-05 ->  2.636e-04, 
	Zstar guess =  3.088e-01. Current Zstar:  3.088e-01 (converged=False)
	Change =  3.063e-08
__________________________________________
TF Iteration 350
	μ = -7.496141494e-02, change: 1.081695125e-05 (converged=False)
	φe Err =  4.133e-11, φe change =  4.920e-11
	ne Err =  8.286e-08, ne change =  3.316e-14
	Q = -2.055e-05 -> -1.295e-05, 
	Zstar guess =  3.088e-01. Current Zstar:  3.088e-01 (converged=True)
	Change =  7.649e-06
__________________________________________
TF Iteration 375
	μ = -7.496202656e-02, change: 6.824572019e-10 (converged=True)
	φe Err =  4.048e-11, φe change =  3.737e-10
	ne Err =  1.650e-08, ne change =  4.598e-14
	Q = -5.206e-06 -> -7.848e-06, 
	Zstar guess =  3.088e-01. Current Zstar:  3.088e-01 (converged=True)
	Change =  8.747e-10
__________________________________________
TF Iteration 400
	μ = -7.496209537e-02, change: 4.593602685e-07 (converged=True)
	φe Err =  4.182e-11, φe change =  1.373e-11
	ne Err =  7.550e-09, ne change =  2.668e-15
	Q = -5.810e-07 -> -2.791e-06, 
	Zstar guess =  3.088e-01. Current Zstar:  3.088e-01 (converged=True)
	Change =  3.248e-07
__________________________________________
TF Iteration 425
	μ = -7.496208551e-02, change: 4.409805854e-11 (converged=True)
	φe Err =  3.872e-11, φe change =  8.185e-12
	ne Err =  1.815e-09, ne change =  1.760e-15
	Q =  9.719e-08 ->  4.297e-07, 
	Zstar guess =  3.088e-01. Current Zstar:  3.088e-01 (converged=True)
	Change =  3.852e-11
__________________________________________
TF Iteration 445
	μ = -7.496208723e-02, change: 8.443468147e-12 (converged=True)
	φe Err =  3.949e-11, φe change =  4.642e-12
	ne Err =  9.379e-11, ne change =  1.166e-15
	Q = -1.311e-08 -> -1.500e-08, 
	Zstar guess =  3.088e-01. Current Zstar:  3.088e-01 (converged=True)
	Change =  7.663e-12
/home/zach/plasma/average_atom/core/average_atom_new.py:499: RuntimeWarning: divide by zero encountered in divide
  rel_errs = (np.abs(A @ φe - b)[:-1]/b[:-1])
	-------------------
	Solving IET.
0: Initial condition Total Error: 2.272e+00
/home/zach/plasma/hnc/hnc/hnc.py:648: RuntimeWarning: overflow encountered in exp
  hnc_err = np.linalg.norm(- 1 - self.h_r_matrix   + np.exp( -self.βu_r_matrix + self.h_r_matrix - self.c_r_matrix ))/np.sqrt(self.N_bins*self.N_species**2)
/home/zach/plasma/hnc/hnc/hnc.py:432: RuntimeWarning: overflow encountered in exp
  tot_eqn =  1 + h_r_matrix  - np.exp(-self.βu_s_r_matrix + h_r_matrix - c_s_r_matrix )
/home/zach/plasma/hnc/hnc/hnc.py:518: RuntimeWarning: overflow encountered in exp
  h_r_matrix = -1 + np.exp(γs_r_matrix - self.βu_s_r_matrix) # 2. γ_r,u_s_r  -> h_r   (HNC)
/home/zach/plasma/hnc/hnc/hnc.py:656: RuntimeWarning: invalid value encountered in subtract
  Δ_err = np.array(self.tot_err_list[-iters_to_check:-2]) - np.array(self.tot_err_list[-iters_to_check + 1:-1])
QUIT: Total error infinite.
Exiting status 1, reverting to best index so far: 8
Final iter:21, Total Error: 1.021e+00
	-------------------
	Solving IET.
0: Initial condition Total Error: 2.272e+00
QUIT: Total error infinite.
Exiting status 1, reverting to best index so far: 8
Final iter:21, Total Error: 1.021e+00
Time to solve CS model: 1.861e+02 [s], time so far: 1.867e+02 [s]
CS model saved.
/home/zach/plasma/average_atom/core/average_atom_new.py:499: RuntimeWarning: invalid value encountered in divide
  rel_errs = (np.abs(A @ φe - b)[:-1]/b[:-1])
Ee_pot_density = -1.186e-01 [au], Ee_K = 6.053e-02 [au], Ee_tot = -5.804e-02 [au]
P_e = 6.151e-07 [au], 1.810e-04 [Mbar]
Virial if 6.542e+02 = 6.408e+02 --->  off by 2.100e+00 % 

βEe_pot/Z = -2852.208, βEe_K/Z = 1456.076, βEe_tot/Z = -1396.133
βP_e Ω/Z = 0.015
