
===========================================
===========================================
Starting case: Ar: Te = 0.080 eV, Ti = 0.080 eV 

T[K]:  930.2594496525088
________________________
Generating NPA
T:  0.002945954892739068
Using More TF fit for initial Zstar = 0.271
	Intializing grid
Initializing, True
Initializing
	Creating Integral Equation Solver
/home/zach/plasma/average_atom/core/average_atom_new.py:259: RuntimeWarning: invalid value encountered in power
  nb_Mavrin_Demura_func = lambda r: np.nan_to_num(self.Z/(4*π*r_TF**3) * (Φ_Mavrin_Demura(x(r))/x(r) )**1.5)
Intialized Potentials and Densities
Initialized
Time to setup correlation sphere (IS) model: 6.843e-01 [s], time so far: 6.844e-01 [s]
Beginning self-consistent electron solver.
_________________________________
__________________________________________
TF Iteration 0
	μ = -1.288176100e+00, change: 6.825039041e+02 (converged=False)
	φe Err =  3.884e-11, φe change =  9.450e-01
	ne Err =  7.649e-02, ne change =  2.102e-04
	Q =  0.000e+00 -> -1.922e+01, 
	Zstar guess =  2.712e-01. Current Zstar:  2.712e-01 (converged=True)
	Change =  1.935e+00
__________________________________________
TF Iteration 1
	μ = -1.288084545e+00, change: 7.107295966e-05 (converged=False)
	φe Err =  4.098e-11, φe change =  4.827e-02
	ne Err =  1.507e-01, ne change =  1.570e-04
	Q = -1.922e+01 -> -1.342e+01, 
	Zstar guess =  2.712e-01. Current Zstar:  2.712e-01 (converged=True)
	Change =  5.384e-02
__________________________________________
TF Iteration 2
	μ = -1.288002868e+00, change: 6.340943462e-05 (converged=False)
	φe Err =  3.995e-11, φe change =  1.319e-02
	ne Err =  1.018e-01, ne change =  1.280e-04
	Q = -1.342e+01 -> -8.987e+00, 
	Zstar guess =  2.712e-01. Current Zstar:  2.712e-01 (converged=True)
	Change =  1.367e-02
__________________________________________
TF Iteration 3
	μ = -1.287936956e+00, change: 5.117388264e-05 (converged=False)
	φe Err =  3.981e-11, φe change =  1.354e-02
	ne Err =  6.217e-02, ne change =  1.048e-04
	Q = -8.987e+00 -> -5.778e+00, 
	Zstar guess =  2.712e-01. Current Zstar:  2.712e-01 (converged=True)
	Change =  1.490e-02
__________________________________________
TF Iteration 4
	μ = -1.287885961e+00, change: 3.959457188e-05 (converged=False)
	φe Err =  4.006e-11, φe change =  7.515e-03
	ne Err =  4.609e-02, ne change =  8.506e-05
	Q = -5.778e+00 -> -3.529e+00, 
	Zstar guess =  2.712e-01. Current Zstar:  2.712e-01 (converged=True)
	Change =  8.557e-03
__________________________________________
TF Iteration 5
	μ = -1.287845617e+00, change: 3.132597651e-05 (converged=False)
	φe Err =  3.977e-11, φe change =  2.692e-03
	ne Err =  4.088e-02, ne change =  6.832e-05
	Q = -3.529e+00 -> -1.955e+00, 
	Zstar guess =  2.712e-01. Current Zstar:  2.712e-01 (converged=True)
	Change =  2.929e-03
__________________________________________
TF Iteration 6
	μ = -1.287811182e+00, change: 2.673803068e-05 (converged=False)
	φe Err =  3.886e-11, φe change =  1.581e-03
	ne Err =  3.516e-02, ne change =  5.444e-05
	Q = -1.955e+00 -> -8.211e-01, 
	Zstar guess =  2.712e-01. Current Zstar:  2.712e-01 (converged=True)
	Change =  3.909e-04
__________________________________________
TF Iteration 7
	μ = -1.287779428e+00, change: 2.465779969e-05 (converged=False)
	φe Err =  4.048e-11, φe change =  1.922e-03
	ne Err =  2.831e-02, ne change =  4.320e-05
	Q = -8.211e-01 ->  2.902e-02, 
	Zstar guess =  2.712e-01. Current Zstar:  2.712e-01 (converged=True)
	Change =  1.451e-03
__________________________________________
TF Iteration 8
	μ = -1.287748786e+00, change: 2.379392969e-05 (converged=False)
	φe Err =  3.921e-11, φe change =  1.694e-03
	ne Err =  2.200e-02, ne change =  3.425e-05
	Q =  2.902e-02 ->  6.852e-01, 
	Zstar guess =  2.712e-01. Current Zstar:  2.712e-01 (converged=True)
	Change =  1.445e-03
__________________________________________
TF Iteration 9
	μ = -1.287718665e+00, change: 2.339034619e-05 (converged=False)
	φe Err =  3.928e-11, φe change =  1.252e-03
	ne Err =  1.700e-02, ne change =  2.716e-05
	Q =  6.852e-01 ->  1.199e+00, 
	Zstar guess =  2.712e-01. Current Zstar:  2.712e-01 (converged=True)
	Change =  1.099e-03
__________________________________________
TF Iteration 25
	μ = -5.738500418e-01, change: 2.986657140e-05 (converged=False)
	φe Err =  3.781e-11, φe change =  2.496e-04
	ne Err =  1.479e-03, ne change =  7.229e-07
	Q =  1.783e+00 ->  1.796e+00, 
	Zstar guess =  2.712e-01. Current Zstar:  2.712e-01 (converged=True)
	Change =  2.835e-04
__________________________________________
TF Iteration 50
	μ = -2.061528235e-01, change: 2.893032570e-01 (converged=False)
	φe Err =  3.917e-11, φe change =  1.805e-06
	ne Err =  1.037e-02, ne change =  5.415e-09
	Q =  1.118e+00 ->  1.002e+00, 
	Zstar guess =  1.115e+00. Current Zstar:  3.858e-01 (converged=False)
	Change =  2.358e-01
__________________________________________
TF Iteration 75
	μ = -1.074643640e-01, change: 4.477554999e-05 (converged=False)
	φe Err =  4.055e-11, φe change =  5.469e-05
	ne Err =  7.817e-04, ne change =  2.596e-09
	Q =  5.338e-01 ->  5.072e-01, 
	Zstar guess =  5.293e-01. Current Zstar:  4.092e-01 (converged=False)
	Change =  8.929e-05
