
===========================================
===========================================
Starting case: Ar: Te = 1.477 eV, Ti = 1.477 eV 

T[K]:  17144.282778197507
________________________
Generating NPA
T:  0.05429268549951233
Using More TF fit for initial Zstar = 0.959
	Intializing grid
Initializing, True
Initializing
	Creating Integral Equation Solver
Intialized Potentials and Densities
Initialized
Time to setup correlation sphere (IS) model: 8.847e-01 [s], time so far: 8.848e-01 [s]
Beginning self-consistent electron solver.
_________________________________
__________________________________________
TF Iteration 0
	μ = -1.908150049e+00, change: 1.121744480e+01 (converged=False)
	φe Err =  3.864e-11, φe change =  9.812e-01
	ne Err =  1.105e-01, ne change =  2.111e-04
	Q =  0.000e+00 -> -3.085e+01, 
	Zstar guess =  9.590e-01. Current Zstar:  9.590e-01 (converged=True)
	Change =  1.892e+00
__________________________________________
TF Iteration 1
	μ = -1.906253701e+00, change: 9.938150075e-04 (converged=False)
	φe Err =  4.056e-11, φe change =  6.698e-02
	ne Err =  2.003e-01, ne change =  1.536e-04
	Q = -3.085e+01 -> -2.246e+01, 
	Zstar guess =  9.590e-01. Current Zstar:  9.590e-01 (converged=True)
	Change =  7.571e-02
__________________________________________
TF Iteration 2
	μ = -1.904499167e+00, change: 9.204095352e-04 (converged=False)
	φe Err =  4.174e-11, φe change =  1.572e-02
	ne Err =  1.440e-01, ne change =  1.258e-04
	Q = -2.246e+01 -> -1.592e+01, 
	Zstar guess =  9.590e-01. Current Zstar:  9.590e-01 (converged=True)
	Change =  1.620e-02
__________________________________________
TF Iteration 3
	μ = -1.903007955e+00, change: 7.829942174e-04 (converged=False)
	φe Err =  3.914e-11, φe change =  1.913e-02
	ne Err =  9.326e-02, ne change =  1.041e-04
	Q = -1.592e+01 -> -1.097e+01, 
	Zstar guess =  9.590e-01. Current Zstar:  9.590e-01 (converged=True)
	Change =  2.125e-02
__________________________________________
TF Iteration 4
	μ = -1.901802144e+00, change: 6.336345364e-04 (converged=False)
	φe Err =  4.023e-11, φe change =  1.297e-02
	ne Err =  6.637e-02, ne change =  8.552e-05
	Q = -1.097e+01 -> -7.328e+00, 
	Zstar guess =  9.590e-01. Current Zstar:  9.590e-01 (converged=True)
	Change =  1.496e-02
__________________________________________
TF Iteration 5
	μ = -1.900840285e+00, change: 5.057615062e-04 (converged=False)
	φe Err =  3.886e-11, φe change =  6.447e-03
	ne Err =  5.685e-02, ne change =  6.935e-05
	Q = -7.328e+00 -> -4.674e+00, 
	Zstar guess =  9.590e-01. Current Zstar:  9.590e-01 (converged=True)
	Change =  7.713e-03
__________________________________________
TF Iteration 6
	μ = -1.900047605e+00, change: 4.170154403e-04 (converged=False)
	φe Err =  3.781e-11, φe change =  2.505e-03
	ne Err =  5.073e-02, ne change =  5.560e-05
	Q = -4.674e+00 -> -2.730e+00, 
	Zstar guess =  9.590e-01. Current Zstar:  9.590e-01 (converged=True)
	Change =  2.517e-03
__________________________________________
TF Iteration 7
	μ = -1.899354170e+00, change: 3.649570586e-04 (converged=False)
	φe Err =  3.846e-11, φe change =  2.014e-03
	ne Err =  4.313e-02, ne change =  4.420e-05
	Q = -2.730e+00 -> -1.276e+00, 
	Zstar guess =  9.590e-01. Current Zstar:  9.590e-01 (converged=True)
	Change =  8.234e-04
__________________________________________
TF Iteration 8
	μ = -1.898713826e+00, change: 3.371375032e-04 (converged=False)
	φe Err =  4.046e-11, φe change =  2.172e-03
	ne Err =  3.494e-02, ne change =  3.498e-05
	Q = -1.276e+00 -> -1.638e-01, 
	Zstar guess =  9.590e-01. Current Zstar:  9.590e-01 (converged=True)
	Change =  1.697e-03
__________________________________________
TF Iteration 9
	μ = -1.898102302e+00, change: 3.220726988e-04 (converged=False)
	φe Err =  4.049e-11, φe change =  1.887e-03
	ne Err =  2.759e-02, ne change =  2.765e-05
	Q = -1.638e-01 ->  7.017e-01, 
	Zstar guess =  9.590e-01. Current Zstar:  9.590e-01 (converged=True)
	Change =  1.684e-03
__________________________________________
TF Iteration 25
	μ = -7.674944863e-01, change: 2.981445975e-04 (converged=False)
	φe Err =  4.016e-11, φe change =  3.144e-04
	ne Err =  1.771e-03, ne change =  6.961e-07
	Q =  2.141e+00 ->  2.165e+00, 
	Zstar guess =  9.590e-01. Current Zstar:  9.590e-01 (converged=True)
	Change =  5.398e-04
