
===========================================
===========================================
Starting case: Ar: Te = 0.144 eV, Ti = 0.144 eV 

T[K]:  1666.1232949339274
________________________
Generating NPA
T:  0.00527629584891678
Using More TF fit for initial Zstar = 0.320
	Intializing grid
Initializing, True
Initializing
	Creating Integral Equation Solver
Intialized Potentials and Densities
Initialized
Time to setup correlation sphere (IS) model: 6.352e-01 [s], time so far: 6.352e-01 [s]
Beginning self-consistent electron solver.
_________________________________
__________________________________________
TF Iteration 0
	μ = -1.397829096e+00, change: 9.360512041e+02 (converged=False)
	φe Err =  3.994e-11, φe change =  9.537e-01
	ne Err =  8.532e-02, ne change =  2.104e-04
	Q =  0.000e+00 -> -2.287e+01, 
	Zstar guess =  3.203e-01. Current Zstar:  3.203e-01 (converged=True)
	Change =  1.943e+00
__________________________________________
TF Iteration 1
	μ = -1.397659333e+00, change: 1.214477112e-04 (converged=False)
	φe Err =  4.194e-11, φe change =  5.263e-02
	ne Err =  1.632e-01, ne change =  1.562e-04
	Q = -2.287e+01 -> -1.627e+01, 
	Zstar guess =  3.203e-01. Current Zstar:  3.203e-01 (converged=True)
	Change =  5.882e-02
__________________________________________
TF Iteration 2
	μ = -1.397506080e+00, change: 1.096496466e-04 (converged=False)
	φe Err =  3.990e-11, φe change =  1.389e-02
	ne Err =  1.124e-01, ne change =  1.275e-04
	Q = -1.627e+01 -> -1.118e+01, 
	Zstar guess =  3.203e-01. Current Zstar:  3.203e-01 (converged=True)
	Change =  1.428e-02
__________________________________________
TF Iteration 3
	μ = -1.397380246e+00, change: 9.004218330e-05 (converged=False)
	φe Err =  4.034e-11, φe change =  1.498e-02
	ne Err =  6.984e-02, ne change =  1.047e-04
	Q = -1.118e+01 -> -7.440e+00, 
	Zstar guess =  3.203e-01. Current Zstar:  3.203e-01 (converged=True)
	Change =  1.644e-02
__________________________________________
TF Iteration 4
	μ = -1.397281385e+00, change: 7.074706475e-05 (converged=False)
	φe Err =  3.936e-11, φe change =  8.855e-03
	ne Err =  5.114e-02, ne change =  8.521e-05
	Q = -7.440e+00 -> -4.768e+00, 
	Zstar guess =  3.203e-01. Current Zstar:  3.203e-01 (converged=True)
	Change =  1.006e-02
__________________________________________
TF Iteration 5
	μ = -1.397202844e+00, change: 5.621035737e-05 (converged=False)
	φe Err =  3.772e-11, φe change =  3.522e-03
	ne Err =  4.517e-02, ne change =  6.859e-05
	Q = -4.768e+00 -> -2.870e+00, 
	Zstar guess =  3.203e-01. Current Zstar:  3.203e-01 (converged=True)
	Change =  3.973e-03
__________________________________________
TF Iteration 6
	μ = -1.397136345e+00, change: 4.759387609e-05 (converged=False)
	φe Err =  3.939e-11, φe change =  1.631e-03
	ne Err =  3.942e-02, ne change =  5.472e-05
	Q = -2.870e+00 -> -1.495e+00, 
	Zstar guess =  3.203e-01. Current Zstar:  3.203e-01 (converged=True)
	Change =  2.902e-04
__________________________________________
TF Iteration 7
	μ = -1.397075705e+00, change: 4.340341810e-05 (converged=False)
	φe Err =  3.872e-11, φe change =  1.983e-03
	ne Err =  3.226e-02, ne change =  4.342e-05
	Q = -1.495e+00 -> -4.634e-01, 
	Zstar guess =  3.203e-01. Current Zstar:  3.203e-01 (converged=True)
	Change =  1.351e-03
__________________________________________
TF Iteration 8
	μ = -1.397017626e+00, change: 4.157185418e-05 (converged=False)
	φe Err =  3.880e-11, φe change =  1.855e-03
	ne Err =  2.534e-02, ne change =  3.440e-05
	Q = -4.634e-01 ->  3.311e-01, 
	Zstar guess =  3.203e-01. Current Zstar:  3.203e-01 (converged=True)
	Change =  1.529e-03
__________________________________________
TF Iteration 9
	μ = -1.396960734e+00, change: 4.072387478e-05 (converged=False)
	φe Err =  3.940e-11, φe change =  1.427e-03
	ne Err =  1.967e-02, ne change =  2.726e-05
	Q =  3.311e-01 ->  9.522e-01, 
	Zstar guess =  3.203e-01. Current Zstar:  3.203e-01 (converged=True)
	Change =  1.232e-03
__________________________________________
TF Iteration 25
	μ = -6.072252647e-01, change: 5.231383155e-05 (converged=False)
	φe Err =  4.026e-11, φe change =  2.631e-04
	ne Err =  1.578e-03, ne change =  7.182e-07
	Q =  1.847e+00 ->  1.863e+00, 
	Zstar guess =  3.203e-01. Current Zstar:  3.203e-01 (converged=True)
	Change =  3.134e-04
__________________________________________
TF Iteration 50
	μ = -2.167655583e-01, change: 2.888424957e-01 (converged=False)
	φe Err =  3.971e-11, φe change =  1.835e-06
	ne Err =  1.089e-02, ne change =  5.555e-09
	Q =  1.165e+00 ->  1.059e+00, 
	Zstar guess =  1.162e+00. Current Zstar:  4.246e-01 (converged=False)
	Change =  2.354e-01
__________________________________________
TF Iteration 75
	μ = -1.129054207e-01, change: 7.724436320e-05 (converged=False)
	φe Err =  4.084e-11, φe change =  5.727e-05
	ne Err =  7.862e-04, ne change =  2.638e-09
	Q =  5.566e-01 ->  5.347e-01, 
	Zstar guess =  5.523e-01. Current Zstar:  4.432e-01 (converged=False)
	Change =  1.149e-04
