
===========================================
===========================================
Starting case: Ar: Te = 0.212 eV, Ti = 0.212 eV 

T[K]:  2457.2112819857543
________________________
Generating NPA
T:  0.0077815211674158
Using More TF fit for initial Zstar = 0.368
	Intializing grid
Initializing, True
Initializing
	Creating Integral Equation Solver
Intialized Potentials and Densities
Initialized
Time to setup correlation sphere (IS) model: 7.529e-01 [s], time so far: 7.529e-01 [s]
Beginning self-consistent electron solver.
_________________________________
__________________________________________
TF Iteration 0
	μ = -1.481073084e+00, change: 2.360385160e+02 (converged=False)
	φe Err =  3.685e-11, φe change =  9.595e-01
	ne Err =  9.242e-02, ne change =  2.105e-04
	Q =  0.000e+00 -> -2.573e+01, 
	Zstar guess =  3.679e-01. Current Zstar:  3.679e-01 (converged=True)
	Change =  1.946e+00
__________________________________________
TF Iteration 1
	μ = -1.480816815e+00, change: 1.730293648e-04 (converged=False)
	φe Err =  4.308e-11, φe change =  5.594e-02
	ne Err =  1.726e-01, ne change =  1.556e-04
	Q = -2.573e+01 -> -1.851e+01, 
	Zstar guess =  3.679e-01. Current Zstar:  3.679e-01 (converged=True)
	Change =  6.262e-02
__________________________________________
TF Iteration 2
	μ = -1.480583653e+00, change: 1.574550511e-04 (converged=False)
	φe Err =  3.962e-11, φe change =  1.435e-02
	ne Err =  1.204e-01, ne change =  1.272e-04
	Q = -1.851e+01 -> -1.292e+01, 
	Zstar guess =  3.679e-01. Current Zstar:  3.679e-01 (converged=True)
	Change =  1.466e-02
__________________________________________
TF Iteration 3
	μ = -1.480389995e+00, change: 1.307982941e-04 (converged=False)
	φe Err =  3.834e-11, φe change =  1.602e-02
	ne Err =  7.576e-02, ne change =  1.046e-04
	Q = -1.292e+01 -> -8.761e+00, 
	Zstar guess =  3.679e-01. Current Zstar:  3.679e-01 (converged=True)
	Change =  1.757e-02
__________________________________________
TF Iteration 4
	μ = -1.480236229e+00, change: 1.038685385e-04 (converged=False)
	φe Err =  3.907e-11, φe change =  9.872e-03
	ne Err =  5.507e-02, ne change =  8.531e-05
	Q = -8.761e+00 -> -5.759e+00, 
	Zstar guess =  3.679e-01. Current Zstar:  3.679e-01 (converged=True)
	Change =  1.121e-02
__________________________________________
TF Iteration 5
	μ = -1.480113596e+00, change: 8.284726279e-05 (converged=False)
	φe Err =  3.832e-11, φe change =  4.201e-03
	ne Err =  4.839e-02, ne change =  6.879e-05
	Q = -5.759e+00 -> -3.607e+00, 
	Zstar guess =  3.679e-01. Current Zstar:  3.679e-01 (converged=True)
	Change =  4.804e-03
__________________________________________
TF Iteration 6
	μ = -1.480010237e+00, change: 6.983138066e-05 (converged=False)
	φe Err =  3.915e-11, φe change =  1.742e-03
	ne Err =  4.260e-02, ne change =  5.493e-05
	Q = -3.607e+00 -> -2.040e+00, 
	Zstar guess =  3.679e-01. Current Zstar:  3.679e-01 (converged=True)
	Change =  7.301e-04
__________________________________________
TF Iteration 7
	μ = -1.479916704e+00, change: 6.319765136e-05 (converged=False)
	φe Err =  3.722e-11, φe change =  2.013e-03
	ne Err =  3.524e-02, ne change =  4.360e-05
	Q = -2.040e+00 -> -8.645e-01, 
	Zstar guess =  3.679e-01. Current Zstar:  3.679e-01 (converged=True)
	Change =  1.239e-03
__________________________________________
TF Iteration 8
	μ = -1.479827635e+00, change: 6.018561872e-05 (converged=False)
	φe Err =  3.989e-11, φe change =  1.965e-03
	ne Err =  2.790e-02, ne change =  3.452e-05
	Q = -8.645e-01 ->  3.988e-02, 
	Zstar guess =  3.679e-01. Current Zstar:  3.679e-01 (converged=True)
	Change =  1.574e-03
__________________________________________
TF Iteration 9
	μ = -1.479740646e+00, change: 5.878289725e-05 (converged=False)
	φe Err =  3.973e-11, φe change =  1.557e-03
	ne Err =  2.174e-02, ne change =  2.733e-05
	Q =  3.988e-02 ->  7.465e-01, 
	Zstar guess =  3.679e-01. Current Zstar:  3.679e-01 (converged=True)
	Change =  1.328e-03
__________________________________________
TF Iteration 25
	μ = -6.312723157e-01, change: 7.547965993e-05 (converged=False)
	φe Err =  3.986e-11, φe change =  2.726e-04
	ne Err =  1.651e-03, ne change =  7.145e-07
	Q =  1.891e+00 ->  1.910e+00, 
	Zstar guess =  3.679e-01. Current Zstar:  3.679e-01 (converged=True)
	Change =  3.397e-04
__________________________________________
TF Iteration 50
	μ = -2.245873947e-01, change: 2.879061526e-01 (converged=False)
	φe Err =  4.177e-11, φe change =  1.847e-06
	ne Err =  1.124e-02, ne change =  5.652e-09
	Q =  1.198e+00 ->  1.105e+00, 
	Zstar guess =  1.195e+00. Current Zstar:  4.598e-01 (converged=False)
	Change =  2.345e-01
__________________________________________
TF Iteration 75
	μ = -1.174161572e-01, change: 1.078341014e-04 (converged=False)
	φe Err =  4.184e-11, φe change =  5.895e-05
	ne Err =  7.775e-04, ne change =  2.731e-09
	Q =  5.731e-01 ->  5.558e-01, 
	Zstar guess =  5.688e-01. Current Zstar:  4.738e-01 (converged=False)
	Change =  1.383e-04
