
===========================================
===========================================
Starting case: Ar: Te = 0.379 eV, Ti = 0.379 eV 

T[K]:  4400.941005243443
________________________
Generating NPA
T:  0.013936943819163437
Using More TF fit for initial Zstar = 0.471
	Intializing grid
Initializing, True
Initializing
	Creating Integral Equation Solver
Intialized Potentials and Densities
Initialized
Time to setup correlation sphere (IS) model: 7.676e-01 [s], time so far: 7.677e-01 [s]
Beginning self-consistent electron solver.
_________________________________
__________________________________________
TF Iteration 0
	μ = -1.609101000e+00, change: 7.628930285e+01 (converged=False)
	φe Err =  3.847e-11, φe change =  9.674e-01
	ne Err =  1.031e-01, ne change =  2.107e-04
	Q =  0.000e+00 -> -2.984e+01, 
	Zstar guess =  4.710e-01. Current Zstar:  4.710e-01 (converged=True)
	Change =  1.947e+00
__________________________________________
TF Iteration 1
	μ = -1.608627889e+00, change: 2.940222358e-04 (converged=False)
	φe Err =  4.140e-11, φe change =  6.081e-02
	ne Err =  1.862e-01, ne change =  1.547e-04
	Q = -2.984e+01 -> -2.173e+01, 
	Zstar guess =  4.710e-01. Current Zstar:  4.710e-01 (converged=True)
	Change =  6.823e-02
__________________________________________
TF Iteration 2
	μ = -1.608193166e+00, change: 2.702445376e-04 (converged=False)
	φe Err =  3.954e-11, φe change =  1.494e-02
	ne Err =  1.320e-01, ne change =  1.266e-04
	Q = -2.173e+01 -> -1.541e+01, 
	Zstar guess =  4.710e-01. Current Zstar:  4.710e-01 (converged=True)
	Change =  1.516e-02
__________________________________________
TF Iteration 3
	μ = -1.607826805e+00, change: 2.278087928e-04 (converged=False)
	φe Err =  3.872e-11, φe change =  1.749e-02
	ne Err =  8.450e-02, ne change =  1.044e-04
	Q = -1.541e+01 -> -1.067e+01, 
	Zstar guess =  4.710e-01. Current Zstar:  4.710e-01 (converged=True)
	Change =  1.917e-02
__________________________________________
TF Iteration 4
	μ = -1.607531853e+00, change: 1.834476011e-04 (converged=False)
	φe Err =  3.923e-11, φe change =  1.135e-02
	ne Err =  6.090e-02, ne change =  8.543e-05
	Q = -1.067e+01 -> -7.195e+00, 
	Zstar guess =  4.710e-01. Current Zstar:  4.710e-01 (converged=True)
	Change =  1.289e-02
__________________________________________
TF Iteration 5
	μ = -1.607295214e+00, change: 1.472066567e-04 (converged=False)
	φe Err =  4.041e-11, φe change =  5.248e-03
	ne Err =  5.301e-02, ne change =  6.907e-05
	Q = -7.195e+00 -> -4.675e+00, 
	Zstar guess =  4.710e-01. Current Zstar:  4.710e-01 (converged=True)
	Change =  6.078e-03
__________________________________________
TF Iteration 6
	μ = -1.607096760e+00, change: 1.234705486e-04 (converged=False)
	φe Err =  4.163e-11, φe change =  2.035e-03
	ne Err =  4.708e-02, ne change =  5.525e-05
	Q = -4.675e+00 -> -2.829e+00, 
	Zstar guess =  4.710e-01. Current Zstar:  4.710e-01 (converged=True)
	Change =  1.454e-03
__________________________________________
TF Iteration 7
	μ = -1.606919011e+00, change: 1.106024474e-04 (converged=False)
	φe Err =  3.895e-11, φe change =  2.042e-03
	ne Err =  3.951e-02, ne change =  4.387e-05
	Q = -2.829e+00 -> -1.444e+00, 
	Zstar guess =  4.710e-01. Current Zstar:  4.710e-01 (converged=True)
	Change =  1.030e-03
__________________________________________
TF Iteration 8
	μ = -1.606751209e+00, change: 1.044248645e-04 (converged=False)
	φe Err =  4.000e-11, φe change =  2.102e-03
	ne Err =  3.164e-02, ne change =  3.472e-05
	Q = -1.444e+00 -> -3.792e-01, 
	Zstar guess =  4.710e-01. Current Zstar:  4.710e-01 (converged=True)
	Change =  1.614e-03
__________________________________________
TF Iteration 9
	μ = -1.606588167e+00, change: 1.014729265e-04 (converged=False)
	φe Err =  3.913e-11, φe change =  1.738e-03
	ne Err =  2.480e-02, ne change =  2.746e-05
	Q = -3.792e-01 ->  4.515e-01, 
	Zstar guess =  4.710e-01. Current Zstar:  4.710e-01 (converged=True)
	Change =  1.463e-03
__________________________________________
TF Iteration 25
	μ = -6.669175085e-01, change: 1.276676910e-04 (converged=False)
	φe Err =  4.146e-11, φe change =  2.862e-04
	ne Err =  1.752e-03, ne change =  7.087e-07
	Q =  1.955e+00 ->  1.977e+00, 
	Zstar guess =  4.710e-01. Current Zstar:  4.710e-01 (converged=True)
	Change =  3.907e-04
__________________________________________
TF Iteration 50
	μ = -2.373642416e-01, change: 2.839828131e-01 (converged=False)
	φe Err =  3.909e-11, φe change =  1.840e-06
	ne Err =  1.171e-02, ne change =  5.783e-09
	Q =  1.247e+00 ->  1.185e+00, 
	Zstar guess =  1.244e+00. Current Zstar:  5.315e-01 (converged=False)
	Change =  2.309e-01
__________________________________________
TF Iteration 75
	μ = -1.268237087e-01, change: 1.603907423e-04 (converged=False)
	φe Err =  4.057e-11, φe change =  6.090e-05
	ne Err =  7.040e-04, ne change =  3.115e-09
	Q =  5.989e-01 ->  5.902e-01, 
	Zstar guess =  5.949e-01. Current Zstar:  5.369e-01 (converged=False)
	Change =  1.777e-04
