
===========================================
===========================================
Starting case: Ar: Te = 0.616 eV, Ti = 0.616 eV 

T[K]:  7152.613400946228
________________________
Generating NPA
T:  0.022650967375025942
Using More TF fit for initial Zstar = 0.597
	Intializing grid
Initializing, True
Initializing
	Creating Integral Equation Solver
Intialized Potentials and Densities
Initialized
Time to setup correlation sphere (IS) model: 4.007e-01 [s], time so far: 4.007e-01 [s]
Beginning self-consistent electron solver.
_________________________________
__________________________________________
TF Iteration 0
	μ = -1.714208807e+00, change: 3.656425178e+01 (converged=False)
	φe Err =  3.751e-11, φe change =  9.730e-01
	ne Err =  1.100e-01, ne change =  2.109e-04
	Q =  0.000e+00 -> -3.219e+01, 
	Zstar guess =  5.965e-01. Current Zstar:  5.965e-01 (converged=True)
	Change =  1.940e+00
__________________________________________
TF Iteration 1
	μ = -1.713425494e+00, change: 4.569534683e-04 (converged=False)
	φe Err =  4.063e-11, φe change =  6.422e-02
	ne Err =  1.952e-01, ne change =  1.541e-04
	Q = -3.219e+01 -> -2.356e+01, 
	Zstar guess =  5.965e-01. Current Zstar:  5.965e-01 (converged=True)
	Change =  7.221e-02
__________________________________________
TF Iteration 2
	μ = -1.712701657e+00, change: 4.224499574e-04 (converged=False)
	φe Err =  4.134e-11, φe change =  1.531e-02
	ne Err =  1.398e-01, ne change =  1.262e-04
	Q = -2.356e+01 -> -1.683e+01, 
	Zstar guess =  5.965e-01. Current Zstar:  5.965e-01 (converged=True)
	Change =  1.552e-02
__________________________________________
TF Iteration 3
	μ = -1.712086567e+00, change: 3.591341314e-04 (converged=False)
	φe Err =  3.924e-11, φe change =  1.846e-02
	ne Err =  9.039e-02, ne change =  1.043e-04
	Q = -1.683e+01 -> -1.175e+01, 
	Zstar guess =  5.965e-01. Current Zstar:  5.965e-01 (converged=True)
	Change =  2.027e-02
__________________________________________
TF Iteration 4
	μ = -1.711587460e+00, change: 2.915197242e-04 (converged=False)
	φe Err =  4.027e-11, φe change =  1.235e-02
	ne Err =  6.482e-02, ne change =  8.550e-05
	Q = -1.175e+01 -> -7.996e+00, 
	Zstar guess =  5.965e-01. Current Zstar:  5.965e-01 (converged=True)
	Change =  1.406e-02
__________________________________________
TF Iteration 5
	μ = -1.711185716e+00, change: 2.347203996e-04 (converged=False)
	φe Err =  3.739e-11, φe change =  5.986e-03
	ne Err =  5.599e-02, ne change =  6.926e-05
	Q = -7.996e+00 -> -5.261e+00, 
	Zstar guess =  5.965e-01. Current Zstar:  5.965e-01 (converged=True)
	Change =  6.993e-03
__________________________________________
TF Iteration 6
	μ = -1.710849973e+00, change: 1.962048275e-04 (converged=False)
	φe Err =  3.842e-11, φe change =  2.315e-03
	ne Err =  4.993e-02, ne change =  5.547e-05
	Q = -5.261e+00 -> -3.251e+00, 
	Zstar guess =  5.965e-01. Current Zstar:  5.965e-01 (converged=True)
	Change =  2.013e-03
__________________________________________
TF Iteration 7
	μ = -1.710551495e+00, change: 1.744615482e-04 (converged=False)
	φe Err =  3.980e-11, φe change =  2.053e-03
	ne Err =  4.225e-02, ne change =  4.407e-05
	Q = -3.251e+00 -> -1.742e+00, 
	Zstar guess =  5.965e-01. Current Zstar:  5.965e-01 (converged=True)
	Change =  8.679e-04
__________________________________________
TF Iteration 8
	μ = -1.710271709e+00, change: 1.635653270e-04 (converged=False)
	φe Err =  4.097e-11, φe change =  2.177e-03
	ne Err =  3.408e-02, ne change =  3.487e-05
	Q = -1.742e+00 -> -5.844e-01, 
	Zstar guess =  5.965e-01. Current Zstar:  5.965e-01 (converged=True)
	Change =  1.633e-03
__________________________________________
TF Iteration 9
	μ = -1.710001194e+00, change: 1.581706505e-04 (converged=False)
	φe Err =  4.029e-11, φe change =  1.851e-03
	ne Err =  2.683e-02, ne change =  2.756e-05
	Q = -5.844e-01 ->  3.182e-01, 
	Zstar guess =  5.965e-01. Current Zstar:  5.965e-01 (converged=True)
	Change =  1.560e-03
__________________________________________
TF Iteration 25
	μ = -6.968790273e-01, change: 1.882123107e-04 (converged=False)
	φe Err =  4.013e-11, φe change =  2.966e-04
	ne Err =  1.809e-03, ne change =  7.039e-07
	Q =  2.011e+00 ->  2.035e+00, 
	Zstar guess =  5.965e-01. Current Zstar:  5.965e-01 (converged=True)
	Change =  4.441e-04
__________________________________________
TF Iteration 50
	μ = -2.512155603e-01, change: 2.756501259e-01 (converged=False)
	φe Err =  4.078e-11, φe change =  1.802e-06
	ne Err =  1.194e-02, ne change =  5.864e-09
	Q =  1.288e+00 ->  1.268e+00, 
	Zstar guess =  1.285e+00. Current Zstar:  6.150e-01 (converged=False)
	Change =  2.232e-01
__________________________________________
TF Iteration 75
	μ = -1.403297028e-01, change: 1.867879029e-04 (converged=False)
	φe Err =  3.924e-11, φe change =  6.175e-05
	ne Err =  5.540e-04, ne change =  3.629e-09
	Q =  6.205e-01 ->  6.170e-01, 
	Zstar guess =  6.218e-01. Current Zstar:  6.152e-01 (converged=False)
	Change =  1.974e-04
__________________________________________
TF Iteration 100
	μ = -7.619698648e-02, change: 1.452995678e-01 (converged=False)
	φe Err =  4.185e-11, φe change =  7.843e-07
	ne Err =  1.927e-03, ne change =  5.110e-10
	Q =  3.359e-01 ->  3.342e-01, 
	Zstar guess =  3.974e-01. Current Zstar:  6.150e-01 (converged=False)
	Change =  1.105e-01
__________________________________________
TF Iteration 125
	μ = -6.374782366e-02, change: 3.699717462e-05 (converged=False)
	φe Err =  4.157e-11, φe change =  7.533e-06
	ne Err =  9.104e-05, ne change =  8.979e-10
	Q =  1.013e-01 ->  9.702e-02, 
	Zstar guess =  3.123e-01. Current Zstar:  6.157e-01 (converged=False)
	Change =  3.409e-05
__________________________________________
TF Iteration 150
	μ = -5.948806204e-02, change: 7.707566216e-03 (converged=False)
	φe Err =  3.969e-11, φe change =  7.874e-08
	ne Err =  1.736e-04, ne change =  2.961e-11
	Q =  2.609e-02 ->  5.365e-02, 
	Zstar guess =  3.060e-01. Current Zstar:  5.874e-01 (converged=False)
	Change =  5.471e-03
__________________________________________
TF Iteration 175
	μ = -5.922911254e-02, change: 1.578581970e-05 (converged=False)
	φe Err =  3.984e-11, φe change =  9.792e-08
	ne Err =  5.852e-04, ne change =  8.996e-12
	Q =  1.929e-03 ->  1.486e-01, 
	Zstar guess =  3.022e-01. Current Zstar:  4.405e-01 (converged=False)
	Change =  1.126e-05
__________________________________________
TF Iteration 200
	μ = -6.344365657e-02, change: 3.550924240e-02 (converged=False)
	φe Err =  3.999e-11, φe change =  4.855e-08
	ne Err =  2.234e-04, ne change =  3.306e-11
	Q = -2.070e-02 ->  8.929e-02, 
	Zstar guess =  2.879e-01. Current Zstar:  3.304e-01 (converged=False)
	Change =  2.467e-02
__________________________________________
TF Iteration 225
	μ = -6.494843033e-02, change: 2.085488356e-05 (converged=False)
	φe Err =  4.084e-11, φe change =  1.053e-06
	ne Err =  3.294e-04, ne change =  1.359e-10
	Q = -1.379e-02 ->  4.508e-02, 
	Zstar guess =  2.774e-01. Current Zstar:  2.719e-01 (converged=False)
	Change =  1.586e-05
__________________________________________
TF Iteration 250
	μ = -6.722710062e-02, change: 7.142703963e-03 (converged=False)
	φe Err =  4.108e-11, φe change =  3.727e-08
	ne Err =  5.649e-05, ne change =  1.955e-11
	Q = -1.494e-02 -> -1.198e-02, 
	Zstar guess =  2.694e-01. Current Zstar:  2.690e-01 (converged=False)
	Change =  5.033e-03
__________________________________________
TF Iteration 275
	μ = -6.757636739e-02, change: 4.764406050e-07 (converged=True)
	φe Err =  3.871e-11, φe change =  2.050e-07
	ne Err =  7.622e-06, ne change =  2.519e-11
	Q = -2.982e-03 -> -4.021e-03, 
	Zstar guess =  2.708e-01. Current Zstar:  2.702e-01 (converged=False)
	Change =  5.523e-07
__________________________________________
TF Iteration 300
	μ = -6.760874268e-02, change: 4.124796269e-04 (converged=False)
	φe Err =  4.098e-11, φe change =  1.356e-09
	ne Err =  4.971e-06, ne change =  2.868e-13
	Q = -3.371e-04 -> -1.818e-03, 
	Zstar guess =  2.712e-01. Current Zstar:  2.717e-01 (converged=False)
	Change =  2.917e-04
__________________________________________
TF Iteration 325
	μ = -6.760090721e-02, change: 5.973163497e-08 (converged=True)
	φe Err =  3.910e-11, φe change =  7.053e-09
	ne Err =  1.793e-06, ne change =  9.172e-13
	Q =  7.917e-05 ->  3.818e-04, 
	Zstar guess =  2.715e-01. Current Zstar:  2.714e-01 (converged=False)
	Change =  4.976e-08
__________________________________________
TF Iteration 350
	μ = -6.760503446e-02, change: 1.947761323e-05 (converged=False)
	φe Err =  4.181e-11, φe change =  7.589e-11
	ne Err =  1.206e-07, ne change =  5.043e-14
	Q = -3.006e-05 -> -1.520e-05, 
	Zstar guess =  2.714e-01. Current Zstar:  2.714e-01 (converged=False)
	Change =  1.377e-05
__________________________________________
TF Iteration 375
	μ = -6.760598641e-02, change: 8.084786174e-10 (converged=True)
	φe Err =  3.936e-11, φe change =  5.771e-10
	ne Err =  3.408e-08, ne change =  6.871e-14
	Q = -8.255e-06 -> -1.319e-05, 
	Zstar guess =  2.714e-01. Current Zstar:  2.714e-01 (converged=True)
	Change =  1.177e-09
__________________________________________
TF Iteration 400
	μ = -6.760604168e-02, change: 1.214112327e-06 (converged=True)
	φe Err =  3.898e-11, φe change =  9.387e-12
	ne Err =  1.295e-08, ne change =  3.769e-15
	Q = -6.678e-07 -> -4.628e-06, 
	Zstar guess =  2.714e-01. Current Zstar:  2.714e-01 (converged=True)
	Change =  8.585e-07
__________________________________________
TF Iteration 425
	μ = -6.760601355e-02, change: 1.045792342e-10 (converged=True)
	φe Err =  4.047e-11, φe change =  2.206e-11
	ne Err =  4.448e-09, ne change =  3.505e-15
	Q =  2.731e-07 ->  9.675e-07, 
	Zstar guess =  2.714e-01. Current Zstar:  2.714e-01 (converged=True)
	Change =  9.738e-11
__________________________________________
TF Iteration 450
	μ = -6.760601826e-02, change: 3.055660658e-08 (converged=True)
	φe Err =  3.818e-11, φe change =  6.793e-12
	ne Err =  5.581e-10, ne change =  2.519e-15
	Q = -4.139e-08 -> -1.703e-08, 
	Zstar guess =  2.714e-01. Current Zstar:  2.714e-01 (converged=True)
	Change =  2.161e-08
__________________________________________
TF Iteration 475
	μ = -6.760601973e-02, change: 9.170442183e-14 (converged=True)
	φe Err =  3.861e-11, φe change =  6.158e-12
	ne Err =  2.020e-10, ne change =  1.238e-15
	Q = -1.285e-08 -> -2.361e-08, 
	Zstar guess =  2.714e-01. Current Zstar:  2.714e-01 (converged=True)
	Change =  2.121e-12
__________________________________________
TF Iteration 493
	μ = -6.760601983e-02, change: 5.684341886e-14 (converged=True)
	φe Err =  3.876e-11, φe change =  2.844e-12
	ne Err =  9.651e-11, ne change =  2.218e-15
	Q = -1.449e-09 -> -1.177e-09, 
	Zstar guess =  2.714e-01. Current Zstar:  2.714e-01 (converged=True)
	Change =  1.266e-12
	-------------------
	Solving IET.
0: Initial condition Total Error: 1.970e+00
Exiting status 0, reverting to best index so far: 269
Final iter:270, Total Error: 9.002e-13
	-------------------
	Solving IET.
0: Initial condition Total Error: 1.970e+00
Exiting status 0, reverting to best index so far: 269
Final iter:270, Total Error: 9.002e-13
Time to solve CS model: 1.509e+02 [s], time so far: 1.513e+02 [s]
CS model saved.
Ee_pot_density = -1.186e-01 [au], Ee_K = 6.053e-02 [au], Ee_tot = -5.804e-02 [au]
P_e = 4.914e-07 [au], 1.446e-04 [Mbar]
Virial if 6.542e+02 = 6.408e+02 --->  off by 2.101e+00 % 

βEe_pot/Z = -3143.168, βEe_K/Z = 1604.615, βEe_tot/Z = -1538.552
βP_e Ω/Z = 0.013
