
===========================================
===========================================
Starting case: Al: Te = 30.000 eV, Ti = 10.000 eV 

________________________
Generating NPA
T:  1.1024797619388698
Using More TF fit for initial Zstar = 4.208
	Intializing grid
Initializing, False
________________________
Generating NPA
T:  1.1024797619388698
Using More TF fit for initial Zstar = 4.208
	Intializing grid
Initializing, True
Initializing
	Creating Integral Equation Solver
/home/zach/plasma/average_atom/core/average_atom_new.py:237: RuntimeWarning: invalid value encountered in power
  nb_Mavrin_Demura_func = lambda r: np.nan_to_num(self.Z/(4*π*r_TF**3) * (Φ_Mavrin_Demura(x(r))/x(r) )**1.5)
Intialized Potentials and Densities
Initialized
Time to setup correlation sphere (CS) model: 2.513e+00 [s], time so far: 2.513e+00 [s]
Solving core.
Beginning self-consistent electron solver.
_________________________________
__________________________________________
TF Iteration 0
	μ = -2.979825943e+00, change: 1.121619823e+00 (converged=False)
	φe Err =  2.154e-10, φe change =  8.978e-01
	ne Err =  7.285e-02, ne change =  8.281e-04
	Q =  0.000e+00 -> -4.531e+00, 
	Zstar guess =  4.208e+00. Current Zstar:  4.208e+00 (converged=True)
	Change =  1.365e+00
__________________________________________
TF Iteration 1
	μ = -1.393579642e+00, change: 5.323285087e-01 (converged=False)
	φe Err =  2.451e-10, φe change =  9.474e-02
	ne Err =  3.749e-02, ne change =  3.673e-04
	Q = -4.531e+00 ->  5.485e-01, 
	Zstar guess =  4.208e+00. Current Zstar:  2.643e+00 (converged=False)
	Change =  5.837e-01
__________________________________________
TF Iteration 2
	μ = -1.539702428e+00, change: 1.048542771e-01 (converged=False)
	φe Err =  2.314e-10, φe change =  2.201e-02
	ne Err =  1.363e-02, ne change =  2.034e-04
	Q =  5.485e-01 -> -1.001e-01, 
	Zstar guess =  4.208e+00. Current Zstar:  3.445e+00 (converged=False)
	Change =  9.318e-02
__________________________________________
TF Iteration 3
	μ = -1.482416529e+00, change: 3.720582487e-02 (converged=False)
	φe Err =  2.316e-10, φe change =  3.032e-03
	ne Err =  6.209e-03, ne change =  9.926e-05
	Q = -1.001e-01 ->  9.072e-02, 
	Zstar guess =  4.208e+00. Current Zstar:  3.602e+00 (converged=False)
	Change =  2.993e-02
__________________________________________
TF Iteration 4
	μ = -1.494225554e+00, change: 7.966063442e-03 (converged=False)
	φe Err =  2.350e-10, φe change =  3.910e-04
	ne Err =  2.847e-03, ne change =  4.992e-05
	Q =  9.072e-02 ->  1.661e-02, 
	Zstar guess =  4.208e+00. Current Zstar:  3.772e+00 (converged=False)
	Change =  5.730e-03
__________________________________________
TF Iteration 5
	μ = -1.491217346e+00, change: 2.013221910e-03 (converged=False)
	φe Err =  2.348e-10, φe change =  7.591e-04
	ne Err =  1.217e-03, ne change =  2.454e-05
	Q =  1.661e-02 ->  1.602e-02, 
	Zstar guess =  4.208e+00. Current Zstar:  3.838e+00 (converged=False)
	Change =  2.181e-03
__________________________________________
TF Iteration 6
	μ = -1.492570491e+00, change: 9.074099490e-04 (converged=False)
	φe Err =  2.373e-10, φe change =  1.716e-04
	ne Err =  5.265e-04, ne change =  1.221e-05
	Q =  1.602e-02 ->  4.808e-03, 
	Zstar guess =  4.208e+00. Current Zstar:  3.876e+00 (converged=False)
	Change =  7.965e-04
__________________________________________
TF Iteration 7
	μ = -1.492745441e+00, change: 1.172135480e-04 (converged=False)
	φe Err =  2.342e-10, φe change =  8.852e-05
	ne Err =  2.284e-04, ne change =  6.055e-06
	Q =  4.808e-03 ->  2.019e-03, 
	Zstar guess =  4.208e+00. Current Zstar:  3.893e+00 (converged=False)
	Change =  1.680e-04
__________________________________________
TF Iteration 8
	μ = -1.493039480e+00, change: 1.969784624e-04 (converged=False)
	φe Err =  2.298e-10, φe change =  2.005e-05
	ne Err =  1.023e-04, ne change =  3.017e-06
	Q =  2.019e-03 ->  2.873e-04, 
	Zstar guess =  4.208e+00. Current Zstar:  3.901e+00 (converged=False)
	Change =  1.551e-04
__________________________________________
TF Iteration 9
	μ = -1.493164159e+00, change: 8.350689881e-05 (converged=False)
	φe Err =  2.344e-10, φe change =  7.296e-06
	ne Err =  4.701e-05, ne change =  1.503e-06
	Q =  2.873e-04 -> -1.752e-04, 
	Zstar guess =  4.208e+00. Current Zstar:  3.905e+00 (converged=False)
	Change =  6.422e-05
__________________________________________
TF Iteration 25
	μ = -1.493368984e+00, change: 1.031701948e-07 (converged=True)
	φe Err =  2.314e-10, φe change =  3.069e-09
	ne Err =  2.513e-08, ne change =  2.276e-11
	Q = -2.443e-06 -> -1.671e-06, 
	Zstar guess =  4.208e+00. Current Zstar:  3.907e+00 (converged=False)
	Change =  7.636e-08
__________________________________________
TF Iteration 43
	μ = -1.493369320e+00, change: 1.956657059e-12 (converged=True)
	φe Err =  2.280e-10, φe change =  4.294e-11
	ne Err =  2.493e-11, ne change =  2.402e-14
	Q = -4.030e-09 -> -2.767e-09, 
	Zstar guess =  4.208e+00. Current Zstar:  3.907e+00 (converged=False)
	Change =  2.650e-11
Settin up and solving empty atom
________________________
Generating NPA
T:  1.1024797619388698
	Intializing grid
Initializing, True
Initializing
	Creating Integral Equation Solver
Intialized Potentials and Densities
Initialized
Beginning self-consistent electron solver.
_________________________________
__________________________________________
TF Iteration 0
	μ = -1.493369320e+00, change: 0.000000000e+00 (converged=True)
	φe Err =  1.834e-05, φe change =  2.644e-01
	ne Err =  3.488e-02, ne change =  3.941e-01
	Q =  0.000e+00 ->  1.253e+03, 
	Zstar guess =  3.907e+00. Current Zstar:  3.907e+00 (converged=True)
	Change =  6.247e-01
__________________________________________
TF Iteration 1
	μ = -1.493369320e+00, change: 0.000000000e+00 (converged=True)
	φe Err =  2.513e-05, φe change =  1.310e-01
	ne Err =  1.397e-02, ne change =  3.136e-01
	Q =  1.253e+03 ->  1.740e+03, 
	Zstar guess =  3.907e+00. Current Zstar:  3.907e+00 (converged=True)
	Change =  4.456e-01
__________________________________________
TF Iteration 2
	μ = -1.493369320e+00, change: 0.000000000e+00 (converged=True)
	φe Err =  2.573e-05, φe change =  1.181e-01
	ne Err =  1.640e-03, ne change =  1.899e-01
	Q =  1.740e+03 ->  1.741e+03, 
	Zstar guess =  3.907e+00. Current Zstar:  3.907e+00 (converged=True)
	Change =  3.335e-01
__________________________________________
TF Iteration 3
	μ = -1.493369320e+00, change: 0.000000000e+00 (converged=True)
	φe Err =  2.477e-05, φe change =  1.234e-01
	ne Err =  7.550e-03, ne change =  8.182e-02
	Q =  1.741e+03 ->  1.467e+03, 
	Zstar guess =  3.907e+00. Current Zstar:  3.907e+00 (converged=True)
	Change =  2.144e-01
__________________________________________
TF Iteration 4
	μ = -1.493369320e+00, change: 0.000000000e+00 (converged=True)
	φe Err =  2.318e-05, φe change =  1.335e-01
	ne Err =  1.075e-02, ne change =  4.565e-02
	Q =  1.467e+03 ->  1.077e+03, 
	Zstar guess =  3.907e+00. Current Zstar:  3.907e+00 (converged=True)
	Change =  1.562e-01
__________________________________________
TF Iteration 5
	μ = -1.493369320e+00, change: 0.000000000e+00 (converged=True)
	φe Err =  2.709e-05, φe change =  1.449e-01
	ne Err =  1.097e-02, ne change =  7.044e-02
	Q =  1.077e+03 ->  6.822e+02, 
	Zstar guess =  3.907e+00. Current Zstar:  3.907e+00 (converged=True)
	Change =  2.358e-01
__________________________________________
TF Iteration 6
	μ = -1.493369320e+00, change: 0.000000000e+00 (converged=True)
	φe Err =  2.010e-05, φe change =  1.555e-01
	ne Err =  9.402e-03, ne change =  9.213e-02
	Q =  6.822e+02 ->  3.485e+02, 
	Zstar guess =  3.907e+00. Current Zstar:  3.907e+00 (converged=True)
	Change =  2.781e-01
__________________________________________
TF Iteration 7
	μ = -1.493369320e+00, change: 0.000000000e+00 (converged=True)
	φe Err =  2.251e-05, φe change =  1.620e-01
	ne Err =  7.015e-03, ne change =  1.025e-01
	Q =  3.485e+02 ->  1.056e+02, 
	Zstar guess =  3.907e+00. Current Zstar:  3.907e+00 (converged=True)
	Change =  2.915e-01
__________________________________________
TF Iteration 8
	μ = -1.493369320e+00, change: 0.000000000e+00 (converged=True)
	φe Err =  2.282e-05, φe change =  1.595e-01
	ne Err =  4.547e-03, ne change =  1.014e-01
	Q =  1.056e+02 -> -4.398e+01, 
	Zstar guess =  3.907e+00. Current Zstar:  3.907e+00 (converged=True)
	Change =  2.800e-01
__________________________________________
TF Iteration 9
	μ = -1.493369320e+00, change: 0.000000000e+00 (converged=True)
	φe Err =  2.083e-05, φe change =  1.433e-01
	ne Err =  2.474e-03, ne change =  9.030e-02
	Q = -4.398e+01 -> -1.152e+02, 
	Zstar guess =  3.907e+00. Current Zstar:  3.907e+00 (converged=True)
	Change =  2.445e-01
__________________________________________
TF Iteration 25
	μ = -1.493369320e+00, change: 0.000000000e+00 (converged=True)
	φe Err =  2.368e-05, φe change =  8.220e-04
	ne Err =  1.676e-05, ne change =  3.247e-04
	Q =  1.237e+01 ->  1.188e+01, 
	Zstar guess =  3.907e+00. Current Zstar:  3.907e+00 (converged=True)
	Change =  1.166e-03
__________________________________________
TF Iteration 50
	μ = -1.493369320e+00, change: 0.000000000e+00 (converged=True)
	φe Err =  2.373e-05, φe change =  2.199e-07
	ne Err =  3.456e-09, ne change =  1.285e-07
	Q =  1.301e+01 ->  1.301e+01, 
	Zstar guess =  3.907e+00. Current Zstar:  3.907e+00 (converged=True)
	Change =  3.417e-07
__________________________________________
TF Iteration 75
	μ = -1.493369320e+00, change: 0.000000000e+00 (converged=True)
	φe Err =  2.349e-05, φe change =  4.345e-11
	ne Err =  3.896e-12, ne change =  4.531e-11
	Q =  1.301e+01 ->  1.301e+01, 
	Zstar guess =  3.907e+00. Current Zstar:  3.907e+00 (converged=True)
	Change =  7.218e-11
__________________________________________
TF Iteration 76
	μ = -1.493369320e+00, change: 0.000000000e+00 (converged=True)
	φe Err =  2.349e-05, φe change =  4.345e-11
	ne Err =  3.896e-12, ne change =  4.531e-11
	Q =  1.301e+01 ->  1.301e+01, 
	Zstar guess =  3.907e+00. Current Zstar:  3.907e+00 (converged=True)
	Change =  7.218e-11
/home/zach/plasma/average_atom/core/aa_types.py:137: RuntimeWarning: divide by zero encountered in log
  log_nb_data = np.where(self.core_atom.nb==0, np.log(1e-20), np.log(self.core_atom.nb) )
Check combination is neutral: 13 = 1.301e+01
	Creating Integral Equation Solver
/home/zach/plasma/average_atom/core/aa_types.py:152: RuntimeWarning: invalid value encountered in power
  self.Uei_iet   = self.iet.FT_k_2_r(self.Uei_iet_k**self.rs**-3)
	-------------------
	Solving IET.
0: Initial condition Total Error: 5.416e+01
Exiting status 0, reverting to best index so far: 1515
Final iter:1516, Total Error: 9.967e-13
Time to solve SS model: 9.216e+01 [s], time so far: 9.467e+01 [s]
	-------------------
	Solving IET.
0: Initial condition Total Error: 5.416e+01
Exiting status 0, reverting to best index so far: 1515
Final iter:1516, Total Error: 9.967e-13
SS model saved.

Changing Ion parameters
	-------------------
	Solving IET.
0: Initial condition Total Error: 5.410e+01
Exiting status 0, reverting to best index so far: 1544
Final iter:1545, Total Error: 9.860e-13

Changing Ion parameters
	-------------------
	Solving IET.
0: Initial condition Total Error: 5.410e+01
Exiting status 0, reverting to best index so far: 1524
Final iter:1525, Total Error: 9.835e-13
