
===========================================
===========================================
Starting case: Al: Te = 1.000 eV, Ti = 1.000 eV 

________________________
Generating NPA
T:  0.03674932539796232
Using More TF fit for initial Zstar = 2.496
	Intializing grid
Initializing, False
________________________
Generating NPA
T:  0.03674932539796232
Using More TF fit for initial Zstar = 2.496
	Intializing grid
Initializing, True
Initializing
	Creating Integral Equation Solver
/home/zach/plasma/average_atom/core/average_atom_new.py:237: RuntimeWarning: invalid value encountered in power
  nb_Mavrin_Demura_func = lambda r: np.nan_to_num(self.Z/(4*π*r_TF**3) * (Φ_Mavrin_Demura(x(r))/x(r) )**1.5)
Intialized Potentials and Densities
Initialized
Time to setup correlation sphere (CS) model: 3.495e+00 [s], time so far: 3.495e+00 [s]
Solving core.
Beginning self-consistent electron solver.
_________________________________
__________________________________________
TF Iteration 0
	μ = -6.839461533e-01, change: 2.818774245e+00 (converged=False)
	φe Err =  2.251e-10, φe change =  7.588e-01
	ne Err =  8.625e-02, ne change =  8.278e-04
	Q =  0.000e+00 -> -4.772e+00, 
	Zstar guess =  2.496e+00. Current Zstar:  2.496e+00 (converged=False)
	Change =  2.092e+00
__________________________________________
TF Iteration 1
	μ = 4.626165009e-01, change: 1.676393161e+00 (converged=False)
	φe Err =  2.428e-10, φe change =  7.971e-02
	ne Err =  3.327e-02, ne change =  3.750e-04
	Q = -4.772e+00 ->  6.444e-01, 
	Zstar guess =  2.496e+00. Current Zstar:  1.248e+00 (converged=False)
	Change =  1.473e+00
__________________________________________
TF Iteration 2
	μ = 2.337914140e-01, change: 4.946323498e-01 (converged=False)
	φe Err =  2.288e-10, φe change =  1.813e-02
	ne Err =  2.541e-02, ne change =  2.029e-04
	Q =  6.444e-01 -> -9.286e-01, 
	Zstar guess =  2.496e+00. Current Zstar:  2.320e+00 (converged=False)
	Change =  4.607e-01
__________________________________________
TF Iteration 3
	μ = 3.616180668e-01, change: 5.467551206e-01 (converged=False)
	φe Err =  2.388e-10, φe change =  5.493e-03
	ne Err =  7.434e-03, ne change =  9.728e-05
	Q = -9.286e-01 ->  1.285e-01, 
	Zstar guess =  2.496e+00. Current Zstar:  1.784e+00 (converged=False)
	Change =  3.027e-01
__________________________________________
TF Iteration 4
	μ = 2.835714035e-01, change: 2.158262279e-01 (converged=False)
	φe Err =  2.413e-10, φe change =  1.757e-03
	ne Err =  8.531e-03, ne change =  5.032e-05
	Q =  1.285e-01 -> -3.525e-01, 
	Zstar guess =  2.496e+00. Current Zstar:  2.070e+00 (converged=False)
	Change =  1.718e-01
__________________________________________
TF Iteration 5
	μ = 3.218794208e-01, change: 1.350912568e-01 (converged=False)
	φe Err =  2.330e-10, φe change =  2.027e-03
	ne Err =  1.988e-03, ne change =  2.372e-05
	Q = -3.525e-01 -> -5.398e-04, 
	Zstar guess =  2.496e+00. Current Zstar:  1.860e+00 (converged=False)
	Change =  9.145e-02
__________________________________________
TF Iteration 6
	μ = 2.942927859e-01, change: 8.570487291e-02 (converged=False)
	φe Err =  2.355e-10, φe change =  8.157e-04
	ne Err =  3.046e-03, ne change =  1.251e-05
	Q = -5.398e-04 -> -1.481e-01, 
	Zstar guess =  2.496e+00. Current Zstar:  1.922e+00 (converged=False)
	Change =  6.415e-02
__________________________________________
TF Iteration 7
	μ = 3.051626090e-01, change: 3.693540453e-02 (converged=False)
	φe Err =  2.322e-10, φe change =  5.139e-04
	ne Err =  5.411e-04, ne change =  5.843e-06
	Q = -1.481e-01 -> -2.764e-02, 
	Zstar guess =  2.496e+00. Current Zstar:  1.832e+00 (converged=False)
	Change =  2.619e-02
__________________________________________
TF Iteration 8
	μ = 2.949959088e-01, change: 3.331568134e-02 (converged=False)
	φe Err =  2.336e-10, φe change =  3.056e-04
	ne Err =  1.220e-03, ne change =  3.146e-06
	Q = -2.764e-02 -> -6.995e-02, 
	Zstar guess =  2.496e+00. Current Zstar:  1.834e+00 (converged=False)
	Change =  2.428e-02
__________________________________________
TF Iteration 9
	μ = 2.977293683e-01, change: 9.266092849e-03 (converged=False)
	φe Err =  2.384e-10, φe change =  1.597e-04
	ne Err =  2.538e-04, ne change =  1.440e-06
	Q = -6.995e-02 -> -2.578e-02, 
	Zstar guess =  2.496e+00. Current Zstar:  1.791e+00 (converged=False)
	Change =  6.692e-03
__________________________________________
TF Iteration 25
	μ = 2.892628220e-01, change: 1.648669942e-04 (converged=False)
	φe Err =  2.360e-10, φe change =  2.567e-07
	ne Err =  9.794e-06, ne change =  1.570e-11
	Q = -1.133e-03 -> -9.010e-04, 
	Zstar guess =  2.496e+00. Current Zstar:  1.699e+00 (converged=False)
	Change =  1.169e-04
__________________________________________
TF Iteration 50
	μ = 2.890692768e-01, change: 6.385481401e-07 (converged=True)
	φe Err =  2.337e-10, φe change =  1.093e-09
	ne Err =  3.711e-08, ne change =  2.713e-14
	Q = -4.282e-06 -> -3.427e-06, 
	Zstar guess =  2.496e+00. Current Zstar:  1.696e+00 (converged=False)
	Change =  4.527e-07
__________________________________________
TF Iteration 75
	μ = 2.890685396e-01, change: 2.439554669e-09 (converged=True)
	φe Err =  2.413e-10, φe change =  3.990e-12
	ne Err =  1.417e-10, ne change =  3.457e-15
	Q = -1.636e-08 -> -1.309e-08, 
	Zstar guess =  2.496e+00. Current Zstar:  1.696e+00 (converged=False)
	Change =  1.729e-09
__________________________________________
TF Iteration 88
	μ = 2.890685370e-01, change: 1.861955035e-12 (converged=True)
	φe Err =  2.328e-10, φe change =  4.988e-11
	ne Err =  6.506e-12, ne change =  5.300e-14
	Q = -1.130e-09 -> -9.045e-10, 
	Zstar guess =  2.496e+00. Current Zstar:  1.696e+00 (converged=False)
	Change =  2.525e-11
Settin up and solving empty atom
________________________
Generating NPA
T:  0.03674932539796232
	Intializing grid
Initializing, True
Initializing
	Creating Integral Equation Solver
Intialized Potentials and Densities
Initialized
Beginning self-consistent electron solver.
_________________________________
__________________________________________
TF Iteration 0
	μ = 2.890685370e-01, change: 0.000000000e+00 (converged=True)
	φe Err =  1.473e-05, φe change =  4.089e-01
	ne Err =  2.127e-01, ne change =  4.339e-01
	Q =  0.000e+00 ->  2.482e+03, 
	Zstar guess =  1.696e+00. Current Zstar:  1.696e+00 (converged=True)
	Change =  8.135e-01
__________________________________________
TF Iteration 1
	μ = 2.890685370e-01, change: 0.000000000e+00 (converged=True)
	φe Err =  2.253e-05, φe change =  1.890e-01
	ne Err =  8.333e-02, ne change =  4.053e-01
	Q =  2.482e+03 ->  3.375e+03, 
	Zstar guess =  1.696e+00. Current Zstar:  1.696e+00 (converged=True)
	Change =  5.916e-01
__________________________________________
TF Iteration 2
	μ = 2.890685370e-01, change: 0.000000000e+00 (converged=True)
	φe Err =  2.650e-05, φe change =  1.355e-01
	ne Err =  5.894e-02, ne change =  3.242e-01
	Q =  3.375e+03 ->  2.907e+03, 
	Zstar guess =  1.696e+00. Current Zstar:  1.696e+00 (converged=True)
	Change =  4.828e-01
__________________________________________
TF Iteration 3
	μ = 2.890685370e-01, change: 0.000000000e+00 (converged=True)
	φe Err =  2.505e-05, φe change =  1.172e-01
	ne Err =  1.347e-01, ne change =  2.489e-01
	Q =  2.907e+03 ->  1.459e+03, 
	Zstar guess =  1.696e+00. Current Zstar:  1.696e+00 (converged=True)
	Change =  3.231e-01
__________________________________________
TF Iteration 4
	μ = 2.890685370e-01, change: 0.000000000e+00 (converged=True)
	φe Err =  2.747e-05, φe change =  1.116e-01
	ne Err =  1.445e-01, ne change =  2.500e-01
	Q =  1.459e+03 -> -2.474e+02, 
	Zstar guess =  1.696e+00. Current Zstar:  1.696e+00 (converged=True)
	Change =  1.289e-01
__________________________________________
TF Iteration 5
	μ = 2.890685370e-01, change: 0.000000000e+00 (converged=True)
	φe Err =  2.280e-05, φe change =  1.125e-01
	ne Err =  1.025e-01, ne change =  2.243e-01
	Q = -2.474e+02 -> -1.335e+03, 
	Zstar guess =  1.696e+00. Current Zstar:  1.696e+00 (converged=True)
	Change =  1.982e-01
__________________________________________
TF Iteration 6
	μ = 2.890685370e-01, change: 0.000000000e+00 (converged=True)
	φe Err =  2.881e-05, φe change =  1.182e-01
	ne Err =  6.446e-02, ne change =  1.881e-01
	Q = -1.335e+03 -> -1.398e+03, 
	Zstar guess =  1.696e+00. Current Zstar:  1.696e+00 (converged=True)
	Change =  1.978e-01
__________________________________________
TF Iteration 7
	μ = 2.890685370e-01, change: 0.000000000e+00 (converged=True)
	φe Err =  2.301e-05, φe change =  1.287e-01
	ne Err =  7.927e-02, ne change =  1.750e-01
	Q = -1.398e+03 -> -7.214e+02, 
	Zstar guess =  1.696e+00. Current Zstar:  1.696e+00 (converged=True)
	Change =  1.692e-01
__________________________________________
TF Iteration 8
	μ = 2.890685370e-01, change: 0.000000000e+00 (converged=True)
	φe Err =  2.525e-05, φe change =  1.448e-01
	ne Err =  8.448e-02, ne change =  1.773e-01
	Q = -7.214e+02 ->  1.132e+02, 
	Zstar guess =  1.696e+00. Current Zstar:  1.696e+00 (converged=True)
	Change =  1.571e-01
__________________________________________
TF Iteration 9
	μ = 2.890685370e-01, change: 0.000000000e+00 (converged=True)
	φe Err =  2.518e-05, φe change =  1.689e-01
	ne Err =  6.088e-02, ne change =  1.803e-01
	Q =  1.132e+02 ->  6.627e+02, 
	Zstar guess =  1.696e+00. Current Zstar:  1.696e+00 (converged=True)
	Change =  1.787e-01
__________________________________________
TF Iteration 25
	μ = 2.890685370e-01, change: 0.000000000e+00 (converged=True)
	φe Err =  2.555e-05, φe change =  2.654e-02
	ne Err =  4.678e-03, ne change =  6.556e-03
	Q = -2.558e+01 ->  2.683e+01, 
	Zstar guess =  1.696e+00. Current Zstar:  1.696e+00 (converged=True)
	Change =  2.773e-02
__________________________________________
TF Iteration 50
	μ = 2.890685370e-01, change: 0.000000000e+00 (converged=True)
	φe Err =  2.296e-05, φe change =  1.094e-04
	ne Err =  7.355e-05, ne change =  6.080e-05
	Q =  1.222e+01 ->  1.308e+01, 
	Zstar guess =  1.696e+00. Current Zstar:  1.696e+00 (converged=True)
	Change =  7.465e-05
__________________________________________
TF Iteration 75
	μ = 2.890685370e-01, change: 0.000000000e+00 (converged=True)
	φe Err =  2.291e-05, φe change =  1.850e-06
	ne Err =  1.154e-06, ne change =  1.001e-06
	Q =  1.299e+01 ->  1.300e+01, 
	Zstar guess =  1.696e+00. Current Zstar:  1.696e+00 (converged=True)
	Change =  8.417e-07
__________________________________________
TF Iteration 100
	μ = 2.890685370e-01, change: 0.000000000e+00 (converged=True)
	φe Err =  2.131e-05, φe change =  3.213e-08
	ne Err =  1.782e-08, ne change =  1.563e-08
	Q =  1.300e+01 ->  1.300e+01, 
	Zstar guess =  1.696e+00. Current Zstar:  1.696e+00 (converged=True)
	Change =  1.365e-08
__________________________________________
TF Iteration 125
	μ = 2.890685370e-01, change: 0.000000000e+00 (converged=True)
	φe Err =  2.145e-05, φe change =  5.423e-10
	ne Err =  2.694e-10, ne change =  2.407e-10
	Q =  1.300e+01 ->  1.300e+01, 
	Zstar guess =  1.696e+00. Current Zstar:  1.696e+00 (converged=True)
	Change =  1.617e-10
__________________________________________
TF Iteration 134
	μ = 2.890685370e-01, change: 0.000000000e+00 (converged=True)
	φe Err =  2.180e-05, φe change =  1.531e-10
	ne Err =  5.748e-11, ne change =  6.215e-11
	Q =  1.300e+01 ->  1.300e+01, 
	Zstar guess =  1.696e+00. Current Zstar:  1.696e+00 (converged=True)
	Change =  1.547e-11
/home/zach/plasma/average_atom/core/aa_types.py:137: RuntimeWarning: divide by zero encountered in log
  log_nb_data = np.where(self.core_atom.nb==0, np.log(1e-20), np.log(self.core_atom.nb) )
Check combination is neutral: 13 = 1.300e+01
	Creating Integral Equation Solver
/home/zach/plasma/average_atom/core/aa_types.py:152: RuntimeWarning: invalid value encountered in power
  self.Uei_iet   = self.iet.FT_k_2_r(self.Uei_iet_k**self.rs**-3)
	-------------------
	Solving IET.
0: Initial condition Total Error: 1.705e+02
Exiting status 0, reverting to best index so far: 2119
Final iter:2120, Total Error: 9.905e-13
Time to solve SS model: 1.757e+02 [s], time so far: 1.792e+02 [s]
	-------------------
	Solving IET.
0: Initial condition Total Error: 1.705e+02
Exiting status 0, reverting to best index so far: 2119
Final iter:2120, Total Error: 9.905e-13
SS model saved.

Changing Ion parameters
	-------------------
	Solving IET.
0: Initial condition Total Error: 1.694e+02
Exiting status 0, reverting to best index so far: 2872
Final iter:2873, Total Error: 9.948e-13

Changing Ion parameters
	-------------------
	Solving IET.
0: Initial condition Total Error: 1.694e+02
Exiting status 0, reverting to best index so far: 2479
Final iter:2480, Total Error: 9.963e-13
