
===========================================
===========================================
Starting case: Al: Te = 1.000 eV, Ti = 1.000 eV 

________________________
Generating NPA
Using More TF fit for initial Zstar = 2.496
	Intializing grid
Initializing, True
Initializing
	Creating Integral Equation Solver
Intialized Potentials and Densities
Initialized
Time to setup NPA: 1.860e+00 [s], time so far: 1.860e+00 [s]
Beginning self-consistent electron solver.
_________________________________
/home/zach/plasma/average_atom/core/average_atom.py:602: RuntimeWarning: divide by zero encountered in divide
  rel_errs = (np.abs(A @ φe - b)[:-1]/b[:-1])
__________________________________________
TF Iteration 0
	μ = 3.740356830e-01, change: 6.880214795e-04 (converged=False)
	φe Err =       -inf, φe change =  4.044e-01
	ne Err =  1.336e-02, ne change =  2.272e-01
	Q =  0.000e+00 ->  0.000e+00, 
	Zstar guess =  2.496e+00. Current Zstar:  2.494e+00 (converged=False)
	Change =  4.620e-01
__________________________________________
TF Iteration 1
	μ = 3.742513713e-01, change: 5.766515800e-04 (converged=False)
	φe Err =       -inf, φe change =  1.732e-01
	ne Err =  4.158e-03, ne change =  9.179e-02
	Q =  0.000e+00 ->  0.000e+00, 
	Zstar guess =  2.496e+00. Current Zstar:  2.492e+00 (converged=False)
	Change =  2.161e-01
__________________________________________
TF Iteration 2
	μ = 3.743668559e-01, change: 3.085748997e-04 (converged=False)
	φe Err =       -inf, φe change =  6.914e-02
	ne Err =  4.742e-03, ne change =  4.166e-02
	Q =  0.000e+00 ->  9.095e-13, 
	Zstar guess =  2.496e+00. Current Zstar:  2.491e+00 (converged=False)
	Change =  9.733e-02
__________________________________________
TF Iteration 3
	μ = 3.744107843e-01, change: 1.173405447e-04 (converged=False)
	φe Err =       -inf, φe change =  2.358e-02
	ne Err =  4.784e-03, ne change =  1.989e-02
	Q =  9.095e-13 ->  4.547e-13, 
	Zstar guess =  2.496e+00. Current Zstar:  2.490e+00 (converged=False)
	Change =  4.085e-02
__________________________________________
TF Iteration 4
	μ = 3.744190329e-01, change: 2.203096313e-05 (converged=False)
	φe Err =       -inf, φe change =  5.872e-03
	ne Err =  3.907e-03, ne change =  9.727e-03
	Q =  4.547e-13 ->  0.000e+00, 
	Zstar guess =  2.496e+00. Current Zstar:  2.490e+00 (converged=False)
	Change =  1.528e-02
__________________________________________
TF Iteration 5
	μ = 3.744145380e-01, change: 1.200511453e-05 (converged=False)
	φe Err =       -inf, φe change =  2.960e-03
	ne Err =  2.938e-03, ne change =  4.821e-03
	Q =  0.000e+00 ->  0.000e+00, 
	Zstar guess =  2.496e+00. Current Zstar:  2.489e+00 (converged=False)
	Change =  4.687e-03
__________________________________________
TF Iteration 6
	μ = 3.744084674e-01, change: 1.621357686e-05 (converged=False)
	φe Err =       -inf, φe change =  3.011e-03
	ne Err =  2.178e-03, ne change =  2.407e-03
	Q =  0.000e+00 ->  0.000e+00, 
	Zstar guess =  2.496e+00. Current Zstar:  2.489e+00 (converged=False)
	Change =  3.798e-03
__________________________________________
TF Iteration 7
	μ = 3.744050056e-01, change: 9.246038064e-06 (converged=True)
	φe Err =       -inf, φe change =  2.181e-03
	ne Err =  1.641e-03, ne change =  1.206e-03
	Q =  0.000e+00 -> -4.547e-13, 
	Zstar guess =  2.496e+00. Current Zstar:  2.489e+00 (converged=False)
	Change =  2.538e-03
__________________________________________
TF Iteration 8
	μ = 3.744049346e-01, change: 1.896699175e-07 (converged=True)
	φe Err =       -inf, φe change =  1.295e-03
	ne Err =  1.263e-03, ne change =  6.047e-04
	Q = -4.547e-13 ->  0.000e+00, 
	Zstar guess =  2.496e+00. Current Zstar:  2.489e+00 (converged=False)
	Change =  1.467e-03
__________________________________________
TF Iteration 9
	μ = 3.744076981e-01, change: 7.381180373e-06 (converged=True)
	φe Err =       -inf, φe change =  6.896e-04
	ne Err =  9.810e-04, ne change =  3.030e-04
	Q =  0.000e+00 ->  0.000e+00, 
	Zstar guess =  2.496e+00. Current Zstar:  2.489e+00 (converged=False)
	Change =  7.617e-04
__________________________________________
TF Iteration 25
	μ = 3.745067417e-01, change: 1.518046101e-05 (converged=False)
	φe Err =       -inf, φe change =  2.436e-06
	ne Err =  2.783e-05, ne change =  4.364e-09
	Q =  0.000e+00 ->  0.000e+00, 
	Zstar guess =  2.496e+00. Current Zstar:  2.488e+00 (converged=False)
	Change =  1.175e-05
__________________________________________
TF Iteration 50
	μ = 3.746231705e-01, change: 1.022844199e-05 (converged=False)
	φe Err =       -inf, φe change =  4.059e-07
	ne Err =  1.002e-05, ne change =  4.976e-11
	Q =  0.000e+00 ->  0.000e+00, 
	Zstar guess =  2.496e+00. Current Zstar:  2.487e+00 (converged=False)
	Change =  8.040e-06
__________________________________________
TF Iteration 75
	μ = 5.202014818e-01, change: 2.544954703e-04 (converged=False)
	φe Err =       -inf, φe change =  2.138e-06
	ne Err =  7.781e-06, ne change =  1.469e-09
	Q = -4.547e-13 -> -9.095e-13, 
	Zstar guess =  4.043e+00. Current Zstar:  4.043e+00 (converged=False)
	Change =  1.819e-04
__________________________________________
TF Iteration 100
	μ = 5.204082737e-01, change: 4.332161552e-06 (converged=True)
	φe Err =       -inf, φe change =  3.130e-07
	ne Err =  3.798e-06, ne change =  3.931e-10
	Q = -4.547e-13 -> -1.364e-12, 
	Zstar guess =  4.043e+00. Current Zstar:  4.043e+00 (converged=True)
	Change =  3.680e-06
__________________________________________
TF Iteration 125
	μ = 5.205507809e-01, change: 2.652986926e-06 (converged=True)
	φe Err =       -inf, φe change =  2.023e-07
	ne Err =  2.325e-06, ne change =  1.358e-10
	Q =  0.000e+00 ->  9.095e-13, 
	Zstar guess =  4.044e+00. Current Zstar:  4.044e+00 (converged=True)
	Change =  2.270e-06
__________________________________________
TF Iteration 150
	μ = 5.206321590e-01, change: 1.624748430e-06 (converged=True)
	φe Err =       -inf, φe change =  1.238e-07
	ne Err =  1.424e-06, ne change =  3.621e-10
	Q =  4.547e-13 ->  0.000e+00, 
	Zstar guess =  4.044e+00. Current Zstar:  4.044e+00 (converged=False)
	Change =  1.391e-06
__________________________________________
TF Iteration 175
	μ = 5.206843278e-01, change: 9.949868440e-07 (converged=True)
	φe Err =       -inf, φe change =  5.662e-08
	ne Err =  8.723e-07, ne change =  3.049e-11
	Q =  9.095e-13 ->  0.000e+00, 
	Zstar guess =  4.045e+00. Current Zstar:  4.045e+00 (converged=False)
	Change =  8.169e-07
__________________________________________
TF Iteration 200
	μ = 5.207130288e-01, change: 6.093704294e-07 (converged=True)
	φe Err =       -inf, φe change =  3.254e-08
	ne Err =  5.341e-07, ne change =  1.547e-11
	Q =  4.547e-13 ->  0.000e+00, 
	Zstar guess =  4.045e+00. Current Zstar:  4.045e+00 (converged=True)
	Change =  4.941e-07
__________________________________________
TF Iteration 225
	μ = 5.207409048e-01, change: 1.961955598e-05 (converged=False)
	φe Err =       -inf, φe change =  2.022e-08
	ne Err =  3.275e-07, ne change =  1.548e-10
	Q = -9.095e-13 ->  4.547e-13, 
	Zstar guess =  4.045e+00. Current Zstar:  4.045e+00 (converged=True)
	Change =  1.390e-05
/home/zach/plasma/average_atom/core/average_atom.py:602: RuntimeWarning: invalid value encountered in divide
  rel_errs = (np.abs(A @ φe - b)[:-1]/b[:-1])
__________________________________________
TF Iteration 250
	μ = 5.207447089e-01, change: 2.285870304e-07 (converged=True)
	φe Err =       -inf, φe change =  1.262e-08
	ne Err =  2.004e-07, ne change =  1.935e-12
	Q =  4.547e-13 ->  0.000e+00, 
	Zstar guess =  4.045e+00. Current Zstar:  4.045e+00 (converged=True)
	Change =  1.867e-07
__________________________________________
TF Iteration 275
	μ = 5.207598025e-01, change: 1.400720588e-07 (converged=True)
	φe Err =       -inf, φe change =  7.783e-09
	ne Err =  1.228e-07, ne change =  1.297e-12
	Q =  0.000e+00 -> -4.547e-13, 
	Zstar guess =  4.045e+00. Current Zstar:  4.045e+00 (converged=True)
	Change =  1.145e-07
__________________________________________
TF Iteration 300
	μ = 5.207612297e-01, change: 8.576510369e-08 (converged=True)
	φe Err =       -inf, φe change =  4.731e-09
	ne Err =  7.518e-08, ne change =  7.162e-13
	Q = -9.095e-13 -> -4.547e-13, 
	Zstar guess =  4.045e+00. Current Zstar:  4.045e+00 (converged=True)
	Change =  7.004e-08
__________________________________________
TF Iteration 325
	μ = 5.207679624e-01, change: 5.257653068e-08 (converged=True)
	φe Err =       -inf, φe change =  2.684e-09
	ne Err =  4.605e-08, ne change =  7.765e-12
	Q =  0.000e+00 ->  0.000e+00, 
	Zstar guess =  4.045e+00. Current Zstar:  4.045e+00 (converged=True)
	Change =  4.120e-08
__________________________________________
TF Iteration 350
	μ = 5.207684982e-01, change: 3.219359734e-08 (converged=True)
	φe Err =       -inf, φe change =  1.775e-09
	ne Err =  2.822e-08, ne change =  2.674e-13
	Q = -4.547e-13 ->  0.000e+00, 
	Zstar guess =  4.045e+00. Current Zstar:  4.045e+00 (converged=True)
	Change =  2.629e-08
__________________________________________
TF Iteration 375
	μ = 5.207688262e-01, change: 1.971186681e-08 (converged=True)
	φe Err =       -inf, φe change =  1.087e-09
	ne Err =  1.728e-08, ne change =  1.645e-13
	Q = -9.095e-13 ->  1.364e-12, 
	Zstar guess =  4.045e+00. Current Zstar:  4.045e+00 (converged=True)
	Change =  1.610e-08
__________________________________________
TF Iteration 400
	μ = 5.207690270e-01, change: 1.206941547e-08 (converged=True)
	φe Err =       -inf, φe change =  6.658e-10
	ne Err =  1.058e-08, ne change =  1.007e-13
	Q =  4.547e-13 ->  4.547e-13, 
	Zstar guess =  4.045e+00. Current Zstar:  4.045e+00 (converged=True)
	Change =  9.857e-09
__________________________________________
TF Iteration 404
	μ = 5.207690452e-01, change: 1.137944916e-08 (converged=True)
	φe Err =       -inf, φe change =  6.277e-10
	ne Err =  9.975e-09, ne change =  9.504e-14
	Q = -4.547e-13 ->  0.000e+00, 
	Zstar guess =  4.045e+00. Current Zstar:  4.045e+00 (converged=True)
	Change =  9.294e-09
/home/zach/plasma/average_atom/core/average_atom.py:557: RuntimeWarning: divide by zero encountered in divide
  rel_errs = (np.abs(A @ φe - b)[:-1]/b[:-1])
	-------------------
	Solving IET.
0: Initial condition Total Error: 1.809e+03
Exiting status 0, reverting to best index so far: 5359
Final iter:5360, Total Error: 9.984e-13
Time to solve NPA: 1.942e+02 [s], time so far: 1.961e+02 [s]
NPA saved.
