
===========================================
===========================================
Starting case: Al: Te = 3.000 eV, Ti = 1.000 eV 

________________________
Generating NPA
Using More TF fit for initial Zstar = 2.594
	Intializing grid
Initializing, False
________________________
Generating NPA
Using More TF fit for initial Zstar = 2.594
	Intializing grid
Initializing, True
Initializing
	Creating Integral Equation Solver
/home/zach/plasma/average_atom/core/average_atom_new.py:256: RuntimeWarning: invalid value encountered in power
  nb_Mavrin_Demura_func = lambda r: np.nan_to_num(self.Z/(4*π*r_TF**3) * (Φ_Mavrin_Demura(x(r))/x(r) )**1.5)
Intialized Potentials and Densities
Initialized
Time to setup correlation sphere (CS) model: 2.221e+00 [s], time so far: 2.221e+00 [s]
Solving core.
Beginning self-consistent electron solver.
_________________________________
__________________________________________
TF Iteration 0
	μ = -7.771536258e-01, change: 3.161543198e+00 (converged=False)
	φe Err =  5.186e-11, φe change =  7.721e-01
	ne Err =  8.904e-02, ne change =  8.279e-04
	Q =  0.000e+00 -> -5.030e+00, 
	Zstar guess =  2.594e+00. Current Zstar:  2.594e+00 (converged=True)
	Change =  2.076e+00
__________________________________________
TF Iteration 1
	μ = 4.495736474e-01, change: 1.578487486e+00 (converged=False)
	φe Err =  5.967e-11, φe change =  8.274e-02
	ne Err =  3.373e-02, ne change =  3.735e-04
	Q = -5.030e+00 ->  5.990e-01, 
	Zstar guess =  2.594e+00. Current Zstar:  1.297e+00 (converged=False)
	Change =  1.454e+00
__________________________________________
TF Iteration 2
	μ = 2.158884263e-01, change: 5.197929694e-01 (converged=False)
	φe Err =  6.193e-11, φe change =  1.937e-02
	ne Err =  2.533e-02, ne change =  2.032e-04
	Q =  5.990e-01 -> -9.462e-01, 
	Zstar guess =  2.594e+00. Current Zstar:  2.388e+00 (converged=False)
	Change =  4.891e-01
__________________________________________
TF Iteration 3
	μ = 3.413813376e-01, change: 5.812859609e-01 (converged=False)
	φe Err =  5.846e-11, φe change =  5.630e-03
	ne Err =  6.350e-03, ne change =  9.732e-05
	Q = -9.462e-01 ->  8.252e-02, 
	Zstar guess =  2.594e+00. Current Zstar:  1.913e+00 (converged=False)
	Change =  3.166e-01
__________________________________________
TF Iteration 4
	μ = 2.669734817e-01, change: 2.179611118e-01 (converged=False)
	φe Err =  5.836e-11, φe change =  1.683e-03
	ne Err =  7.981e-03, ne change =  5.026e-05
	Q =  8.252e-02 -> -3.439e-01, 
	Zstar guess =  2.594e+00. Current Zstar:  2.172e+00 (converged=False)
	Change =  1.736e-01
__________________________________________
TF Iteration 5
	μ = 2.994978011e-01, change: 1.218260304e-01 (converged=False)
	φe Err =  5.748e-11, φe change =  1.927e-03
	ne Err =  1.254e-03, ne change =  2.377e-05
	Q = -3.439e-01 -> -3.112e-02, 
	Zstar guess =  2.594e+00. Current Zstar:  1.991e+00 (converged=False)
	Change =  8.310e-02
__________________________________________
TF Iteration 6
	μ = 2.750772961e-01, change: 8.153817799e-02 (converged=False)
	φe Err =  5.770e-11, φe change =  7.140e-04
	ne Err =  2.723e-03, ne change =  1.244e-05
	Q = -3.112e-02 -> -1.430e-01, 
	Zstar guess =  2.594e+00. Current Zstar:  2.031e+00 (converged=False)
	Change =  6.084e-02
__________________________________________
TF Iteration 7
	μ = 2.825497960e-01, change: 2.716509142e-02 (converged=False)
	φe Err =  5.644e-11, φe change =  4.199e-04
	ne Err =  4.199e-04, ne change =  5.876e-06
	Q = -1.430e-01 -> -4.346e-02, 
	Zstar guess =  2.594e+00. Current Zstar:  1.952e+00 (converged=False)
	Change =  1.940e-02
__________________________________________
TF Iteration 8
	μ = 2.740293650e-01, change: 3.015550245e-02 (converged=False)
	φe Err =  6.180e-11, φe change =  2.508e-04
	ne Err =  1.089e-03, ne change =  3.113e-06
	Q = -4.346e-02 -> -6.806e-02, 
	Zstar guess =  2.594e+00. Current Zstar:  1.942e+00 (converged=False)
	Change =  2.192e-02
__________________________________________
TF Iteration 9
	μ = 2.751618079e-01, change: 4.132560552e-03 (converged=False)
	φe Err =  5.814e-11, φe change =  1.102e-04
	ne Err =  3.333e-04, ne change =  1.458e-06
	Q = -6.806e-02 -> -3.296e-02, 
	Zstar guess =  2.594e+00. Current Zstar:  1.904e+00 (converged=False)
	Change =  3.033e-03
__________________________________________
TF Iteration 25
	μ = 2.668604854e-01, change: 1.534086753e-04 (converged=False)
	φe Err =  5.794e-11, φe change =  3.030e-07
	ne Err =  8.528e-06, ne change =  2.456e-11
	Q = -9.578e-04 -> -7.499e-04, 
	Zstar guess =  2.594e+00. Current Zstar:  1.810e+00 (converged=False)
	Change =  1.088e-04
__________________________________________
TF Iteration 50
	μ = 2.667106268e-01, change: 3.615304264e-07 (converged=True)
	φe Err =  5.854e-11, φe change =  7.320e-10
	ne Err =  1.989e-08, ne change =  1.392e-14
	Q = -2.234e-06 -> -1.754e-06, 
	Zstar guess =  2.594e+00. Current Zstar:  1.808e+00 (converged=False)
	Change =  2.564e-07
__________________________________________
TF Iteration 75
	μ = 2.667102758e-01, change: 8.478201474e-10 (converged=True)
	φe Err =  5.643e-11, φe change =  2.923e-12
	ne Err =  4.664e-11, ne change =  3.990e-16
	Q = -5.239e-09 -> -4.112e-09, 
	Zstar guess =  2.594e+00. Current Zstar:  1.808e+00 (converged=False)
	Change =  6.001e-10
__________________________________________
TF Iteration 83
	μ = 2.667102752e-01, change: 1.591615728e-12 (converged=True)
	φe Err =  6.053e-11, φe change =  2.677e-13
	ne Err =  5.294e-12, ne change =  8.936e-16
	Q = -9.614e-10 -> -7.547e-10, 
	Zstar guess =  2.594e+00. Current Zstar:  1.808e+00 (converged=False)
	Change =  1.260e-12
Settin up and solving empty atom
________________________
Generating NPA
	Intializing grid
Initializing, True
Initializing
	Creating Integral Equation Solver
Intialized Potentials and Densities
Initialized
Beginning self-consistent electron solver.
_________________________________
__________________________________________
TF Iteration 0
	μ = 2.667102752e-01, change: 0.000000000e+00 (converged=True)
	φe Err =  4.595e-06, φe change =  4.028e-01
	ne Err =  2.666e-01, ne change =  4.366e-01
	Q =  0.000e+00 ->  4.357e+02, 
	Zstar guess =  1.808e+00. Current Zstar:  1.808e+00 (converged=True)
	Change =  8.131e-01
__________________________________________
TF Iteration 1
	μ = 2.667102752e-01, change: 0.000000000e+00 (converged=True)
	φe Err =  6.870e-06, φe change =  1.905e-01
	ne Err =  1.167e-01, ne change =  4.145e-01
	Q =  4.357e+02 ->  6.088e+02, 
	Zstar guess =  1.808e+00. Current Zstar:  1.808e+00 (converged=True)
	Change =  6.024e-01
__________________________________________
TF Iteration 2
	μ = 2.667102752e-01, change: 0.000000000e+00 (converged=True)
	φe Err =  7.308e-06, φe change =  1.405e-01
	ne Err =  4.877e-02, ne change =  3.470e-01
	Q =  6.088e+02 ->  5.902e+02, 
	Zstar guess =  1.808e+00. Current Zstar:  1.808e+00 (converged=True)
	Change =  5.137e-01
__________________________________________
TF Iteration 3
	μ = 2.667102752e-01, change: 0.000000000e+00 (converged=True)
	φe Err =  8.080e-06, φe change =  1.249e-01
	ne Err =  1.230e-01, ne change =  2.458e-01
	Q =  5.902e+02 ->  4.273e+02, 
	Zstar guess =  1.808e+00. Current Zstar:  1.808e+00 (converged=True)
	Change =  3.944e-01
__________________________________________
TF Iteration 4
	μ = 2.667102752e-01, change: 0.000000000e+00 (converged=True)
	φe Err =  6.806e-06, φe change =  1.220e-01
	ne Err =  1.541e-01, ne change =  2.181e-01
	Q =  4.273e+02 ->  1.877e+02, 
	Zstar guess =  1.808e+00. Current Zstar:  1.808e+00 (converged=True)
	Change =  2.206e-01
__________________________________________
TF Iteration 5
	μ = 2.667102752e-01, change: 0.000000000e+00 (converged=True)
	φe Err =  8.034e-06, φe change =  1.262e-01
	ne Err =  1.356e-01, ne change =  2.070e-01
	Q =  1.877e+02 -> -2.921e+01, 
	Zstar guess =  1.808e+00. Current Zstar:  1.808e+00 (converged=True)
	Change =  1.725e-01
__________________________________________
TF Iteration 6
	μ = 2.667102752e-01, change: 0.000000000e+00 (converged=True)
	φe Err =  7.756e-06, φe change =  1.364e-01
	ne Err =  9.559e-02, ne change =  1.782e-01
	Q = -2.921e+01 -> -1.402e+02, 
	Zstar guess =  1.808e+00. Current Zstar:  1.808e+00 (converged=True)
	Change =  2.250e-01
__________________________________________
TF Iteration 7
	μ = 2.667102752e-01, change: 0.000000000e+00 (converged=True)
	φe Err =  7.314e-06, φe change =  1.532e-01
	ne Err =  7.729e-02, ne change =  1.574e-01
	Q = -1.402e+02 -> -1.329e+02, 
	Zstar guess =  1.808e+00. Current Zstar:  1.808e+00 (converged=True)
	Change =  2.300e-01
__________________________________________
TF Iteration 8
	μ = 2.667102752e-01, change: 0.000000000e+00 (converged=True)
	φe Err =  7.585e-06, φe change =  1.788e-01
	ne Err =  8.310e-02, ne change =  1.553e-01
	Q = -1.329e+02 -> -5.689e+01, 
	Zstar guess =  1.808e+00. Current Zstar:  1.808e+00 (converged=True)
	Change =  2.391e-01
__________________________________________
TF Iteration 9
	μ = 2.667102752e-01, change: 0.000000000e+00 (converged=True)
	φe Err =  6.695e-06, φe change =  2.172e-01
	ne Err =  7.691e-02, ne change =  1.623e-01
	Q = -5.689e+01 ->  2.662e+01, 
	Zstar guess =  1.808e+00. Current Zstar:  1.808e+00 (converged=True)
	Change =  2.775e-01
__________________________________________
TF Iteration 25
	μ = 2.667102752e-01, change: 0.000000000e+00 (converged=True)
	φe Err =  7.514e-06, φe change =  9.109e-03
	ne Err =  1.440e-03, ne change =  2.606e-03
	Q =  6.979e+00 ->  8.085e+00, 
	Zstar guess =  1.808e+00. Current Zstar:  1.808e+00 (converged=True)
	Change =  1.081e-02
__________________________________________
TF Iteration 50
	μ = 2.667102752e-01, change: 0.000000000e+00 (converged=True)
	φe Err =  7.036e-06, φe change =  8.237e-06
	ne Err =  1.669e-05, ne change =  1.318e-05
	Q =  1.299e+01 ->  1.296e+01, 
	Zstar guess =  1.808e+00. Current Zstar:  1.808e+00 (converged=True)
	Change =  1.087e-05
__________________________________________
TF Iteration 75
	μ = 2.667102752e-01, change: 0.000000000e+00 (converged=True)
	φe Err =  6.807e-06, φe change =  1.558e-07
	ne Err =  1.396e-07, ne change =  9.888e-08
	Q =  1.299e+01 ->  1.299e+01, 
	Zstar guess =  1.808e+00. Current Zstar:  1.808e+00 (converged=True)
	Change =  1.240e-07
__________________________________________
TF Iteration 100
	μ = 2.667102752e-01, change: 0.000000000e+00 (converged=True)
	φe Err =  7.187e-06, φe change =  1.524e-09
	ne Err =  2.428e-10, ne change =  9.945e-10
	Q =  1.299e+01 ->  1.299e+01, 
	Zstar guess =  1.808e+00. Current Zstar:  1.808e+00 (converged=True)
	Change =  2.147e-09
__________________________________________
TF Iteration 115
	μ = 2.667102752e-01, change: 0.000000000e+00 (converged=True)
	φe Err =  6.554e-06, φe change =  9.136e-11
	ne Err =  3.111e-11, ne change =  5.823e-11
	Q =  1.299e+01 ->  1.299e+01, 
	Zstar guess =  1.808e+00. Current Zstar:  1.808e+00 (converged=True)
	Change =  7.965e-11
/home/zach/plasma/average_atom/core/aa_types.py:129: RuntimeWarning: divide by zero encountered in log
  log_nb_data = np.where(self.core_atom.nb==0, np.log(1e-20), np.log(self.core_atom.nb) )
Check combination is neutral: 13 = 1.299e+01
	Creating Integral Equation Solver
/home/zach/plasma/average_atom/core/aa_types.py:144: RuntimeWarning: invalid value encountered in power
  self.Uei_iet   = self.iet.FT_k_2_r(self.Uei_iet_k**self.rs**-3)
	-------------------
	Solving IET.
0: Initial condition Total Error: 3.784e+02
Exiting status 0, reverting to best index so far: 2586
Final iter:2587, Total Error: 9.986e-13
	-------------------
	Solving IET.
0: Initial condition Total Error: 3.784e+02
Exiting status 0, reverting to best index so far: 2586
Final iter:2587, Total Error: 9.986e-13
Time to solve CS model: 2.152e+02 [s], time so far: 2.174e+02 [s]
CS model saved.
Changing Ion parameters
	-------------------
	Solving IET.
0: Initial condition Total Error: 3.768e+02
Exiting status 0, reverting to best index so far: 3218
Final iter:3219, Total Error: 9.961e-13
