
===========================================
===========================================
Starting case: Al: Te = 10.000 eV, Ti = 1.000 eV 

________________________
Generating NPA
Using More TF fit for initial Zstar = 2.997
	Intializing grid
Initializing, False
________________________
Generating NPA
Using More TF fit for initial Zstar = 2.997
	Intializing grid
Initializing, True
Initializing
	Creating Integral Equation Solver
/home/zach/plasma/average_atom/core/average_atom_new.py:256: RuntimeWarning: invalid value encountered in power
  nb_Mavrin_Demura_func = lambda r: np.nan_to_num(self.Z/(4*π*r_TF**3) * (Φ_Mavrin_Demura(x(r))/x(r) )**1.5)
Intialized Potentials and Densities
Initialized
Time to setup correlation sphere (CS) model: 2.512e+00 [s], time so far: 2.512e+00 [s]
Solving core.
Beginning self-consistent electron solver.
_________________________________
__________________________________________
TF Iteration 0
	μ = -1.313964456e+00, change: 1.400832824e+01 (converged=False)
	φe Err =  5.387e-11, φe change =  8.292e-01
	ne Err =  9.356e-02, ne change =  8.302e-04
	Q =  0.000e+00 -> -5.592e+00, 
	Zstar guess =  2.997e+00. Current Zstar:  2.997e+00 (converged=True)
	Change =  1.884e+00
__________________________________________
TF Iteration 1
	μ = 2.108170267e-01, change: 1.160443478e+00 (converged=False)
	φe Err =  6.155e-11, φe change =  9.380e-02
	ne Err =  3.655e-02, ne change =  3.688e-04
	Q = -5.592e+00 ->  5.233e-01, 
	Zstar guess =  2.997e+00. Current Zstar:  1.543e+00 (converged=False)
	Change =  1.246e+00
__________________________________________
TF Iteration 2
	μ = -2.896483855e-02, change: 1.137393260e+00 (converged=False)
	φe Err =  5.996e-11, φe change =  2.331e-02
	ne Err =  2.201e-02, ne change =  2.044e-04
	Q =  5.233e-01 -> -7.654e-01, 
	Zstar guess =  2.997e+00. Current Zstar:  2.637e+00 (converged=False)
	Change =  1.151e+00
__________________________________________
TF Iteration 3
	μ = 7.598964972e-02, change: 3.623513664e+00 (converged=False)
	φe Err =  5.919e-11, φe change =  5.576e-03
	ne Err =  5.690e-03, ne change =  9.796e-05
	Q = -7.654e-01 -> -8.079e-03, 
	Zstar guess =  2.997e+00. Current Zstar:  2.457e+00 (converged=False)
	Change =  1.296e+00
__________________________________________
TF Iteration 4
	μ = 2.077712868e-02, change: 7.265794913e-01 (converged=False)
	φe Err =  5.887e-11, φe change =  1.249e-03
	ne Err =  5.418e-03, ne change =  5.015e-05
	Q = -8.079e-03 -> -2.315e-01, 
	Zstar guess =  2.997e+00. Current Zstar:  2.652e+00 (converged=False)
	Change =  7.023e-01
__________________________________________
TF Iteration 5
	μ = 3.310126590e-02, change: 5.931588239e-01 (converged=False)
	φe Err =  5.897e-11, φe change =  1.408e-03
	ne Err =  1.263e-03, ne change =  2.408e-05
	Q = -2.315e-01 -> -7.728e-02, 
	Zstar guess =  2.997e+00. Current Zstar:  2.593e+00 (converged=False)
	Change =  3.168e-01
__________________________________________
TF Iteration 6
	μ = 1.912845138e-02, change: 4.221232674e-01 (converged=False)
	φe Err =  5.864e-11, φe change =  3.347e-04
	ne Err =  1.636e-03, ne change =  1.226e-05
	Q = -7.728e-02 -> -9.839e-02, 
	Zstar guess =  2.997e+00. Current Zstar:  2.597e+00 (converged=False)
	Change =  3.659e-01
__________________________________________
TF Iteration 7
	μ = 1.825090908e-02, change: 4.587628552e-02 (converged=False)
	φe Err =  5.963e-11, φe change =  1.398e-04
	ne Err =  7.515e-04, ne change =  5.981e-06
	Q = -9.839e-02 -> -5.717e-02, 
	Zstar guess =  2.997e+00. Current Zstar:  2.561e+00 (converged=False)
	Change =  3.333e-02
__________________________________________
TF Iteration 8
	μ = 1.373877661e-02, change: 2.472278203e-01 (converged=False)
	φe Err =  5.644e-11, φe change =  1.116e-04
	ne Err =  7.017e-04, ne change =  3.038e-06
	Q = -5.717e-02 -> -4.919e-02, 
	Zstar guess =  2.997e+00. Current Zstar:  2.541e+00 (converged=False)
	Change =  1.976e-01
__________________________________________
TF Iteration 9
	μ = 1.206345989e-02, change: 1.219407498e-01 (converged=False)
	φe Err =  6.031e-11, φe change =  1.184e-05
	ne Err =  4.402e-04, ne change =  1.495e-06
	Q = -4.919e-02 -> -3.350e-02, 
	Zstar guess =  2.997e+00. Current Zstar:  2.519e+00 (converged=False)
	Change =  9.164e-02
__________________________________________
TF Iteration 25
	μ = 5.682501749e-03, change: 3.023289482e-03 (converged=False)
	φe Err =  5.801e-11, φe change =  2.346e-07
	ne Err =  3.377e-06, ne change =  2.685e-11
	Q = -3.541e-04 -> -2.614e-04, 
	Zstar guess =  2.997e+00. Current Zstar:  2.454e+00 (converged=False)
	Change =  2.141e-03
__________________________________________
TF Iteration 50
	μ = 5.633869167e-03, change: 1.562693238e-06 (converged=True)
	φe Err =  5.918e-11, φe change =  1.207e-10
	ne Err =  1.724e-09, ne change =  3.846e-15
	Q = -1.808e-07 -> -1.335e-07, 
	Zstar guess =  2.997e+00. Current Zstar:  2.453e+00 (converged=False)
	Change =  1.105e-06
__________________________________________
TF Iteration 75
	μ = 5.633844320e-03, change: 7.993880002e-10 (converged=True)
	φe Err =  5.904e-11, φe change =  4.404e-12
	ne Err =  8.809e-13, ne change =  4.620e-15
	Q = -9.235e-11 -> -6.823e-11, 
	Zstar guess =  2.997e+00. Current Zstar:  2.453e+00 (converged=False)
	Change =  5.673e-10
__________________________________________
TF Iteration 81
	μ = 5.633844311e-03, change: 1.955879902e-12 (converged=True)
	φe Err =  5.793e-11, φe change =  2.715e-12
	ne Err =  1.082e-13, ne change =  1.727e-15
	Q = -2.031e-11 -> -1.493e-11, 
	Zstar guess =  2.997e+00. Current Zstar:  2.453e+00 (converged=False)
	Change =  2.598e-12
Settin up and solving empty atom
________________________
Generating NPA
	Intializing grid
Initializing, True
Initializing
	Creating Integral Equation Solver
Intialized Potentials and Densities
Initialized
Beginning self-consistent electron solver.
_________________________________
__________________________________________
TF Iteration 0
	μ = 5.633844311e-03, change: 0.000000000e+00 (converged=True)
	φe Err =  5.268e-06, φe change =  3.508e-01
	ne Err =  1.440e-01, ne change =  4.273e-01
	Q =  0.000e+00 ->  3.720e+02, 
	Zstar guess =  2.453e+00. Current Zstar:  2.453e+00 (converged=True)
	Change =  7.511e-01
__________________________________________
TF Iteration 1
	μ = 5.633844311e-03, change: 0.000000000e+00 (converged=True)
	φe Err =  6.688e-06, φe change =  1.692e-01
	ne Err =  6.110e-02, ne change =  3.908e-01
	Q =  3.720e+02 ->  5.177e+02, 
	Zstar guess =  2.453e+00. Current Zstar:  2.453e+00 (converged=True)
	Change =  5.606e-01
__________________________________________
TF Iteration 2
	μ = 5.633844311e-03, change: 0.000000000e+00 (converged=True)
	φe Err =  6.750e-06, φe change =  1.344e-01
	ne Err =  1.563e-02, ne change =  3.021e-01
	Q =  5.177e+02 ->  5.144e+02, 
	Zstar guess =  2.453e+00. Current Zstar:  2.453e+00 (converged=True)
	Change =  4.735e-01
__________________________________________
TF Iteration 3
	μ = 5.633844311e-03, change: 0.000000000e+00 (converged=True)
	φe Err =  7.224e-06, φe change =  1.286e-01
	ne Err =  4.292e-02, ne change =  1.863e-01
	Q =  5.144e+02 ->  4.152e+02, 
	Zstar guess =  2.453e+00. Current Zstar:  2.453e+00 (converged=True)
	Change =  3.652e-01
__________________________________________
TF Iteration 4
	μ = 5.633844311e-03, change: 0.000000000e+00 (converged=True)
	φe Err =  6.983e-06, φe change =  1.339e-01
	ne Err =  5.913e-02, ne change =  1.310e-01
	Q =  4.152e+02 ->  2.682e+02, 
	Zstar guess =  2.453e+00. Current Zstar:  2.453e+00 (converged=True)
	Change =  2.325e-01
__________________________________________
TF Iteration 5
	μ = 5.633844311e-03, change: 0.000000000e+00 (converged=True)
	φe Err =  7.513e-06, φe change =  1.463e-01
	ne Err =  5.871e-02, ne change =  1.266e-01
	Q =  2.682e+02 ->  1.191e+02, 
	Zstar guess =  2.453e+00. Current Zstar:  2.453e+00 (converged=True)
	Change =  1.746e-01
__________________________________________
TF Iteration 6
	μ = 5.633844311e-03, change: 0.000000000e+00 (converged=True)
	φe Err =  8.012e-06, φe change =  1.654e-01
	ne Err =  4.695e-02, ne change =  1.260e-01
	Q =  1.191e+02 ->  4.180e+00, 
	Zstar guess =  2.453e+00. Current Zstar:  2.453e+00 (converged=True)
	Change =  2.645e-01
__________________________________________
TF Iteration 7
	μ = 5.633844311e-03, change: 0.000000000e+00 (converged=True)
	φe Err =  7.733e-06, φe change =  1.921e-01
	ne Err =  3.160e-02, ne change =  1.236e-01
	Q =  4.180e+00 -> -5.885e+01, 
	Zstar guess =  2.453e+00. Current Zstar:  2.453e+00 (converged=True)
	Change =  3.294e-01
__________________________________________
TF Iteration 8
	μ = 5.633844311e-03, change: 0.000000000e+00 (converged=True)
	φe Err =  6.629e-06, φe change =  2.265e-01
	ne Err =  2.086e-02, ne change =  1.255e-01
	Q = -5.885e+01 -> -7.315e+01, 
	Zstar guess =  2.453e+00. Current Zstar:  2.453e+00 (converged=True)
	Change =  3.946e-01
__________________________________________
TF Iteration 9
	μ = 5.633844311e-03, change: 0.000000000e+00 (converged=True)
	φe Err =  6.024e-06, φe change =  2.637e-01
	ne Err =  1.774e-02, ne change =  1.369e-01
	Q = -7.315e+01 -> -5.507e+01, 
	Zstar guess =  2.453e+00. Current Zstar:  2.453e+00 (converged=True)
	Change =  4.605e-01
__________________________________________
TF Iteration 25
	μ = 5.633844311e-03, change: 0.000000000e+00 (converged=True)
	φe Err =  7.094e-06, φe change =  1.941e-03
	ne Err =  1.676e-04, ne change =  5.573e-04
	Q =  1.420e+01 ->  1.417e+01, 
	Zstar guess =  2.453e+00. Current Zstar:  2.453e+00 (converged=True)
	Change =  2.037e-03
__________________________________________
TF Iteration 50
	μ = 5.633844311e-03, change: 0.000000000e+00 (converged=True)
	φe Err =  6.676e-06, φe change =  6.939e-07
	ne Err =  5.088e-07, ne change =  7.176e-07
	Q =  1.299e+01 ->  1.299e+01, 
	Zstar guess =  2.453e+00. Current Zstar:  2.453e+00 (converged=True)
	Change =  7.989e-07
__________________________________________
TF Iteration 75
	μ = 5.633844311e-03, change: 0.000000000e+00 (converged=True)
	φe Err =  6.618e-06, φe change =  2.017e-09
	ne Err =  2.094e-10, ne change =  1.208e-09
	Q =  1.299e+01 ->  1.299e+01, 
	Zstar guess =  2.453e+00. Current Zstar:  2.453e+00 (converged=True)
	Change =  3.006e-09
__________________________________________
TF Iteration 88
	μ = 5.633844311e-03, change: 0.000000000e+00 (converged=True)
	φe Err =  6.191e-06, φe change =  5.213e-11
	ne Err =  2.163e-11, ne change =  4.827e-11
	Q =  1.299e+01 ->  1.299e+01, 
	Zstar guess =  2.453e+00. Current Zstar:  2.453e+00 (converged=True)
	Change =  6.196e-11
/home/zach/plasma/average_atom/core/aa_types.py:129: RuntimeWarning: divide by zero encountered in log
  log_nb_data = np.where(self.core_atom.nb==0, np.log(1e-20), np.log(self.core_atom.nb) )
Check combination is neutral: 13 = 1.298e+01
	Creating Integral Equation Solver
/home/zach/plasma/average_atom/core/aa_types.py:144: RuntimeWarning: invalid value encountered in power
  self.Uei_iet   = self.iet.FT_k_2_r(self.Uei_iet_k**self.rs**-3)
	-------------------
	Solving IET.
0: Initial condition Total Error: 5.010e+02
Exiting status 0, reverting to best index so far: 4611
Final iter:4612, Total Error: 9.931e-13
	-------------------
	Solving IET.
0: Initial condition Total Error: 5.010e+02
Exiting status 0, reverting to best index so far: 4611
Final iter:4612, Total Error: 9.931e-13
Time to solve CS model: 2.006e+02 [s], time so far: 2.031e+02 [s]
CS model saved.
Changing Ion parameters
	-------------------
	Solving IET.
0: Initial condition Total Error: 4.999e+02
Exiting status 0, reverting to best index so far: 5002
Final iter:5003, Total Error: 9.943e-13
